<?xml version="1.0" encoding="UTF-8"?>
<!-- Generated by org.testng.reporters.JUnitXMLReporter -->
<testsuite hostname="C4LAP149" ignored="0" name="CF-Install-Orders8" tests="11" failures="0" timestamp="12 Oct 2017 04:19:40 GMT" time="410.722" errors="0">
  <testcase name="TC_08_verifylogin" time="4.566" classname="CF_Install_Orders.TC_08_Install_CF_with_2Gbits"/>
  <testcase name="TC_08_NewLeadCreation" time="44.283" classname="CF_Install_Orders.TC_08_Install_CF_with_2Gbits"/>
  <testcase name="TC_08_AddressValidation" time="5.205" classname="CF_Install_Orders.TC_08_Install_CF_with_2Gbits"/>
  <testcase name="TC_08_Opportunityconversion" time="20.52" classname="CF_Install_Orders.TC_08_Install_CF_with_2Gbits"/>
  <testcase name="TC_08_CF_ProductBasketAddition" time="34.054" classname="CF_Install_Orders.TC_08_Install_CF_with_2Gbits"/>
  <testcase name="TC_08_CF_ProductBasketConfiguration_with_2Gbits" time="29.727" classname="CF_Install_Orders.TC_08_Install_CF_with_2Gbits"/>
  <testcase name="TC_08_CF_Installation_Information_Configuration" time="15.482" classname="CF_Install_Orders.TC_08_Install_CF_with_2Gbits"/>
  <testcase name="TC_08_CF_Billing_Account_Assignment" time="8.751" classname="CF_Install_Orders.TC_08_Install_CF_with_2Gbits"/>
  <testcase name="TC_08_CF_Product_Basket_Upload" time="8.273" classname="CF_Install_Orders.TC_08_Install_CF_with_2Gbits"/>
  <testcase name="TC_08_CF_Validate_Order" time="35.63" classname="CF_Install_Orders.TC_08_Install_CF_with_2Gbits"/>
  <testcase name="TC_08_CF_SubOrders_Validation_And_Closure" time="163.296" classname="CF_Install_Orders.TC_08_Install_CF_with_2Gbits"/>
</testsuite> <!-- CF-Install-Orders8 -->
