<html>
<head>
<title>TestNG:  CF-Install-Orders3</title>
<link href="../testng.css" rel="stylesheet" type="text/css" />
<link href="../my-testng.css" rel="stylesheet" type="text/css" />

<style type="text/css">
.log { display: none;} 
.stack-trace { display: none;} 
</style>
<script type="text/javascript">
<!--
function flip(e) {
  current = e.style.display;
  if (current == 'block') {
    e.style.display = 'none';
    return 0;
  }
  else {
    e.style.display = 'block';
    return 1;
  }
}

function toggleBox(szDivId, elem, msg1, msg2)
{
  var res = -1;  if (document.getElementById) {
    res = flip(document.getElementById(szDivId));
  }
  else if (document.all) {
    // this is the way old msie versions work
    res = flip(document.all[szDivId]);
  }
  if(elem) {
    if(res == 0) elem.innerHTML = msg1; else elem.innerHTML = msg2;
  }

}

function toggleAllBoxes() {
  if (document.getElementsByTagName) {
    d = document.getElementsByTagName('div');
    for (i = 0; i < d.length; i++) {
      if (d[i].className == 'log') {
        flip(d[i]);
      }
    }
  }
}

// -->
</script>

</head>
<body>
<h2 align='center'>CF-Install-Orders3</h2><table border='1' align="center">
<tr>
<td>Tests passed/Failed/Skipped:</td><td>29/4/0</td>
</tr><tr>
<td>Started on:</td><td>Thu Oct 12 23:27:04 IST 2017</td>
</tr>
<tr><td>Total time:</td><td>954 seconds (954614 ms)</td>
</tr><tr>
<td>Included groups:</td><td></td>
</tr><tr>
<td>Excluded groups:</td><td></td>
</tr>
</table><p/>
<small><i>(Hover the method name to see the test class name)</i></small><p/>
<table width='100%' border='1' class='invocation-failed'>
<tr><td colspan='4' align='center'><b>FAILED TESTS</b></td></tr>
<tr><td><b>Test method</b></td>
<td width="30%"><b>Exception</b></td>
<td width="10%"><b>Time (seconds)</b></td>
<td><b>Instance</b></td>
</tr>
<tr>
<td title='CF_Install_Orders.TC_03_Install_CF_with_200Mbits.TC_03_CF_Installation_Information_Configuration()'><b>TC_03_CF_Installation_Information_Configuration</b><br>Test class: CF_Install_Orders.TC_03_Install_CF_with_200Mbits<br/>
<a href="#Output-1448090669" onClick='toggleBox("Output-1448090669", this, "Show output", "Hide output");'>Show output</a>

<a href="#Output-1448090669" onClick="toggleAllBoxes();">Show all outputs</a>
<div class='log' id="Output-1448090669">
Error occurs while configuring Installation information due to org.openqa.selenium.TimeoutException: Expected condition failed: waiting for visibility of [[ChromeDriver: chrome on XP (d7f28381d67cc7379a2590df0a309fe6)] -> xpath: .//*[@id='bodyCell']/div/div/div[3]/div[2]/div[1]/div/header/div[4]/span] (tried for 200 second(s) with 500 MILLISECONDS interval)
Build info: version: '3.0.1', revision: '1969d75', time: '2016-10-18 09:49:13 -0700'
System info: host: 'C4LAP149', ip: '192.168.1.4', os.name: 'Windows 7', os.arch: 'amd64', os.version: '6.1', java.version: '1.8.0_101'
Driver info: org.openqa.selenium.chrome.ChromeDriver
Capabilities [{applicationCacheEnabled=false, rotatable=false, mobileEmulationEnabled=false, networkConnectionEnabled=false, chrome={chromedriverVersion=2.28.455520 (cc17746adff54984afff480136733114c6b3704b), userDataDir=C:\Users\support\AppData\Local\Temp\scoped_dir14072_31245}, takesHeapSnapshot=true, pageLoadStrategy=normal, databaseEnabled=false, handlesAlerts=true, hasTouchScreen=false, version=61.0.3163.100, platform=XP, browserConnectionEnabled=false, nativeEvents=true, acceptSslCerts=true, locationContextEnabled=true, webStorageEnabled=true, browserName=chrome, takesScreenshot=true, javascriptEnabled=true, cssSelectorsEnabled=true, unexpectedAlertBehaviour=}]
Session ID: d7f28381d67cc7379a2590df0a309fe6<br/>
</div>
</td>
<td><div><pre>java.lang.AssertionError:  failed
	at CF_Install_Orders.TC_03_Install_CF_with_200Mbits.TC_03_CF_Installation_Information_Configuration(TC_03_Install_CF_with_200Mbits.java:183)
	at java.util.concurrent.ThreadPoolExecutor.runWorker(Unknown Source)
	at java.util.concurrent.ThreadPoolExecutor$Worker.run(Unknown Source)
	at java.lang.Thread.run(Unknown Source)
... Removed 11 stack frames</pre></div><a href='#' onClick='toggleBox("stack-trace1448090669", this, "Click to show all stack frames", "Click to hide stack frames")'>Click to show all stack frames</a>
<div class='stack-trace' id='stack-trace1448090669'><pre>java.lang.AssertionError:  failed
	at org.testng.Assert.fail(Assert.java:94)
	at CF_Install_Orders.TC_03_Install_CF_with_200Mbits.TC_03_CF_Installation_Information_Configuration(TC_03_Install_CF_with_200Mbits.java:183)
	at sun.reflect.NativeMethodAccessorImpl.invoke0(Native Method)
	at sun.reflect.NativeMethodAccessorImpl.invoke(Unknown Source)
	at sun.reflect.DelegatingMethodAccessorImpl.invoke(Unknown Source)
	at java.lang.reflect.Method.invoke(Unknown Source)
	at org.testng.internal.MethodInvocationHelper.invokeMethod(MethodInvocationHelper.java:104)
	at org.testng.internal.Invoker.invokeMethod(Invoker.java:645)
	at org.testng.internal.Invoker.invokeTestMethod(Invoker.java:851)
	at org.testng.internal.Invoker.invokeTestMethods(Invoker.java:1177)
	at org.testng.internal.TestMethodWorker.invokeTestMethods(TestMethodWorker.java:129)
	at org.testng.internal.TestMethodWorker.run(TestMethodWorker.java:112)
	at java.util.concurrent.ThreadPoolExecutor.runWorker(Unknown Source)
	at java.util.concurrent.ThreadPoolExecutor$Worker.run(Unknown Source)
	at java.lang.Thread.run(Unknown Source)
</pre></div></td>
<td>203</td>
<td>CF_Install_Orders.TC_03_Install_CF_with_200Mbits@52aa2946</td></tr>
<tr>
<td title='CF_Install_Orders.TC_03_Install_CF_with_200Mbits.TC_03_CF_SubOrders_Validation_And_Closure()'><b>TC_03_CF_SubOrders_Validation_And_Closure</b><br>Test class: CF_Install_Orders.TC_03_Install_CF_with_200Mbits<br/>
<a href="#Output-499282284" onClick='toggleBox("Output-499282284", this, "Show output", "Hide output");'>Show output</a>

<a href="#Output-499282284" onClick="toggleAllBoxes();">Show all outputs</a>
<div class='log' id="Output-499282284">
Error occurs while Validating Sub-orders due to org.openqa.selenium.TimeoutException: Expected condition failed: waiting for visibility of Proxy element for: DefaultElementLocator 'By.xpath: .//*[@id='opp11_ileinner']' (tried for 200 second(s) with 500 MILLISECONDS interval)
Build info: version: '3.0.1', revision: '1969d75', time: '2016-10-18 09:49:13 -0700'
System info: host: 'C4LAP149', ip: '192.168.1.4', os.name: 'Windows 7', os.arch: 'amd64', os.version: '6.1', java.version: '1.8.0_101'
Driver info: org.openqa.selenium.chrome.ChromeDriver
Capabilities [{applicationCacheEnabled=false, rotatable=false, mobileEmulationEnabled=false, networkConnectionEnabled=false, chrome={chromedriverVersion=2.28.455520 (cc17746adff54984afff480136733114c6b3704b), userDataDir=C:\Users\support\AppData\Local\Temp\scoped_dir14072_31245}, takesHeapSnapshot=true, pageLoadStrategy=normal, databaseEnabled=false, handlesAlerts=true, hasTouchScreen=false, version=61.0.3163.100, platform=XP, browserConnectionEnabled=false, nativeEvents=true, acceptSslCerts=true, locationContextEnabled=true, webStorageEnabled=true, browserName=chrome, takesScreenshot=true, javascriptEnabled=true, cssSelectorsEnabled=true, unexpectedAlertBehaviour=}]
Session ID: d7f28381d67cc7379a2590df0a309fe6<br/>
</div>
</td>
<td><div><pre>java.lang.AssertionError:  failed
	at CF_Install_Orders.TC_03_Install_CF_with_200Mbits.TC_03_CF_SubOrders_Validation_And_Closure(TC_03_Install_CF_with_200Mbits.java:244)
	at java.util.concurrent.ThreadPoolExecutor.runWorker(Unknown Source)
	at java.util.concurrent.ThreadPoolExecutor$Worker.run(Unknown Source)
	at java.lang.Thread.run(Unknown Source)
... Removed 11 stack frames</pre></div><a href='#' onClick='toggleBox("stack-trace499282284", this, "Click to show all stack frames", "Click to hide stack frames")'>Click to show all stack frames</a>
<div class='stack-trace' id='stack-trace499282284'><pre>java.lang.AssertionError:  failed
	at org.testng.Assert.fail(Assert.java:94)
	at CF_Install_Orders.TC_03_Install_CF_with_200Mbits.TC_03_CF_SubOrders_Validation_And_Closure(TC_03_Install_CF_with_200Mbits.java:244)
	at sun.reflect.NativeMethodAccessorImpl.invoke0(Native Method)
	at sun.reflect.NativeMethodAccessorImpl.invoke(Unknown Source)
	at sun.reflect.DelegatingMethodAccessorImpl.invoke(Unknown Source)
	at java.lang.reflect.Method.invoke(Unknown Source)
	at org.testng.internal.MethodInvocationHelper.invokeMethod(MethodInvocationHelper.java:104)
	at org.testng.internal.Invoker.invokeMethod(Invoker.java:645)
	at org.testng.internal.Invoker.invokeTestMethod(Invoker.java:851)
	at org.testng.internal.Invoker.invokeTestMethods(Invoker.java:1177)
	at org.testng.internal.TestMethodWorker.invokeTestMethods(TestMethodWorker.java:129)
	at org.testng.internal.TestMethodWorker.run(TestMethodWorker.java:112)
	at java.util.concurrent.ThreadPoolExecutor.runWorker(Unknown Source)
	at java.util.concurrent.ThreadPoolExecutor$Worker.run(Unknown Source)
	at java.lang.Thread.run(Unknown Source)
</pre></div></td>
<td>200</td>
<td>CF_Install_Orders.TC_03_Install_CF_with_200Mbits@52aa2946</td></tr>
<tr>
<td title='CF_Install_Orders.TC_16_Install_CF_with_9Gbits.TC_16_CF_Installation_Information_Configuration()'><b>TC_16_CF_Installation_Information_Configuration</b><br>Test class: CF_Install_Orders.TC_16_Install_CF_with_9Gbits<br/>
<a href="#Output-504303106" onClick='toggleBox("Output-504303106", this, "Show output", "Hide output");'>Show output</a>

<a href="#Output-504303106" onClick="toggleAllBoxes();">Show all outputs</a>
<div class='log' id="Output-504303106">
Error occurs while configuring Installation information due to org.openqa.selenium.TimeoutException: Expected condition failed: waiting for visibility of [[ChromeDriver: chrome on XP (c361feab843eab92fcb22edacd85ee4b)] -> xpath: .//*[@id='bodyCell']/div/div/div[3]/div[2]/div[1]/div/header/div[4]/span] (tried for 200 second(s) with 500 MILLISECONDS interval)
Build info: version: '3.0.1', revision: '1969d75', time: '2016-10-18 09:49:13 -0700'
System info: host: 'C4LAP149', ip: '192.168.1.4', os.name: 'Windows 7', os.arch: 'amd64', os.version: '6.1', java.version: '1.8.0_101'
Driver info: org.openqa.selenium.chrome.ChromeDriver
Capabilities [{applicationCacheEnabled=false, rotatable=false, mobileEmulationEnabled=false, networkConnectionEnabled=false, chrome={chromedriverVersion=2.28.455520 (cc17746adff54984afff480136733114c6b3704b), userDataDir=C:\Users\support\AppData\Local\Temp\scoped_dir8868_30094}, takesHeapSnapshot=true, pageLoadStrategy=normal, databaseEnabled=false, handlesAlerts=true, hasTouchScreen=false, version=61.0.3163.100, platform=XP, browserConnectionEnabled=false, nativeEvents=true, acceptSslCerts=true, locationContextEnabled=true, webStorageEnabled=true, browserName=chrome, takesScreenshot=true, javascriptEnabled=true, cssSelectorsEnabled=true, unexpectedAlertBehaviour=}]
Session ID: c361feab843eab92fcb22edacd85ee4b<br/>
</div>
</td>
<td><div><pre>java.lang.AssertionError:  failed
	at CF_Install_Orders.TC_16_Install_CF_with_9Gbits.TC_16_CF_Installation_Information_Configuration(TC_16_Install_CF_with_9Gbits.java:183)
	at java.util.concurrent.ThreadPoolExecutor.runWorker(Unknown Source)
	at java.util.concurrent.ThreadPoolExecutor$Worker.run(Unknown Source)
	at java.lang.Thread.run(Unknown Source)
... Removed 11 stack frames</pre></div><a href='#' onClick='toggleBox("stack-trace504303106", this, "Click to show all stack frames", "Click to hide stack frames")'>Click to show all stack frames</a>
<div class='stack-trace' id='stack-trace504303106'><pre>java.lang.AssertionError:  failed
	at org.testng.Assert.fail(Assert.java:94)
	at CF_Install_Orders.TC_16_Install_CF_with_9Gbits.TC_16_CF_Installation_Information_Configuration(TC_16_Install_CF_with_9Gbits.java:183)
	at sun.reflect.NativeMethodAccessorImpl.invoke0(Native Method)
	at sun.reflect.NativeMethodAccessorImpl.invoke(Unknown Source)
	at sun.reflect.DelegatingMethodAccessorImpl.invoke(Unknown Source)
	at java.lang.reflect.Method.invoke(Unknown Source)
	at org.testng.internal.MethodInvocationHelper.invokeMethod(MethodInvocationHelper.java:104)
	at org.testng.internal.Invoker.invokeMethod(Invoker.java:645)
	at org.testng.internal.Invoker.invokeTestMethod(Invoker.java:851)
	at org.testng.internal.Invoker.invokeTestMethods(Invoker.java:1177)
	at org.testng.internal.TestMethodWorker.invokeTestMethods(TestMethodWorker.java:129)
	at org.testng.internal.TestMethodWorker.run(TestMethodWorker.java:112)
	at java.util.concurrent.ThreadPoolExecutor.runWorker(Unknown Source)
	at java.util.concurrent.ThreadPoolExecutor$Worker.run(Unknown Source)
	at java.lang.Thread.run(Unknown Source)
</pre></div></td>
<td>203</td>
<td>CF_Install_Orders.TC_16_Install_CF_with_9Gbits@4de5031f</td></tr>
<tr>
<td title='CF_Install_Orders.TC_16_Install_CF_with_9Gbits.TC_16_CF_SubOrders_Validation_And_Closure()'><b>TC_16_CF_SubOrders_Validation_And_Closure</b><br>Test class: CF_Install_Orders.TC_16_Install_CF_with_9Gbits<br/>
<a href="#Output-1204982015" onClick='toggleBox("Output-1204982015", this, "Show output", "Hide output");'>Show output</a>

<a href="#Output-1204982015" onClick="toggleAllBoxes();">Show all outputs</a>
<div class='log' id="Output-1204982015">
Error occurs while Validating Sub-orders due to org.openqa.selenium.TimeoutException: Expected condition failed: waiting for visibility of Proxy element for: DefaultElementLocator 'By.xpath: .//*[@id='opp11_ileinner']' (tried for 200 second(s) with 500 MILLISECONDS interval)
Build info: version: '3.0.1', revision: '1969d75', time: '2016-10-18 09:49:13 -0700'
System info: host: 'C4LAP149', ip: '192.168.1.4', os.name: 'Windows 7', os.arch: 'amd64', os.version: '6.1', java.version: '1.8.0_101'
Driver info: org.openqa.selenium.chrome.ChromeDriver
Capabilities [{applicationCacheEnabled=false, rotatable=false, mobileEmulationEnabled=false, networkConnectionEnabled=false, chrome={chromedriverVersion=2.28.455520 (cc17746adff54984afff480136733114c6b3704b), userDataDir=C:\Users\support\AppData\Local\Temp\scoped_dir8868_30094}, takesHeapSnapshot=true, pageLoadStrategy=normal, databaseEnabled=false, handlesAlerts=true, hasTouchScreen=false, version=61.0.3163.100, platform=XP, browserConnectionEnabled=false, nativeEvents=true, acceptSslCerts=true, locationContextEnabled=true, webStorageEnabled=true, browserName=chrome, takesScreenshot=true, javascriptEnabled=true, cssSelectorsEnabled=true, unexpectedAlertBehaviour=}]
Session ID: c361feab843eab92fcb22edacd85ee4b<br/>
</div>
</td>
<td><div><pre>java.lang.AssertionError:  failed
	at CF_Install_Orders.TC_16_Install_CF_with_9Gbits.TC_16_CF_SubOrders_Validation_And_Closure(TC_16_Install_CF_with_9Gbits.java:244)
	at java.util.concurrent.ThreadPoolExecutor.runWorker(Unknown Source)
	at java.util.concurrent.ThreadPoolExecutor$Worker.run(Unknown Source)
	at java.lang.Thread.run(Unknown Source)
... Removed 11 stack frames</pre></div><a href='#' onClick='toggleBox("stack-trace1204982015", this, "Click to show all stack frames", "Click to hide stack frames")'>Click to show all stack frames</a>
<div class='stack-trace' id='stack-trace1204982015'><pre>java.lang.AssertionError:  failed
	at org.testng.Assert.fail(Assert.java:94)
	at CF_Install_Orders.TC_16_Install_CF_with_9Gbits.TC_16_CF_SubOrders_Validation_And_Closure(TC_16_Install_CF_with_9Gbits.java:244)
	at sun.reflect.NativeMethodAccessorImpl.invoke0(Native Method)
	at sun.reflect.NativeMethodAccessorImpl.invoke(Unknown Source)
	at sun.reflect.DelegatingMethodAccessorImpl.invoke(Unknown Source)
	at java.lang.reflect.Method.invoke(Unknown Source)
	at org.testng.internal.MethodInvocationHelper.invokeMethod(MethodInvocationHelper.java:104)
	at org.testng.internal.Invoker.invokeMethod(Invoker.java:645)
	at org.testng.internal.Invoker.invokeTestMethod(Invoker.java:851)
	at org.testng.internal.Invoker.invokeTestMethods(Invoker.java:1177)
	at org.testng.internal.TestMethodWorker.invokeTestMethods(TestMethodWorker.java:129)
	at org.testng.internal.TestMethodWorker.run(TestMethodWorker.java:112)
	at java.util.concurrent.ThreadPoolExecutor.runWorker(Unknown Source)
	at java.util.concurrent.ThreadPoolExecutor$Worker.run(Unknown Source)
	at java.lang.Thread.run(Unknown Source)
</pre></div></td>
<td>200</td>
<td>CF_Install_Orders.TC_16_Install_CF_with_9Gbits@4de5031f</td></tr>
</table><p>
<table width='100%' border='1' class='invocation-passed'>
<tr><td colspan='4' align='center'><b>PASSED TESTS</b></td></tr>
<tr><td><b>Test method</b></td>
<td width="30%"><b>Exception</b></td>
<td width="10%"><b>Time (seconds)</b></td>
<td><b>Instance</b></td>
</tr>
<tr>
<td title='CF_Install_Orders.TC_02_Install_CF_with_100Mbits.TC_02_AddressValidation()'><b>TC_02_AddressValidation</b><br>Test class: CF_Install_Orders.TC_02_Install_CF_with_100Mbits<br/>
<a href="#Output-1680167279" onClick='toggleBox("Output-1680167279", this, "Show output", "Hide output");'>Show output</a>

<a href="#Output-1680167279" onClick="toggleAllBoxes();">Show all outputs</a>
<div class='log' id="Output-1680167279">
Validate Address clicked<br/>
FindAddress clicked<br/>
Address selected<br/>
Adress or sevice availablity issue---Please check the address<br/>
Address Validated<br/>
</div>
</td>
<td></td>
<td>9</td>
<td>CF_Install_Orders.TC_02_Install_CF_with_100Mbits@75f9eccc</td></tr>
<tr>
<td title='CF_Install_Orders.TC_02_Install_CF_with_100Mbits.TC_02_CF_Billing_Account_Assignment()'><b>TC_02_CF_Billing_Account_Assignment</b><br>Test class: CF_Install_Orders.TC_02_Install_CF_with_100Mbits<br/>
<a href="#Output-1599143487" onClick='toggleBox("Output-1599143487", this, "Show output", "Hide output");'>Show output</a>

<a href="#Output-1599143487" onClick="toggleAllBoxes();">Show all outputs</a>
<div class='log' id="Output-1599143487">
Assign Billing Account button clicked<br/>
Account selected successfully<br/>
All account successfully checked in to set billing account<br/>
Account to be set successfully<br/>
Billing Account Successfully saved<br/>
========Billing Account Assignment was successfully configured============<br/>
</div>
</td>
<td></td>
<td>8</td>
<td>CF_Install_Orders.TC_02_Install_CF_with_100Mbits@75f9eccc</td></tr>
<tr>
<td title='CF_Install_Orders.TC_02_Install_CF_with_100Mbits.TC_02_CF_Installation_Information_Configuration()'><b>TC_02_CF_Installation_Information_Configuration</b><br>Test class: CF_Install_Orders.TC_02_Install_CF_with_100Mbits<br/>
<a href="#Output-72245990" onClick='toggleBox("Output-72245990", this, "Show output", "Hide output");'>Show output</a>

<a href="#Output-72245990" onClick="toggleAllBoxes();">Show all outputs</a>
<div class='log' id="Output-72245990">
Installation infomatio icon clicked<br/>
Technincal contact lookup selected<br/>
 new window switched<br/>
resultsFrame switched<br/>
Technincal contact selected successfully<br/>
parent window switched successfully<br/>
Technical contact selected successfully<br/>
Set button clicked successfully<br/>
Wish data selected<br/>
Save button clicked<br/>
========Installation Information successfully configured============<br/>
</div>
</td>
<td></td>
<td>14</td>
<td>CF_Install_Orders.TC_02_Install_CF_with_100Mbits@75f9eccc</td></tr>
<tr>
<td title='CF_Install_Orders.TC_02_Install_CF_with_100Mbits.TC_02_CF_ProductBasketAddition()'><b>TC_02_CF_ProductBasketAddition</b><br>Test class: CF_Install_Orders.TC_02_Install_CF_with_100Mbits<br/>
<a href="#Output-1265819073" onClick='toggleBox("Output-1265819073", this, "Show output", "Hide output");'>Show output</a>

<a href="#Output-1265819073" onClick="toggleAllBoxes();">Show all outputs</a>
<div class='log' id="Output-1265819073">
New product basket button clicked in opportunity page<br/>
Addproduct button clicked in product configuration page<br/>
CF product selected<br/>
Address bar clicked<br/>
Customer Address search button clicked successfully<br/>
Customer Address successfully selected<br/>
Successfully added product to the basket and also confirmed<br/>
Product successfully added to cart<br/>
</div>
</td>
<td></td>
<td>33</td>
<td>CF_Install_Orders.TC_02_Install_CF_with_100Mbits@75f9eccc</td></tr>
<tr>
<td title='CF_Install_Orders.TC_02_Install_CF_with_100Mbits.TC_02_CF_ProductBasketConfiguration_with_100Mbits()'><b>TC_02_CF_ProductBasketConfiguration_with_100Mbits</b><br>Test class: CF_Install_Orders.TC_02_Install_CF_with_100Mbits<br/>
<a href="#Output-957680244" onClick='toggleBox("Output-957680244", this, "Show output", "Hide output");'>Show output</a>

<a href="#Output-957680244" onClick="toggleAllBoxes();">Show all outputs</a>
<div class='log' id="Output-957680244">
Edit basket button clicked<br/>
Iframe switched<br/>
Company fiber Product selected<br/>
Product description as [[ChromeDriver: chrome on XP (e67b73d8446b0749503c16644134127e)] -> xpath: .//*[@id='Allgemeine_Informationen:Product_Description_0'][contains(text(), 'Company Fiber')]] value loaded<br/>
Monthly charges value as 200 entered<br/>
Upfront fee chargees value as 100 entered<br/>
upload speed value as 100Mbit/s selected<br/>
Hardware selection element clicked<br/>
Hardware to be successfully selected<br/>
parent window switched<br/>
CF Product successfully configured<br/>
</div>
</td>
<td></td>
<td>28</td>
<td>CF_Install_Orders.TC_02_Install_CF_with_100Mbits@75f9eccc</td></tr>
<tr>
<td title='CF_Install_Orders.TC_02_Install_CF_with_100Mbits.TC_02_CF_Product_Basket_Upload()'><b>TC_02_CF_Product_Basket_Upload</b><br>Test class: CF_Install_Orders.TC_02_Install_CF_with_100Mbits<br/>
<a href="#Output-1882311761" onClick='toggleBox("Output-1882311761", this, "Show output", "Hide output");'>Show output</a>

<a href="#Output-1882311761" onClick="toggleAllBoxes();">Show all outputs</a>
<div class='log' id="Output-1882311761">
Product Basket Successfully uploaded<br/>
========Billing Account Assignment was successfully configured============<br/>
</div>
</td>
<td></td>
<td>8</td>
<td>CF_Install_Orders.TC_02_Install_CF_with_100Mbits@75f9eccc</td></tr>
<tr>
<td title='CF_Install_Orders.TC_02_Install_CF_with_100Mbits.TC_02_CF_SubOrders_Validation_And_Closure()'><b>TC_02_CF_SubOrders_Validation_And_Closure</b><br>Test class: CF_Install_Orders.TC_02_Install_CF_with_100Mbits<br/>
<a href="#Output-1456090402" onClick='toggleBox("Output-1456090402", this, "Show output", "Hide output");'>Show output</a>

<a href="#Output-1456090402" onClick="toggleAllBoxes();">Show all outputs</a>
<div class='log' id="Output-1456090402">
stage value is Ready for Order<br/>
Order stage is validated <br/>
Sub order page opened<br/>
Suborder link clicded<br/>
Orchestration process link opened in new tab<br/>
control switched to new tab<br/>
processvisualizer button clicked<br/>
Control again switched to main tab<br/>
SubOrder page refreshed to check whether case created or not<br/>
CASE STATUS:---> New<br/>
CASE ID:---> 00004758<br/>
Test data:-->https://cs82.salesforce.com/a173E000000QwHw<br/>
========SUB-Order validation was successfully performed============<br/>
</div>
</td>
<td></td>
<td>163</td>
<td>CF_Install_Orders.TC_02_Install_CF_with_100Mbits@75f9eccc</td></tr>
<tr>
<td title='CF_Install_Orders.TC_02_Install_CF_with_100Mbits.TC_02_CF_Validate_Order()'><b>TC_02_CF_Validate_Order</b><br>Test class: CF_Install_Orders.TC_02_Install_CF_with_100Mbits<br/>
<a href="#Output-893980475" onClick='toggleBox("Output-893980475", this, "Show output", "Hide output");'>Show output</a>

<a href="#Output-893980475" onClick="toggleAllBoxes();">Show all outputs</a>
<div class='log' id="Output-893980475">
Validate Order button clicekd<br/>
Browse file button clicked<br/>
Contract file browsed and added successfully<br/>
Signed contract upload file button clicked<br/>
Signed contract chekbox clicked<br/>
Order submitted successfully<br/>
========Order validation was successfully performed============<br/>
</div>
</td>
<td></td>
<td>36</td>
<td>CF_Install_Orders.TC_02_Install_CF_with_100Mbits@75f9eccc</td></tr>
<tr>
<td title='CF_Install_Orders.TC_02_Install_CF_with_100Mbits.TC_02_NewLeadCreation()'><b>TC_02_NewLeadCreation</b><br>Test class: CF_Install_Orders.TC_02_Install_CF_with_100Mbits<br>Parameters: natrajpencil, Mr., nat, rap, AG, abc@din.com, C VERARBEITENDES GEWERBE, Getrankeherstellung, SME, Baden-Württemberg (BAW), KREUZSTR, 26, FRANKFURT, 60435, HSN<br/>
<a href="#Output-963118308" onClick='toggleBox("Output-963118308", this, "Show output", "Hide output");'>Show output</a>

<a href="#Output-963118308" onClick="toggleAllBoxes();">Show all outputs</a>
<div class='log' id="Output-963118308">
Leads tab clicked<br/>
New lead button clicked<br/>
Account name passed<br/>
Salutation selected<br/>
Firstname passed<br/>
last name passed<br/>
Legal Entity type selected<br/>
Email value passed<br/>
phone value passed<br/>
NationalID value Passed<br/>
Industry classification asC VERARBEITENDES GEWERBEselected<br/>
Detailed Industry as Getrankeherstellung selected><br/>
segment as SME selected<br/>
constructional Organization as Baden-Württemberg (BAW) selected<br/>
visit street as KREUZSTR selected<br/>
visit house number as 26 selected<br/>
visit city as FRANKFURT selected<br/>
postal code as 60435   selected><br/>
visit state/provience as HSN   selected<br/>
<-----------Lead was successfully created------><br/>
</div>
</td>
<td></td>
<td>34</td>
<td>CF_Install_Orders.TC_02_Install_CF_with_100Mbits@75f9eccc</td></tr>
<tr>
<td title='CF_Install_Orders.TC_02_Install_CF_with_100Mbits.TC_02_Opportunityconversion()'><b>TC_02_Opportunityconversion</b><br>Test class: CF_Install_Orders.TC_02_Install_CF_with_100Mbits<br/>
<a href="#Output-713818496" onClick='toggleBox("Output-713818496", this, "Show output", "Hide output");'>Show output</a>

<a href="#Output-713818496" onClick="toggleAllBoxes();">Show all outputs</a>
<div class='log' id="Output-713818496">
clicked convert button in leads page<br/>
clicked convert button in convert lead page<br/>
clicked on opportunity created in accounts page<br/>
Opportunity converted<br/>
</div>
</td>
<td></td>
<td>19</td>
<td>CF_Install_Orders.TC_02_Install_CF_with_100Mbits@75f9eccc</td></tr>
<tr>
<td title='CF_Install_Orders.TC_02_Install_CF_with_100Mbits.TC_02_verifylogin()'><b>TC_02_verifylogin</b><br>Test class: CF_Install_Orders.TC_02_Install_CF_with_100Mbits<br>Parameters: thennuannamalai.s_um_jit@prodapt.com, Prodapt4#, null<br/>
<a href="#Output-2002611755" onClick='toggleBox("Output-2002611755", this, "Show output", "Hide output");'>Show output</a>

<a href="#Output-2002611755" onClick="toggleAllBoxes();">Show all outputs</a>
<div class='log' id="Output-2002611755">
entered email address:-thennuannamalai.s_um_jit@prodapt.com and object is [[ChromeDriver: chrome on XP (e67b73d8446b0749503c16644134127e)] -> id: username]<br/>
entered password:-Prodapt4# and object is [[ChromeDriver: chrome on XP (e67b73d8446b0749503c16644134127e)] -> id: password]<br/>
clicked on sublit butto and object is:-Proxy element for: DefaultElementLocator 'By.id: Login'<br/>
<a href='D:\Ibrahim-surat\B2B_OM_Automation_10-10-2017\B2B_OM_Automation\src\main\java\com\test\automation\OM_Automation\screenshot\verifyLoginRecords_12_10_2017_11_27_19.png'> <img src='D:\Ibrahim-surat\B2B_OM_Automation_10-10-2017\B2B_OM_Automation\src\main\java\com\test\automation\OM_Automation\screenshot\verifyLoginRecords_12_10_2017_11_27_19.png' height='100' width='100'/> </a><br/>
</div>
</td>
<td></td>
<td>3</td>
<td>CF_Install_Orders.TC_02_Install_CF_with_100Mbits@75f9eccc</td></tr>
<tr>
<td title='CF_Install_Orders.TC_03_Install_CF_with_200Mbits.TC_03_AddressValidation()'><b>TC_03_AddressValidation</b><br>Test class: CF_Install_Orders.TC_03_Install_CF_with_200Mbits<br/>
<a href="#Output-800208714" onClick='toggleBox("Output-800208714", this, "Show output", "Hide output");'>Show output</a>

<a href="#Output-800208714" onClick="toggleAllBoxes();">Show all outputs</a>
<div class='log' id="Output-800208714">
Validate Address clicked<br/>
FindAddress clicked<br/>
Address selected<br/>
Adress or sevice availablity issue---Please check the address<br/>
Address Validated<br/>
</div>
</td>
<td></td>
<td>5</td>
<td>CF_Install_Orders.TC_03_Install_CF_with_200Mbits@52aa2946</td></tr>
<tr>
<td title='CF_Install_Orders.TC_03_Install_CF_with_200Mbits.TC_03_CF_Billing_Account_Assignment()'><b>TC_03_CF_Billing_Account_Assignment</b><br>Test class: CF_Install_Orders.TC_03_Install_CF_with_200Mbits<br/>
<a href="#Output-213403571" onClick='toggleBox("Output-213403571", this, "Show output", "Hide output");'>Show output</a>

<a href="#Output-213403571" onClick="toggleAllBoxes();">Show all outputs</a>
<div class='log' id="Output-213403571">
Billing account creation failed due to org.openqa.selenium.TimeoutException: Expected condition failed: waiting for element to be clickable: [[ChromeDriver: chrome on XP (d7f28381d67cc7379a2590df0a309fe6)] -> xpath: //button[@class='ng-binding ng-isolate-scope icon IconAssignBillingAccount']] (tried for 200 second(s) with 500 MILLISECONDS interval)
Build info: version: '3.0.1', revision: '1969d75', time: '2016-10-18 09:49:13 -0700'
System info: host: 'C4LAP149', ip: '192.168.1.4', os.name: 'Windows 7', os.arch: 'amd64', os.version: '6.1', java.version: '1.8.0_101'
Driver info: org.openqa.selenium.chrome.ChromeDriver
Capabilities [{applicationCacheEnabled=false, rotatable=false, mobileEmulationEnabled=false, networkConnectionEnabled=false, chrome={chromedriverVersion=2.28.455520 (cc17746adff54984afff480136733114c6b3704b), userDataDir=C:\Users\support\AppData\Local\Temp\scoped_dir14072_31245}, takesHeapSnapshot=true, pageLoadStrategy=normal, databaseEnabled=false, handlesAlerts=true, hasTouchScreen=false, version=61.0.3163.100, platform=XP, browserConnectionEnabled=false, nativeEvents=true, acceptSslCerts=true, locationContextEnabled=true, webStorageEnabled=true, browserName=chrome, takesScreenshot=true, javascriptEnabled=true, cssSelectorsEnabled=true, unexpectedAlertBehaviour=}]
Session ID: d7f28381d67cc7379a2590df0a309fe6<br/>
========Billing Account Assignment was successfully configured============<br/>
</div>
</td>
<td></td>
<td>200</td>
<td>CF_Install_Orders.TC_03_Install_CF_with_200Mbits@52aa2946</td></tr>
<tr>
<td title='CF_Install_Orders.TC_03_Install_CF_with_200Mbits.TC_03_CF_ProductBasketAddition()'><b>TC_03_CF_ProductBasketAddition</b><br>Test class: CF_Install_Orders.TC_03_Install_CF_with_200Mbits<br/>
<a href="#Output-468700904" onClick='toggleBox("Output-468700904", this, "Show output", "Hide output");'>Show output</a>

<a href="#Output-468700904" onClick="toggleAllBoxes();">Show all outputs</a>
<div class='log' id="Output-468700904">
New product basket button clicked in opportunity page<br/>
Addproduct button clicked in product configuration page<br/>
CF product selected<br/>
Address bar clicked<br/>
Customer Address search button clicked successfully<br/>
Customer Address successfully selected<br/>
Successfully added product to the basket and also confirmed<br/>
Product successfully added to cart<br/>
</div>
</td>
<td></td>
<td>33</td>
<td>CF_Install_Orders.TC_03_Install_CF_with_200Mbits@52aa2946</td></tr>
<tr>
<td title='CF_Install_Orders.TC_03_Install_CF_with_200Mbits.TC_03_CF_ProductBasketConfiguration_with_200Mbits()'><b>TC_03_CF_ProductBasketConfiguration_with_200Mbits</b><br>Test class: CF_Install_Orders.TC_03_Install_CF_with_200Mbits<br/>
<a href="#Output-383954322" onClick='toggleBox("Output-383954322", this, "Show output", "Hide output");'>Show output</a>

<a href="#Output-383954322" onClick="toggleAllBoxes();">Show all outputs</a>
<div class='log' id="Output-383954322">
Edit basket button clicked<br/>
Iframe switched<br/>
Company fiber Product selected<br/>
Product description as [[ChromeDriver: chrome on XP (d7f28381d67cc7379a2590df0a309fe6)] -> xpath: .//*[@id='Allgemeine_Informationen:Product_Description_0'][contains(text(), 'Company Fiber')]] value loaded<br/>
Monthly charges value as 200 entered<br/>
Upfront fee chargees value as 100 entered<br/>
upload speed value as 200Mbit/s selected<br/>
Hardware selection element clicked<br/>
Hardware to be successfully selected<br/>
parent window switched<br/>
CF Product successfully configured<br/>
</div>
</td>
<td></td>
<td>30</td>
<td>CF_Install_Orders.TC_03_Install_CF_with_200Mbits@52aa2946</td></tr>
<tr>
<td title='CF_Install_Orders.TC_03_Install_CF_with_200Mbits.TC_03_CF_Product_Basket_Upload()'><b>TC_03_CF_Product_Basket_Upload</b><br>Test class: CF_Install_Orders.TC_03_Install_CF_with_200Mbits<br/>
<a href="#Output-1006247723" onClick='toggleBox("Output-1006247723", this, "Show output", "Hide output");'>Show output</a>

<a href="#Output-1006247723" onClick="toggleAllBoxes();">Show all outputs</a>
<div class='log' id="Output-1006247723">
Product basket upload faile due to org.openqa.selenium.TimeoutException: Expected condition failed: waiting for element to be clickable: [[ChromeDriver: chrome on XP (d7f28381d67cc7379a2590df0a309fe6)] -> xpath: .//*[@id='bodyCell']/div/div/div[3]/div[2]/div[1]/div/header/div[2]/span] (tried for 200 second(s) with 500 MILLISECONDS interval)
Build info: version: '3.0.1', revision: '1969d75', time: '2016-10-18 09:49:13 -0700'
System info: host: 'C4LAP149', ip: '192.168.1.4', os.name: 'Windows 7', os.arch: 'amd64', os.version: '6.1', java.version: '1.8.0_101'
Driver info: org.openqa.selenium.chrome.ChromeDriver
Capabilities [{applicationCacheEnabled=false, rotatable=false, mobileEmulationEnabled=false, networkConnectionEnabled=false, chrome={chromedriverVersion=2.28.455520 (cc17746adff54984afff480136733114c6b3704b), userDataDir=C:\Users\support\AppData\Local\Temp\scoped_dir14072_31245}, takesHeapSnapshot=true, pageLoadStrategy=normal, databaseEnabled=false, handlesAlerts=true, hasTouchScreen=false, version=61.0.3163.100, platform=XP, browserConnectionEnabled=false, nativeEvents=true, acceptSslCerts=true, locationContextEnabled=true, webStorageEnabled=true, browserName=chrome, takesScreenshot=true, javascriptEnabled=true, cssSelectorsEnabled=true, unexpectedAlertBehaviour=}]
Session ID: d7f28381d67cc7379a2590df0a309fe6<br/>
========Billing Account Assignment was successfully configured============<br/>
</div>
</td>
<td></td>
<td>200</td>
<td>CF_Install_Orders.TC_03_Install_CF_with_200Mbits@52aa2946</td></tr>
<tr>
<td title='CF_Install_Orders.TC_03_Install_CF_with_200Mbits.TC_03_CF_Validate_Order()'><b>TC_03_CF_Validate_Order</b><br>Test class: CF_Install_Orders.TC_03_Install_CF_with_200Mbits<br/>
<a href="#Output-1130402009" onClick='toggleBox("Output-1130402009", this, "Show output", "Hide output");'>Show output</a>

<a href="#Output-1130402009" onClick="toggleAllBoxes();">Show all outputs</a>
<div class='log' id="Output-1130402009">
order validation failed due to org.openqa.selenium.TimeoutException: Expected condition failed: waiting for visibility of Proxy element for: DefaultElementLocator 'By.xpath: //div[@class='pbHeader']//input[@value='Validate Order']' (tried for 200 second(s) with 500 MILLISECONDS interval)
Build info: version: '3.0.1', revision: '1969d75', time: '2016-10-18 09:49:13 -0700'
System info: host: 'C4LAP149', ip: '192.168.1.4', os.name: 'Windows 7', os.arch: 'amd64', os.version: '6.1', java.version: '1.8.0_101'
Driver info: org.openqa.selenium.chrome.ChromeDriver
Capabilities [{applicationCacheEnabled=false, rotatable=false, mobileEmulationEnabled=false, networkConnectionEnabled=false, chrome={chromedriverVersion=2.28.455520 (cc17746adff54984afff480136733114c6b3704b), userDataDir=C:\Users\support\AppData\Local\Temp\scoped_dir14072_31245}, takesHeapSnapshot=true, pageLoadStrategy=normal, databaseEnabled=false, handlesAlerts=true, hasTouchScreen=false, version=61.0.3163.100, platform=XP, browserConnectionEnabled=false, nativeEvents=true, acceptSslCerts=true, locationContextEnabled=true, webStorageEnabled=true, browserName=chrome, takesScreenshot=true, javascriptEnabled=true, cssSelectorsEnabled=true, unexpectedAlertBehaviour=}]
Session ID: d7f28381d67cc7379a2590df0a309fe6<br/>
========Order validation was successfully performed============<br/>
</div>
</td>
<td></td>
<td>200</td>
<td>CF_Install_Orders.TC_03_Install_CF_with_200Mbits@52aa2946</td></tr>
<tr>
<td title='CF_Install_Orders.TC_03_Install_CF_with_200Mbits.TC_03_NewLeadCreation()'><b>TC_03_NewLeadCreation</b><br>Test class: CF_Install_Orders.TC_03_Install_CF_with_200Mbits<br>Parameters: natrajpencil, Mr., nat, rap, AG, abc@din.com, C VERARBEITENDES GEWERBE, Getrankeherstellung, SME, Baden-Württemberg (BAW), KREUZSTR, 26, FRANKFURT, 60435, HSN<br/>
<a href="#Output-924316967" onClick='toggleBox("Output-924316967", this, "Show output", "Hide output");'>Show output</a>

<a href="#Output-924316967" onClick="toggleAllBoxes();">Show all outputs</a>
<div class='log' id="Output-924316967">
Leads tab clicked<br/>
New lead button clicked<br/>
Account name passed<br/>
Salutation selected<br/>
Firstname passed<br/>
last name passed<br/>
Legal Entity type selected<br/>
Email value passed<br/>
phone value passed<br/>
NationalID value Passed<br/>
Industry classification asC VERARBEITENDES GEWERBEselected<br/>
Detailed Industry as Getrankeherstellung selected><br/>
segment as SME selected<br/>
constructional Organization as Baden-Württemberg (BAW) selected<br/>
visit street as KREUZSTR selected<br/>
visit house number as 26 selected<br/>
visit city as FRANKFURT selected<br/>
postal code as 60435   selected><br/>
visit state/provience as HSN   selected<br/>
<-----------Lead was successfully created------><br/>
</div>
</td>
<td></td>
<td>34</td>
<td>CF_Install_Orders.TC_03_Install_CF_with_200Mbits@52aa2946</td></tr>
<tr>
<td title='CF_Install_Orders.TC_03_Install_CF_with_200Mbits.TC_03_Opportunityconversion()'><b>TC_03_Opportunityconversion</b><br>Test class: CF_Install_Orders.TC_03_Install_CF_with_200Mbits<br/>
<a href="#Output-1482952794" onClick='toggleBox("Output-1482952794", this, "Show output", "Hide output");'>Show output</a>

<a href="#Output-1482952794" onClick="toggleAllBoxes();">Show all outputs</a>
<div class='log' id="Output-1482952794">
clicked convert button in leads page<br/>
clicked convert button in convert lead page<br/>
clicked on opportunity created in accounts page<br/>
Opportunity converted<br/>
</div>
</td>
<td></td>
<td>18</td>
<td>CF_Install_Orders.TC_03_Install_CF_with_200Mbits@52aa2946</td></tr>
<tr>
<td title='CF_Install_Orders.TC_03_Install_CF_with_200Mbits.TC_03_verifylogin()'><b>TC_03_verifylogin</b><br>Test class: CF_Install_Orders.TC_03_Install_CF_with_200Mbits<br>Parameters: thennuannamalai.s_um_jit@prodapt.com, Prodapt4#, null<br/>
<a href="#Output-280381789" onClick='toggleBox("Output-280381789", this, "Show output", "Hide output");'>Show output</a>

<a href="#Output-280381789" onClick="toggleAllBoxes();">Show all outputs</a>
<div class='log' id="Output-280381789">
entered email address:-thennuannamalai.s_um_jit@prodapt.com and object is [[ChromeDriver: chrome on XP (d7f28381d67cc7379a2590df0a309fe6)] -> id: username]<br/>
entered password:-Prodapt4# and object is [[ChromeDriver: chrome on XP (d7f28381d67cc7379a2590df0a309fe6)] -> id: password]<br/>
clicked on sublit butto and object is:-Proxy element for: DefaultElementLocator 'By.id: Login'<br/>
<a href='D:\Ibrahim-surat\B2B_OM_Automation_10-10-2017\B2B_OM_Automation\src\main\java\com\test\automation\OM_Automation\screenshot\verifyLoginRecords_12_10_2017_11_27_19.png'> <img src='D:\Ibrahim-surat\B2B_OM_Automation_10-10-2017\B2B_OM_Automation\src\main\java\com\test\automation\OM_Automation\screenshot\verifyLoginRecords_12_10_2017_11_27_19.png' height='100' width='100'/> </a><br/>
</div>
</td>
<td></td>
<td>3</td>
<td>CF_Install_Orders.TC_03_Install_CF_with_200Mbits@52aa2946</td></tr>
<tr>
<td title='CF_Install_Orders.TC_16_Install_CF_with_9Gbits.TC_16_AddressValidation()'><b>TC_16_AddressValidation</b><br>Test class: CF_Install_Orders.TC_16_Install_CF_with_9Gbits<br/>
<a href="#Output-778840616" onClick='toggleBox("Output-778840616", this, "Show output", "Hide output");'>Show output</a>

<a href="#Output-778840616" onClick="toggleAllBoxes();">Show all outputs</a>
<div class='log' id="Output-778840616">
Validate Address clicked<br/>
FindAddress clicked<br/>
Address selected<br/>
Adress or sevice availablity issue---Please check the address<br/>
Address Validated<br/>
</div>
</td>
<td></td>
<td>5</td>
<td>CF_Install_Orders.TC_16_Install_CF_with_9Gbits@4de5031f</td></tr>
<tr>
<td title='CF_Install_Orders.TC_16_Install_CF_with_9Gbits.TC_16_CF_Billing_Account_Assignment()'><b>TC_16_CF_Billing_Account_Assignment</b><br>Test class: CF_Install_Orders.TC_16_Install_CF_with_9Gbits<br/>
<a href="#Output-1939212516" onClick='toggleBox("Output-1939212516", this, "Show output", "Hide output");'>Show output</a>

<a href="#Output-1939212516" onClick="toggleAllBoxes();">Show all outputs</a>
<div class='log' id="Output-1939212516">
Billing account creation failed due to org.openqa.selenium.TimeoutException: Expected condition failed: waiting for element to be clickable: [[ChromeDriver: chrome on XP (c361feab843eab92fcb22edacd85ee4b)] -> xpath: //button[@class='ng-binding ng-isolate-scope icon IconAssignBillingAccount']] (tried for 200 second(s) with 500 MILLISECONDS interval)
Build info: version: '3.0.1', revision: '1969d75', time: '2016-10-18 09:49:13 -0700'
System info: host: 'C4LAP149', ip: '192.168.1.4', os.name: 'Windows 7', os.arch: 'amd64', os.version: '6.1', java.version: '1.8.0_101'
Driver info: org.openqa.selenium.chrome.ChromeDriver
Capabilities [{applicationCacheEnabled=false, rotatable=false, mobileEmulationEnabled=false, networkConnectionEnabled=false, chrome={chromedriverVersion=2.28.455520 (cc17746adff54984afff480136733114c6b3704b), userDataDir=C:\Users\support\AppData\Local\Temp\scoped_dir8868_30094}, takesHeapSnapshot=true, pageLoadStrategy=normal, databaseEnabled=false, handlesAlerts=true, hasTouchScreen=false, version=61.0.3163.100, platform=XP, browserConnectionEnabled=false, nativeEvents=true, acceptSslCerts=true, locationContextEnabled=true, webStorageEnabled=true, browserName=chrome, takesScreenshot=true, javascriptEnabled=true, cssSelectorsEnabled=true, unexpectedAlertBehaviour=}]
Session ID: c361feab843eab92fcb22edacd85ee4b<br/>
========Billing Account Assignment was successfully configured============<br/>
</div>
</td>
<td></td>
<td>200</td>
<td>CF_Install_Orders.TC_16_Install_CF_with_9Gbits@4de5031f</td></tr>
<tr>
<td title='CF_Install_Orders.TC_16_Install_CF_with_9Gbits.TC_16_CF_ProductBasketAddition()'><b>TC_16_CF_ProductBasketAddition</b><br>Test class: CF_Install_Orders.TC_16_Install_CF_with_9Gbits<br/>
<a href="#Output-1425118071" onClick='toggleBox("Output-1425118071", this, "Show output", "Hide output");'>Show output</a>

<a href="#Output-1425118071" onClick="toggleAllBoxes();">Show all outputs</a>
<div class='log' id="Output-1425118071">
New product basket button clicked in opportunity page<br/>
Addproduct button clicked in product configuration page<br/>
CF product selected<br/>
Address bar clicked<br/>
Customer Address search button clicked successfully<br/>
Customer Address successfully selected<br/>
Successfully added product to the basket and also confirmed<br/>
Product successfully added to cart<br/>
</div>
</td>
<td></td>
<td>32</td>
<td>CF_Install_Orders.TC_16_Install_CF_with_9Gbits@4de5031f</td></tr>
<tr>
<td title='CF_Install_Orders.TC_16_Install_CF_with_9Gbits.TC_16_CF_ProductBasketConfiguration_with_9Gbits()'><b>TC_16_CF_ProductBasketConfiguration_with_9Gbits</b><br>Test class: CF_Install_Orders.TC_16_Install_CF_with_9Gbits<br/>
<a href="#Output-7619829" onClick='toggleBox("Output-7619829", this, "Show output", "Hide output");'>Show output</a>

<a href="#Output-7619829" onClick="toggleAllBoxes();">Show all outputs</a>
<div class='log' id="Output-7619829">
Edit basket button clicked<br/>
Iframe switched<br/>
Company fiber Product selected<br/>
Product description as [[ChromeDriver: chrome on XP (c361feab843eab92fcb22edacd85ee4b)] -> xpath: .//*[@id='Allgemeine_Informationen:Product_Description_0'][contains(text(), 'Company Fiber')]] value loaded<br/>
Monthly charges value as 200 entered<br/>
Upfront fee chargees value as 100 entered<br/>
upload speed value as 9Gbit/s selected<br/>
Hardware selection element clicked<br/>
Hardware to be successfully selected<br/>
parent window switched<br/>
CF Product successfully configured<br/>
</div>
</td>
<td></td>
<td>30</td>
<td>CF_Install_Orders.TC_16_Install_CF_with_9Gbits@4de5031f</td></tr>
<tr>
<td title='CF_Install_Orders.TC_16_Install_CF_with_9Gbits.TC_16_CF_Product_Basket_Upload()'><b>TC_16_CF_Product_Basket_Upload</b><br>Test class: CF_Install_Orders.TC_16_Install_CF_with_9Gbits<br/>
<a href="#Output-1637364246" onClick='toggleBox("Output-1637364246", this, "Show output", "Hide output");'>Show output</a>

<a href="#Output-1637364246" onClick="toggleAllBoxes();">Show all outputs</a>
<div class='log' id="Output-1637364246">
Product basket upload faile due to org.openqa.selenium.TimeoutException: Expected condition failed: waiting for element to be clickable: [[ChromeDriver: chrome on XP (c361feab843eab92fcb22edacd85ee4b)] -> xpath: .//*[@id='bodyCell']/div/div/div[3]/div[2]/div[1]/div/header/div[2]/span] (tried for 200 second(s) with 500 MILLISECONDS interval)
Build info: version: '3.0.1', revision: '1969d75', time: '2016-10-18 09:49:13 -0700'
System info: host: 'C4LAP149', ip: '192.168.1.4', os.name: 'Windows 7', os.arch: 'amd64', os.version: '6.1', java.version: '1.8.0_101'
Driver info: org.openqa.selenium.chrome.ChromeDriver
Capabilities [{applicationCacheEnabled=false, rotatable=false, mobileEmulationEnabled=false, networkConnectionEnabled=false, chrome={chromedriverVersion=2.28.455520 (cc17746adff54984afff480136733114c6b3704b), userDataDir=C:\Users\support\AppData\Local\Temp\scoped_dir8868_30094}, takesHeapSnapshot=true, pageLoadStrategy=normal, databaseEnabled=false, handlesAlerts=true, hasTouchScreen=false, version=61.0.3163.100, platform=XP, browserConnectionEnabled=false, nativeEvents=true, acceptSslCerts=true, locationContextEnabled=true, webStorageEnabled=true, browserName=chrome, takesScreenshot=true, javascriptEnabled=true, cssSelectorsEnabled=true, unexpectedAlertBehaviour=}]
Session ID: c361feab843eab92fcb22edacd85ee4b<br/>
========Billing Account Assignment was successfully configured============<br/>
</div>
</td>
<td></td>
<td>200</td>
<td>CF_Install_Orders.TC_16_Install_CF_with_9Gbits@4de5031f</td></tr>
<tr>
<td title='CF_Install_Orders.TC_16_Install_CF_with_9Gbits.TC_16_CF_Validate_Order()'><b>TC_16_CF_Validate_Order</b><br>Test class: CF_Install_Orders.TC_16_Install_CF_with_9Gbits<br/>
<a href="#Output-1137135482" onClick='toggleBox("Output-1137135482", this, "Show output", "Hide output");'>Show output</a>

<a href="#Output-1137135482" onClick="toggleAllBoxes();">Show all outputs</a>
<div class='log' id="Output-1137135482">
order validation failed due to org.openqa.selenium.TimeoutException: Expected condition failed: waiting for visibility of Proxy element for: DefaultElementLocator 'By.xpath: //div[@class='pbHeader']//input[@value='Validate Order']' (tried for 200 second(s) with 500 MILLISECONDS interval)
Build info: version: '3.0.1', revision: '1969d75', time: '2016-10-18 09:49:13 -0700'
System info: host: 'C4LAP149', ip: '192.168.1.4', os.name: 'Windows 7', os.arch: 'amd64', os.version: '6.1', java.version: '1.8.0_101'
Driver info: org.openqa.selenium.chrome.ChromeDriver
Capabilities [{applicationCacheEnabled=false, rotatable=false, mobileEmulationEnabled=false, networkConnectionEnabled=false, chrome={chromedriverVersion=2.28.455520 (cc17746adff54984afff480136733114c6b3704b), userDataDir=C:\Users\support\AppData\Local\Temp\scoped_dir8868_30094}, takesHeapSnapshot=true, pageLoadStrategy=normal, databaseEnabled=false, handlesAlerts=true, hasTouchScreen=false, version=61.0.3163.100, platform=XP, browserConnectionEnabled=false, nativeEvents=true, acceptSslCerts=true, locationContextEnabled=true, webStorageEnabled=true, browserName=chrome, takesScreenshot=true, javascriptEnabled=true, cssSelectorsEnabled=true, unexpectedAlertBehaviour=}]
Session ID: c361feab843eab92fcb22edacd85ee4b<br/>
========Order validation was successfully performed============<br/>
</div>
</td>
<td></td>
<td>200</td>
<td>CF_Install_Orders.TC_16_Install_CF_with_9Gbits@4de5031f</td></tr>
<tr>
<td title='CF_Install_Orders.TC_16_Install_CF_with_9Gbits.TC_16_NewLeadCreation()'><b>TC_16_NewLeadCreation</b><br>Test class: CF_Install_Orders.TC_16_Install_CF_with_9Gbits<br>Parameters: natrajpencil, Mr., nat, rap, AG, abc@din.com, C VERARBEITENDES GEWERBE, Getrankeherstellung, SME, Baden-Württemberg (BAW), KREUZSTR, 26, FRANKFURT, 60435, HSN<br/>
<a href="#Output-1344639897" onClick='toggleBox("Output-1344639897", this, "Show output", "Hide output");'>Show output</a>

<a href="#Output-1344639897" onClick="toggleAllBoxes();">Show all outputs</a>
<div class='log' id="Output-1344639897">
Leads tab clicked<br/>
New lead button clicked<br/>
Account name passed<br/>
Salutation selected<br/>
Firstname passed<br/>
last name passed<br/>
Legal Entity type selected<br/>
Email value passed<br/>
phone value passed<br/>
NationalID value Passed<br/>
Industry classification asC VERARBEITENDES GEWERBEselected<br/>
Detailed Industry as Getrankeherstellung selected><br/>
segment as SME selected<br/>
constructional Organization as Baden-Württemberg (BAW) selected<br/>
visit street as KREUZSTR selected<br/>
visit house number as 26 selected<br/>
visit city as FRANKFURT selected<br/>
postal code as 60435   selected><br/>
visit state/provience as HSN   selected<br/>
<-----------Lead was successfully created------><br/>
</div>
</td>
<td></td>
<td>29</td>
<td>CF_Install_Orders.TC_16_Install_CF_with_9Gbits@4de5031f</td></tr>
<tr>
<td title='CF_Install_Orders.TC_16_Install_CF_with_9Gbits.TC_16_Opportunityconversion()'><b>TC_16_Opportunityconversion</b><br>Test class: CF_Install_Orders.TC_16_Install_CF_with_9Gbits<br/>
<a href="#Output-1506010697" onClick='toggleBox("Output-1506010697", this, "Show output", "Hide output");'>Show output</a>

<a href="#Output-1506010697" onClick="toggleAllBoxes();">Show all outputs</a>
<div class='log' id="Output-1506010697">
clicked convert button in leads page<br/>
clicked convert button in convert lead page<br/>
clicked on opportunity created in accounts page<br/>
Opportunity converted<br/>
</div>
</td>
<td></td>
<td>18</td>
<td>CF_Install_Orders.TC_16_Install_CF_with_9Gbits@4de5031f</td></tr>
<tr>
<td title='CF_Install_Orders.TC_16_Install_CF_with_9Gbits.TC_16_verifylogin()'><b>TC_16_verifylogin</b><br>Test class: CF_Install_Orders.TC_16_Install_CF_with_9Gbits<br>Parameters: thennuannamalai.s_um_jit@prodapt.com, Prodapt4#, null<br/>
<a href="#Output-1400534933" onClick='toggleBox("Output-1400534933", this, "Show output", "Hide output");'>Show output</a>

<a href="#Output-1400534933" onClick="toggleAllBoxes();">Show all outputs</a>
<div class='log' id="Output-1400534933">
entered email address:-thennuannamalai.s_um_jit@prodapt.com and object is [[ChromeDriver: chrome on XP (c361feab843eab92fcb22edacd85ee4b)] -> id: username]<br/>
entered password:-Prodapt4# and object is [[ChromeDriver: chrome on XP (c361feab843eab92fcb22edacd85ee4b)] -> id: password]<br/>
clicked on sublit butto and object is:-Proxy element for: DefaultElementLocator 'By.id: Login'<br/>
<a href='D:\Ibrahim-surat\B2B_OM_Automation_10-10-2017\B2B_OM_Automation\src\main\java\com\test\automation\OM_Automation\screenshot\verifyLoginRecords_12_10_2017_11_27_20.png'> <img src='D:\Ibrahim-surat\B2B_OM_Automation_10-10-2017\B2B_OM_Automation\src\main\java\com\test\automation\OM_Automation\screenshot\verifyLoginRecords_12_10_2017_11_27_20.png' height='100' width='100'/> </a><br/>
</div>
</td>
<td></td>
<td>3</td>
<td>CF_Install_Orders.TC_16_Install_CF_with_9Gbits@4de5031f</td></tr>
</table><p>
</body>
</html>