<?xml version="1.0" encoding="UTF-8"?>
<!-- Generated by org.testng.reporters.JUnitXMLReporter -->
<testsuite hostname="C4LAP149" ignored="0" name="CF-Install-Orders0" tests="12" failures="2" timestamp="16 Oct 2017 04:17:34 GMT" time="857.407" errors="0">
  <testcase name="TC_17_verifylogin" time="69.821" classname="CF_Install_Orders.TC_17_Install_CF_with_10Gbits"/>
  <testcase name="TC_17_verifylogin" time="0.034" classname="CF_Install_Orders.TC_17_Install_CF_with_10Gbits">
    <failure type="java.lang.AssertionError" message=" failed">
      <![CDATA[java.lang.AssertionError:  failed
	at CF_Install_Orders.TC_17_Install_CF_with_10Gbits.TC_17_verifylogin(TC_17_Install_CF_with_10Gbits.java:90)
... Removed 26 stack frames]]>
    </failure>
  </testcase> <!-- TC_17_verifylogin -->
  <testcase name="TC_17_NewLeadCreation" time="74.994" classname="CF_Install_Orders.TC_17_Install_CF_with_10Gbits"/>
  <testcase name="TC_17_AddressValidation" time="55.486" classname="CF_Install_Orders.TC_17_Install_CF_with_10Gbits"/>
  <testcase name="TC_17_Opportunityconversion" time="102.849" classname="CF_Install_Orders.TC_17_Install_CF_with_10Gbits"/>
  <testcase name="TC_17_CF_ProductBasketAddition" time="122.591" classname="CF_Install_Orders.TC_17_Install_CF_with_10Gbits"/>
  <testcase name="TC_17_CF_ProductBasketConfiguration_with_10Gbits" time="62.359" classname="CF_Install_Orders.TC_17_Install_CF_with_10Gbits"/>
  <testcase name="TC_17_CF_Installation_Information_Configuration" time="47.647" classname="CF_Install_Orders.TC_17_Install_CF_with_10Gbits"/>
  <testcase name="TC_17_CF_Billing_Account_Assignment" time="14.503" classname="CF_Install_Orders.TC_17_Install_CF_with_10Gbits"/>
  <testcase name="TC_17_CF_Product_Basket_Upload" time="8.195" classname="CF_Install_Orders.TC_17_Install_CF_with_10Gbits"/>
  <testcase name="TC_17_CF_Validate_Order" time="39.724" classname="CF_Install_Orders.TC_17_Install_CF_with_10Gbits"/>
  <testcase name="TC_17_CF_SubOrders_Validation_And_Closure" time="210.469" classname="CF_Install_Orders.TC_17_Install_CF_with_10Gbits">
    <failure type="java.lang.AssertionError" message=" failed">
      <![CDATA[java.lang.AssertionError:  failed
	at CF_Install_Orders.TC_17_Install_CF_with_10Gbits.TC_17_CF_SubOrders_Validation_And_Closure(TC_17_Install_CF_with_10Gbits.java:254)
... Removed 26 stack frames]]>
    </failure>
  </testcase> <!-- TC_17_CF_SubOrders_Validation_And_Closure -->
</testsuite> <!-- CF-Install-Orders0 -->
