<?xml version="1.0" encoding="UTF-8"?>
<!-- Generated by org.testng.reporters.JUnitXMLReporter -->
<testsuite hostname="C4LAP149" ignored="0" name="CF-Install-Orders13" tests="11" failures="0" timestamp="12 Oct 2017 04:51:38 GMT" time="1142.567" errors="0">
  <testcase name="TC_01_verifylogin" time="4.017" classname="CF_Install_Orders.TC_01_Install_CF_with_50Mbits_"/>
  <testcase name="TC_01_NewLeadCreation" time="27.984" classname="CF_Install_Orders.TC_01_Install_CF_with_50Mbits_"/>
  <testcase name="TC_01_AddressValidation" time="5.339" classname="CF_Install_Orders.TC_01_Install_CF_with_50Mbits_"/>
  <testcase name="TC_01_Opportunityconversion" time="17.965" classname="CF_Install_Orders.TC_01_Install_CF_with_50Mbits_"/>
  <testcase name="TC_01_CF_ProductBasketAddition" time="34.066" classname="CF_Install_Orders.TC_01_Install_CF_with_50Mbits_"/>
  <testcase name="TC_01_CF_ProductBasketConfiguration_with_50Mbits" time="28.028" classname="CF_Install_Orders.TC_01_Install_CF_with_50Mbits_"/>
  <testcase name="TC_01_CF_Installation_Information_Configuration" time="203.424" classname="CF_Install_Orders.TC_01_Install_CF_with_50Mbits_"/>
  <testcase name="TC_01_CF_Billing_Account_Assignment" time="200.474" classname="CF_Install_Orders.TC_01_Install_CF_with_50Mbits_"/>
  <testcase name="TC_01_CF_Product_Basket_Upload" time="200.35" classname="CF_Install_Orders.TC_01_Install_CF_with_50Mbits_"/>
  <testcase name="TC_01_CF_Validate_Order" time="200.276" classname="CF_Install_Orders.TC_01_Install_CF_with_50Mbits_"/>
  <testcase name="TC_01_CF_SubOrders_Validation_And_Closure" time="200.034" classname="CF_Install_Orders.TC_01_Install_CF_with_50Mbits_"/>
</testsuite> <!-- CF-Install-Orders13 -->
