<?xml version="1.0" encoding="UTF-8"?>
<!-- Generated by org.testng.reporters.JUnitXMLReporter -->
<testsuite hostname="C4LAP149" ignored="0" name="CF-Install-Orders14" tests="11" failures="0" timestamp="12 Oct 2017 04:45:17 GMT" time="365.853" errors="0">
  <testcase name="TC_15_verifylogin" time="11.559" classname="CF_Install_Orders.TC_15_Install_CF_with_8Gbits"/>
  <testcase name="TC_15_NewLeadCreation" time="22.991" classname="CF_Install_Orders.TC_15_Install_CF_with_8Gbits"/>
  <testcase name="TC_15_AddressValidation" time="5.393" classname="CF_Install_Orders.TC_15_Install_CF_with_8Gbits"/>
  <testcase name="TC_15_Opportunityconversion" time="19.096" classname="CF_Install_Orders.TC_15_Install_CF_with_8Gbits"/>
  <testcase name="TC_15_CF_ProductBasketAddition" time="32.414" classname="CF_Install_Orders.TC_15_Install_CF_with_8Gbits"/>
  <testcase name="TC_15_CF_ProductBasketConfiguration_with_8Gbits" time="27.716" classname="CF_Install_Orders.TC_15_Install_CF_with_8Gbits"/>
  <testcase name="TC_15_CF_Installation_Information_Configuration" time="15.436" classname="CF_Install_Orders.TC_15_Install_CF_with_8Gbits"/>
  <testcase name="TC_15_CF_Billing_Account_Assignment" time="9.103" classname="CF_Install_Orders.TC_15_Install_CF_with_8Gbits"/>
  <testcase name="TC_15_CF_Product_Basket_Upload" time="8.178" classname="CF_Install_Orders.TC_15_Install_CF_with_8Gbits"/>
  <testcase name="TC_15_CF_Validate_Order" time="35.709" classname="CF_Install_Orders.TC_15_Install_CF_with_8Gbits"/>
  <testcase name="TC_15_CF_SubOrders_Validation_And_Closure" time="164.441" classname="CF_Install_Orders.TC_15_Install_CF_with_8Gbits"/>
</testsuite> <!-- CF-Install-Orders14 -->
