<?xml version="1.0" encoding="UTF-8"?>
<!-- Generated by org.testng.reporters.JUnitXMLReporter -->
<testsuite hostname="C4LAP149" ignored="0" name="CF-Install-Orders4" tests="11" failures="0" timestamp="12 Oct 2017 04:12:42 GMT" time="374.172" errors="0">
  <testcase name="TC_03_verifylogin" time="4.921" classname="CF_Install_Orders.TC_03_Install_CF_with_200Mbits"/>
  <testcase name="TC_03_NewLeadCreation" time="33.471" classname="CF_Install_Orders.TC_03_Install_CF_with_200Mbits"/>
  <testcase name="TC_03_AddressValidation" time="10.472" classname="CF_Install_Orders.TC_03_Install_CF_with_200Mbits"/>
  <testcase name="TC_03_Opportunityconversion" time="19.74" classname="CF_Install_Orders.TC_03_Install_CF_with_200Mbits"/>
  <testcase name="TC_03_CF_ProductBasketAddition" time="33.92" classname="CF_Install_Orders.TC_03_Install_CF_with_200Mbits"/>
  <testcase name="TC_03_CF_ProductBasketConfiguration_with_200Mbits" time="28.814" classname="CF_Install_Orders.TC_03_Install_CF_with_200Mbits"/>
  <testcase name="TC_03_CF_Installation_Information_Configuration" time="15.206" classname="CF_Install_Orders.TC_03_Install_CF_with_200Mbits"/>
  <testcase name="TC_03_CF_Billing_Account_Assignment" time="8.697" classname="CF_Install_Orders.TC_03_Install_CF_with_200Mbits"/>
  <testcase name="TC_03_CF_Product_Basket_Upload" time="8.153" classname="CF_Install_Orders.TC_03_Install_CF_with_200Mbits"/>
  <testcase name="TC_03_CF_Validate_Order" time="35.308" classname="CF_Install_Orders.TC_03_Install_CF_with_200Mbits"/>
  <testcase name="TC_03_CF_SubOrders_Validation_And_Closure" time="162.773" classname="CF_Install_Orders.TC_03_Install_CF_with_200Mbits"/>
</testsuite> <!-- CF-Install-Orders4 -->
