<?xml version="1.0" encoding="UTF-8"?>
<!-- Generated by org.testng.reporters.JUnitXMLReporter -->
<testsuite hostname="C4LAP149" ignored="0" name="CF-Install-Orders12" tests="33" failures="2" timestamp="12 Oct 2017 19:00:02 GMT" time="707.607" errors="0">
  <testcase name="TC_01_verifylogin" time="3.616" classname="CF_Install_Orders.TC_01_Install_CF_with_50Mbits_"/>
  <testcase name="TC_15_verifylogin" time="3.851" classname="CF_Install_Orders.TC_15_Install_CF_with_8Gbits"/>
  <testcase name="TC_13_verifylogin" time="3.666" classname="CF_Install_Orders.TC_13_Install_CF_with_6Gbits"/>
  <testcase name="TC_15_NewLeadCreation" time="32.251" classname="CF_Install_Orders.TC_15_Install_CF_with_8Gbits"/>
  <testcase name="TC_01_NewLeadCreation" time="32.346" classname="CF_Install_Orders.TC_01_Install_CF_with_50Mbits_"/>
  <testcase name="TC_13_NewLeadCreation" time="35.968" classname="CF_Install_Orders.TC_13_Install_CF_with_6Gbits"/>
  <testcase name="TC_01_AddressValidation" time="4.86" classname="CF_Install_Orders.TC_01_Install_CF_with_50Mbits_"/>
  <testcase name="TC_15_AddressValidation" time="5.026" classname="CF_Install_Orders.TC_15_Install_CF_with_8Gbits"/>
  <testcase name="TC_13_AddressValidation" time="8.501" classname="CF_Install_Orders.TC_13_Install_CF_with_6Gbits"/>
  <testcase name="TC_13_Opportunityconversion" time="18.708" classname="CF_Install_Orders.TC_13_Install_CF_with_6Gbits"/>
  <testcase name="TC_01_Opportunityconversion" time="15.354" classname="CF_Install_Orders.TC_01_Install_CF_with_50Mbits_"/>
  <testcase name="TC_15_Opportunityconversion" time="17.188" classname="CF_Install_Orders.TC_15_Install_CF_with_8Gbits"/>
  <testcase name="TC_01_CF_ProductBasketAddition" time="33.368" classname="CF_Install_Orders.TC_01_Install_CF_with_50Mbits_"/>
  <testcase name="TC_13_CF_ProductBasketAddition" time="34.026" classname="CF_Install_Orders.TC_13_Install_CF_with_6Gbits"/>
  <testcase name="TC_15_CF_ProductBasketAddition" time="33.182" classname="CF_Install_Orders.TC_15_Install_CF_with_8Gbits"/>
  <testcase name="TC_13_CF_ProductBasketConfiguration_with_6Gbits" time="27.506" classname="CF_Install_Orders.TC_13_Install_CF_with_6Gbits"/>
  <testcase name="TC_01_CF_ProductBasketConfiguration_with_50Mbits" time="27.919" classname="CF_Install_Orders.TC_01_Install_CF_with_50Mbits_"/>
  <testcase name="TC_15_CF_ProductBasketConfiguration_with_8Gbits" time="27.134" classname="CF_Install_Orders.TC_15_Install_CF_with_8Gbits"/>
  <testcase name="TC_13_CF_Installation_Information_Configuration" time="14.621" classname="CF_Install_Orders.TC_13_Install_CF_with_6Gbits"/>
  <testcase name="TC_15_CF_Installation_Information_Configuration" time="14.743" classname="CF_Install_Orders.TC_15_Install_CF_with_8Gbits"/>
  <testcase name="TC_13_CF_Billing_Account_Assignment" time="8.889" classname="CF_Install_Orders.TC_13_Install_CF_with_6Gbits"/>
  <testcase name="TC_15_CF_Billing_Account_Assignment" time="8.646" classname="CF_Install_Orders.TC_15_Install_CF_with_8Gbits"/>
  <testcase name="TC_13_CF_Product_Basket_Upload" time="8.19" classname="CF_Install_Orders.TC_13_Install_CF_with_6Gbits"/>
  <testcase name="TC_01_CF_Installation_Information_Configuration" time="203.277" classname="CF_Install_Orders.TC_01_Install_CF_with_50Mbits_">
    <failure type="java.lang.AssertionError" message=" failed">
      <![CDATA[java.lang.AssertionError:  failed
	at CF_Install_Orders.TC_01_Install_CF_with_50Mbits_.TC_01_CF_Installation_Information_Configuration(TC_01_Install_CF_with_50Mbits_.java:187)
	at java.util.concurrent.ThreadPoolExecutor.runWorker(Unknown Source)
	at java.util.concurrent.ThreadPoolExecutor$Worker.run(Unknown Source)
	at java.lang.Thread.run(Unknown Source)
... Removed 11 stack frames]]>
    </failure>
  </testcase> <!-- TC_01_CF_Installation_Information_Configuration -->
  <testcase name="TC_15_CF_Product_Basket_Upload" time="8.245" classname="CF_Install_Orders.TC_15_Install_CF_with_8Gbits"/>
  <testcase name="TC_01_CF_Billing_Account_Assignment" time="200.07" classname="CF_Install_Orders.TC_01_Install_CF_with_50Mbits_"/>
  <testcase name="TC_01_CF_Product_Basket_Upload" time="200.249" classname="CF_Install_Orders.TC_01_Install_CF_with_50Mbits_"/>
  <testcase name="TC_13_CF_Validate_Order" time="35.131" classname="CF_Install_Orders.TC_13_Install_CF_with_6Gbits"/>
  <testcase name="TC_15_CF_Validate_Order" time="36.015" classname="CF_Install_Orders.TC_15_Install_CF_with_8Gbits"/>
  <testcase name="TC_13_CF_SubOrders_Validation_And_Closure" time="162.546" classname="CF_Install_Orders.TC_13_Install_CF_with_6Gbits"/>
  <testcase name="TC_01_CF_Validate_Order" time="200.306" classname="CF_Install_Orders.TC_01_Install_CF_with_50Mbits_"/>
  <testcase name="TC_01_CF_SubOrders_Validation_And_Closure" time="200.121" classname="CF_Install_Orders.TC_01_Install_CF_with_50Mbits_">
    <failure type="java.lang.AssertionError" message=" failed">
      <![CDATA[java.lang.AssertionError:  failed
	at CF_Install_Orders.TC_01_Install_CF_with_50Mbits_.TC_01_CF_SubOrders_Validation_And_Closure(TC_01_Install_CF_with_50Mbits_.java:249)
	at java.util.concurrent.ThreadPoolExecutor.runWorker(Unknown Source)
	at java.util.concurrent.ThreadPoolExecutor$Worker.run(Unknown Source)
	at java.lang.Thread.run(Unknown Source)
... Removed 11 stack frames]]>
    </failure>
  </testcase> <!-- TC_01_CF_SubOrders_Validation_And_Closure -->
  <testcase name="TC_15_CF_SubOrders_Validation_And_Closure" time="163.272" classname="CF_Install_Orders.TC_15_Install_CF_with_8Gbits"/>
</testsuite> <!-- CF-Install-Orders12 -->
