<html>
<head>
<title>TestNG:  CF-Install-Orders0</title>
<link href="../testng.css" rel="stylesheet" type="text/css" />
<link href="../my-testng.css" rel="stylesheet" type="text/css" />

<style type="text/css">
.log { display: none;} 
.stack-trace { display: none;} 
</style>
<script type="text/javascript">
<!--
function flip(e) {
  current = e.style.display;
  if (current == 'block') {
    e.style.display = 'none';
    return 0;
  }
  else {
    e.style.display = 'block';
    return 1;
  }
}

function toggleBox(szDivId, elem, msg1, msg2)
{
  var res = -1;  if (document.getElementById) {
    res = flip(document.getElementById(szDivId));
  }
  else if (document.all) {
    // this is the way old msie versions work
    res = flip(document.all[szDivId]);
  }
  if(elem) {
    if(res == 0) elem.innerHTML = msg1; else elem.innerHTML = msg2;
  }

}

function toggleAllBoxes() {
  if (document.getElementsByTagName) {
    d = document.getElementsByTagName('div');
    for (i = 0; i < d.length; i++) {
      if (d[i].className == 'log') {
        flip(d[i]);
      }
    }
  }
}

// -->
</script>

</head>
<body>
<h2 align='center'>CF-Install-Orders0</h2><table border='1' align="center">
<tr>
<td>Tests passed/Failed/Skipped:</td><td>10/2/0</td>
</tr><tr>
<td>Started on:</td><td>Mon Oct 16 09:33:17 IST 2017</td>
</tr>
<tr><td>Total time:</td><td>857 seconds (857407 ms)</td>
</tr><tr>
<td>Included groups:</td><td></td>
</tr><tr>
<td>Excluded groups:</td><td></td>
</tr>
</table><p/>
<small><i>(Hover the method name to see the test class name)</i></small><p/>
<table width='100%' border='1' class='invocation-failed'>
<tr><td colspan='4' align='center'><b>FAILED TESTS</b></td></tr>
<tr><td><b>Test method</b></td>
<td width="30%"><b>Exception</b></td>
<td width="10%"><b>Time (seconds)</b></td>
<td><b>Instance</b></td>
</tr>
<tr>
<td title='CF_Install_Orders.TC_17_Install_CF_with_10Gbits.TC_17_CF_SubOrders_Validation_And_Closure()'><b>TC_17_CF_SubOrders_Validation_And_Closure</b><br>Test class: CF_Install_Orders.TC_17_Install_CF_with_10Gbits<br/>
<a href="#Output-1873121466" onClick='toggleBox("Output-1873121466", this, "Show output", "Hide output");'>Show output</a>

<a href="#Output-1873121466" onClick="toggleAllBoxes();">Show all outputs</a>
<div class='log' id="Output-1873121466">
stage value is Ready for Order<br/>
Order stage is validated <br/>
Sub order page opened<br/>
Suborder link clicded<br/>
Orchestration process link opened in new tab<br/>
control switched to new tab<br/>
Error occurs while Validating Sub-orders due to org.openqa.selenium.TimeoutException: Expected condition failed: waiting for visibility of Proxy element for: DefaultElementLocator 'By.xpath: //td[@id='topButtonRow']//input[@value='Process Visualiser']' (tried for 200 second(s) with 500 MILLISECONDS interval)
Build info: version: '3.0.1', revision: '1969d75', time: '2016-10-18 09:49:13 -0700'
System info: host: 'C4LAP149', ip: '192.168.1.11', os.name: 'Windows 7', os.arch: 'amd64', os.version: '6.1', java.version: '1.8.0_101'
Driver info: org.openqa.selenium.chrome.ChromeDriver
Capabilities [{applicationCacheEnabled=false, rotatable=false, mobileEmulationEnabled=false, networkConnectionEnabled=false, chrome={chromedriverVersion=2.28.455520 (cc17746adff54984afff480136733114c6b3704b), userDataDir=C:\Users\support\AppData\Local\Temp\scoped_dir7564_26091}, takesHeapSnapshot=true, pageLoadStrategy=normal, databaseEnabled=false, handlesAlerts=true, hasTouchScreen=false, version=61.0.3163.100, platform=XP, browserConnectionEnabled=false, nativeEvents=true, acceptSslCerts=true, locationContextEnabled=true, webStorageEnabled=true, browserName=chrome, takesScreenshot=true, javascriptEnabled=true, cssSelectorsEnabled=true, unexpectedAlertBehaviour=}]
Session ID: f8d6dcc477ff2565e5b20ffa42f1ad24<br/>
</div>
</td>
<td><div><pre>java.lang.AssertionError:  failed
	at CF_Install_Orders.TC_17_Install_CF_with_10Gbits.TC_17_CF_SubOrders_Validation_And_Closure(TC_17_Install_CF_with_10Gbits.java:254)
... Removed 26 stack frames</pre></div><a href='#' onClick='toggleBox("stack-trace1873121466", this, "Click to show all stack frames", "Click to hide stack frames")'>Click to show all stack frames</a>
<div class='stack-trace' id='stack-trace1873121466'><pre>java.lang.AssertionError:  failed
	at org.testng.Assert.fail(Assert.java:94)
	at CF_Install_Orders.TC_17_Install_CF_with_10Gbits.TC_17_CF_SubOrders_Validation_And_Closure(TC_17_Install_CF_with_10Gbits.java:254)
	at sun.reflect.NativeMethodAccessorImpl.invoke0(Native Method)
	at sun.reflect.NativeMethodAccessorImpl.invoke(Unknown Source)
	at sun.reflect.DelegatingMethodAccessorImpl.invoke(Unknown Source)
	at java.lang.reflect.Method.invoke(Unknown Source)
	at org.testng.internal.MethodInvocationHelper.invokeMethod(MethodInvocationHelper.java:104)
	at org.testng.internal.Invoker.invokeMethod(Invoker.java:645)
	at org.testng.internal.Invoker.invokeTestMethod(Invoker.java:851)
	at org.testng.internal.Invoker.invokeTestMethods(Invoker.java:1177)
	at org.testng.internal.TestMethodWorker.invokeTestMethods(TestMethodWorker.java:129)
	at org.testng.internal.TestMethodWorker.run(TestMethodWorker.java:112)
	at org.testng.TestRunner.privateRun(TestRunner.java:756)
	at org.testng.TestRunner.run(TestRunner.java:610)
	at org.testng.SuiteRunner.runTest(SuiteRunner.java:387)
	at org.testng.SuiteRunner.runSequentially(SuiteRunner.java:382)
	at org.testng.SuiteRunner.privateRun(SuiteRunner.java:340)
	at org.testng.SuiteRunner.run(SuiteRunner.java:289)
	at org.testng.SuiteRunnerWorker.runSuite(SuiteRunnerWorker.java:52)
	at org.testng.SuiteRunnerWorker.run(SuiteRunnerWorker.java:86)
	at org.testng.TestNG.runSuitesSequentially(TestNG.java:1293)
	at org.testng.TestNG.runSuitesLocally(TestNG.java:1218)
	at org.testng.TestNG.runSuites(TestNG.java:1133)
	at org.testng.TestNG.run(TestNG.java:1104)
	at org.testng.remote.AbstractRemoteTestNG.run(AbstractRemoteTestNG.java:114)
	at org.testng.remote.RemoteTestNG.initAndRun(RemoteTestNG.java:251)
	at org.testng.remote.RemoteTestNG.main(RemoteTestNG.java:77)
</pre></div></td>
<td>210</td>
<td>CF_Install_Orders.TC_17_Install_CF_with_10Gbits@51b7e5df</td></tr>
<tr>
<td title='CF_Install_Orders.TC_17_Install_CF_with_10Gbits.TC_17_verifylogin()'><b>TC_17_verifylogin</b><br>Test class: CF_Install_Orders.TC_17_Install_CF_with_10Gbits<br>Parameters: null, null, null<br/>
<a href="#Output-226690498" onClick='toggleBox("Output-226690498", this, "Show output", "Hide output");'>Show output</a>

<a href="#Output-226690498" onClick="toggleAllBoxes();">Show all outputs</a>
<div class='log' id="Output-226690498">
error messageorg.openqa.selenium.NoSuchElementException: no such element: Unable to locate element: {"method":"id","selector":"username"}
  (Session info: chrome=61.0.3163.100)
  (Driver info: chromedriver=2.28.455520 (cc17746adff54984afff480136733114c6b3704b),platform=Windows NT 6.1.7601 SP1 x86_64) (WARNING: The server did not provide any stacktrace information)
Command duration or timeout: 28 milliseconds
For documentation on this error, please visit: http://seleniumhq.org/exceptions/no_such_element.html
Build info: version: '3.0.1', revision: '1969d75', time: '2016-10-18 09:49:13 -0700'
System info: host: 'C4LAP149', ip: '192.168.1.11', os.name: 'Windows 7', os.arch: 'amd64', os.version: '6.1', java.version: '1.8.0_101'
Driver info: org.openqa.selenium.chrome.ChromeDriver
Capabilities [{applicationCacheEnabled=false, rotatable=false, mobileEmulationEnabled=false, networkConnectionEnabled=false, chrome={chromedriverVersion=2.28.455520 (cc17746adff54984afff480136733114c6b3704b), userDataDir=C:\Users\support\AppData\Local\Temp\scoped_dir7564_26091}, takesHeapSnapshot=true, pageLoadStrategy=normal, databaseEnabled=false, handlesAlerts=true, hasTouchScreen=false, version=61.0.3163.100, platform=XP, browserConnectionEnabled=false, nativeEvents=true, acceptSslCerts=true, locationContextEnabled=true, webStorageEnabled=true, browserName=chrome, takesScreenshot=true, javascriptEnabled=true, cssSelectorsEnabled=true, unexpectedAlertBehaviour=}]
Session ID: f8d6dcc477ff2565e5b20ffa42f1ad24
*** Element info: {Using=id, value=username}<br/>
</div>
</td>
<td><div><pre>java.lang.AssertionError:  failed
	at CF_Install_Orders.TC_17_Install_CF_with_10Gbits.TC_17_verifylogin(TC_17_Install_CF_with_10Gbits.java:90)
... Removed 26 stack frames</pre></div><a href='#' onClick='toggleBox("stack-trace226690498", this, "Click to show all stack frames", "Click to hide stack frames")'>Click to show all stack frames</a>
<div class='stack-trace' id='stack-trace226690498'><pre>java.lang.AssertionError:  failed
	at org.testng.Assert.fail(Assert.java:94)
	at CF_Install_Orders.TC_17_Install_CF_with_10Gbits.TC_17_verifylogin(TC_17_Install_CF_with_10Gbits.java:90)
	at sun.reflect.NativeMethodAccessorImpl.invoke0(Native Method)
	at sun.reflect.NativeMethodAccessorImpl.invoke(Unknown Source)
	at sun.reflect.DelegatingMethodAccessorImpl.invoke(Unknown Source)
	at java.lang.reflect.Method.invoke(Unknown Source)
	at org.testng.internal.MethodInvocationHelper.invokeMethod(MethodInvocationHelper.java:104)
	at org.testng.internal.Invoker.invokeMethod(Invoker.java:645)
	at org.testng.internal.Invoker.invokeTestMethod(Invoker.java:851)
	at org.testng.internal.Invoker.invokeTestMethods(Invoker.java:1177)
	at org.testng.internal.TestMethodWorker.invokeTestMethods(TestMethodWorker.java:129)
	at org.testng.internal.TestMethodWorker.run(TestMethodWorker.java:112)
	at org.testng.TestRunner.privateRun(TestRunner.java:756)
	at org.testng.TestRunner.run(TestRunner.java:610)
	at org.testng.SuiteRunner.runTest(SuiteRunner.java:387)
	at org.testng.SuiteRunner.runSequentially(SuiteRunner.java:382)
	at org.testng.SuiteRunner.privateRun(SuiteRunner.java:340)
	at org.testng.SuiteRunner.run(SuiteRunner.java:289)
	at org.testng.SuiteRunnerWorker.runSuite(SuiteRunnerWorker.java:52)
	at org.testng.SuiteRunnerWorker.run(SuiteRunnerWorker.java:86)
	at org.testng.TestNG.runSuitesSequentially(TestNG.java:1293)
	at org.testng.TestNG.runSuitesLocally(TestNG.java:1218)
	at org.testng.TestNG.runSuites(TestNG.java:1133)
	at org.testng.TestNG.run(TestNG.java:1104)
	at org.testng.remote.AbstractRemoteTestNG.run(AbstractRemoteTestNG.java:114)
	at org.testng.remote.RemoteTestNG.initAndRun(RemoteTestNG.java:251)
	at org.testng.remote.RemoteTestNG.main(RemoteTestNG.java:77)
</pre></div></td>
<td>0</td>
<td>CF_Install_Orders.TC_17_Install_CF_with_10Gbits@51b7e5df</td></tr>
</table><p>
<table width='100%' border='1' class='invocation-passed'>
<tr><td colspan='4' align='center'><b>PASSED TESTS</b></td></tr>
<tr><td><b>Test method</b></td>
<td width="30%"><b>Exception</b></td>
<td width="10%"><b>Time (seconds)</b></td>
<td><b>Instance</b></td>
</tr>
<tr>
<td title='CF_Install_Orders.TC_17_Install_CF_with_10Gbits.TC_17_AddressValidation()'><b>TC_17_AddressValidation</b><br>Test class: CF_Install_Orders.TC_17_Install_CF_with_10Gbits<br/>
<a href="#Output-1205580258" onClick='toggleBox("Output-1205580258", this, "Show output", "Hide output");'>Show output</a>

<a href="#Output-1205580258" onClick="toggleAllBoxes();">Show all outputs</a>
<div class='log' id="Output-1205580258">
Validate Address clicked<br/>
FindAddress clicked<br/>
Address selected<br/>
Adress or sevice availablity issue---Please check the address<br/>
Address Validated<br/>
</div>
</td>
<td></td>
<td>55</td>
<td>CF_Install_Orders.TC_17_Install_CF_with_10Gbits@51b7e5df</td></tr>
<tr>
<td title='CF_Install_Orders.TC_17_Install_CF_with_10Gbits.TC_17_CF_Billing_Account_Assignment()'><b>TC_17_CF_Billing_Account_Assignment</b><br>Test class: CF_Install_Orders.TC_17_Install_CF_with_10Gbits<br/>
<a href="#Output-1338958728" onClick='toggleBox("Output-1338958728", this, "Show output", "Hide output");'>Show output</a>

<a href="#Output-1338958728" onClick="toggleAllBoxes();">Show all outputs</a>
<div class='log' id="Output-1338958728">
Assign Billing Account button clicked<br/>
Account selected successfully<br/>
All account successfully checked in to set billing account<br/>
Account to be set successfully<br/>
Billing Account Successfully saved<br/>
========Billing Account Assignment was successfully configured============<br/>
</div>
</td>
<td></td>
<td>14</td>
<td>CF_Install_Orders.TC_17_Install_CF_with_10Gbits@51b7e5df</td></tr>
<tr>
<td title='CF_Install_Orders.TC_17_Install_CF_with_10Gbits.TC_17_CF_Installation_Information_Configuration()'><b>TC_17_CF_Installation_Information_Configuration</b><br>Test class: CF_Install_Orders.TC_17_Install_CF_with_10Gbits<br/>
<a href="#Output-82275756" onClick='toggleBox("Output-82275756", this, "Show output", "Hide output");'>Show output</a>

<a href="#Output-82275756" onClick="toggleAllBoxes();">Show all outputs</a>
<div class='log' id="Output-82275756">
Installation infomatio icon clicked<br/>
Technincal contact lookup selected<br/>
 new window switched<br/>
resultsFrame switched<br/>
Technincal contact selected successfully<br/>
parent window switched successfully<br/>
Technical contact selected successfully<br/>
Set button clicked successfully<br/>
Wish data selected<br/>
Save button clicked<br/>
========Installation Information successfully configured============<br/>
</div>
</td>
<td></td>
<td>47</td>
<td>CF_Install_Orders.TC_17_Install_CF_with_10Gbits@51b7e5df</td></tr>
<tr>
<td title='CF_Install_Orders.TC_17_Install_CF_with_10Gbits.TC_17_CF_ProductBasketAddition()'><b>TC_17_CF_ProductBasketAddition</b><br>Test class: CF_Install_Orders.TC_17_Install_CF_with_10Gbits<br/>
<a href="#Output-1731763384" onClick='toggleBox("Output-1731763384", this, "Show output", "Hide output");'>Show output</a>

<a href="#Output-1731763384" onClick="toggleAllBoxes();">Show all outputs</a>
<div class='log' id="Output-1731763384">
New product basket button clicked in opportunity page<br/>
Addproduct button clicked in product configuration page<br/>
CF product selected<br/>
Address bar clicked<br/>
Customer Address search button clicked successfully<br/>
Customer Address successfully selected<br/>
Successfully added product to the basket and also confirmed<br/>
Product successfully added to cart<br/>
</div>
</td>
<td></td>
<td>122</td>
<td>CF_Install_Orders.TC_17_Install_CF_with_10Gbits@51b7e5df</td></tr>
<tr>
<td title='CF_Install_Orders.TC_17_Install_CF_with_10Gbits.TC_17_CF_ProductBasketConfiguration_with_10Gbits()'><b>TC_17_CF_ProductBasketConfiguration_with_10Gbits</b><br>Test class: CF_Install_Orders.TC_17_Install_CF_with_10Gbits<br/>
<a href="#Output-771923297" onClick='toggleBox("Output-771923297", this, "Show output", "Hide output");'>Show output</a>

<a href="#Output-771923297" onClick="toggleAllBoxes();">Show all outputs</a>
<div class='log' id="Output-771923297">
Edit basket button clicked<br/>
Iframe switched<br/>
Company fiber Product selected<br/>
Product description as [[ChromeDriver: chrome on XP (f8d6dcc477ff2565e5b20ffa42f1ad24)] -> xpath: .//*[@id='Allgemeine_Informationen:Product_Description_0'][contains(text(), 'Company Fiber')]] value loaded<br/>
Monthly charges value as 200 entered<br/>
Upfront fee chargees value as 100 entered<br/>
upload speed value as 10Gbit/s selected<br/>
Hardware selection element clicked<br/>
Hardware to be successfully selected<br/>
parent window switched<br/>
CF Product successfully configured<br/>
</div>
</td>
<td></td>
<td>62</td>
<td>CF_Install_Orders.TC_17_Install_CF_with_10Gbits@51b7e5df</td></tr>
<tr>
<td title='CF_Install_Orders.TC_17_Install_CF_with_10Gbits.TC_17_CF_Product_Basket_Upload()'><b>TC_17_CF_Product_Basket_Upload</b><br>Test class: CF_Install_Orders.TC_17_Install_CF_with_10Gbits<br/>
<a href="#Output-961859592" onClick='toggleBox("Output-961859592", this, "Show output", "Hide output");'>Show output</a>

<a href="#Output-961859592" onClick="toggleAllBoxes();">Show all outputs</a>
<div class='log' id="Output-961859592">
Product Basket Successfully uploaded<br/>
========Billing Account Assignment was successfully configured============<br/>
</div>
</td>
<td></td>
<td>8</td>
<td>CF_Install_Orders.TC_17_Install_CF_with_10Gbits@51b7e5df</td></tr>
<tr>
<td title='CF_Install_Orders.TC_17_Install_CF_with_10Gbits.TC_17_CF_Validate_Order()'><b>TC_17_CF_Validate_Order</b><br>Test class: CF_Install_Orders.TC_17_Install_CF_with_10Gbits<br/>
<a href="#Output-1562764987" onClick='toggleBox("Output-1562764987", this, "Show output", "Hide output");'>Show output</a>

<a href="#Output-1562764987" onClick="toggleAllBoxes();">Show all outputs</a>
<div class='log' id="Output-1562764987">
Validate Order button clicekd<br/>
Browse file button clicked<br/>
Contract file browsed and added successfully<br/>
Signed contract upload file button clicked<br/>
Signed contract chekbox clicked<br/>
Order submitted successfully<br/>
========Order validation was successfully performed============<br/>
</div>
</td>
<td></td>
<td>39</td>
<td>CF_Install_Orders.TC_17_Install_CF_with_10Gbits@51b7e5df</td></tr>
<tr>
<td title='CF_Install_Orders.TC_17_Install_CF_with_10Gbits.TC_17_NewLeadCreation()'><b>TC_17_NewLeadCreation</b><br>Test class: CF_Install_Orders.TC_17_Install_CF_with_10Gbits<br>Parameters: natrajpencil, Mr., nat, rap, AG, abc@din.com, C VERARBEITENDES GEWERBE, Getrankeherstellung, SME, Baden-Württemberg (BAW), KREUZSTR, 26, FRANKFURT, 60435, HSN<br/>
<a href="#Output-1493988307" onClick='toggleBox("Output-1493988307", this, "Show output", "Hide output");'>Show output</a>

<a href="#Output-1493988307" onClick="toggleAllBoxes();">Show all outputs</a>
<div class='log' id="Output-1493988307">
Leads tab clicked<br/>
New lead button clicked<br/>
Account name passed<br/>
Salutation selected<br/>
Firstname passed<br/>
last name passed<br/>
Legal Entity type selected<br/>
Email value passed<br/>
phone value passed<br/>
NationalID value Passed<br/>
Industry classification asC VERARBEITENDES GEWERBEselected<br/>
Detailed Industry as Getrankeherstellung selected><br/>
segment as SME selected<br/>
constructional Organization as Baden-Württemberg (BAW) selected<br/>
visit street as KREUZSTR selected<br/>
visit house number as 26 selected<br/>
visit city as FRANKFURT selected<br/>
postal code as 60435   selected><br/>
visit state/provience as HSN   selected<br/>
<-----------Lead was successfully created------><br/>
</div>
</td>
<td></td>
<td>74</td>
<td>CF_Install_Orders.TC_17_Install_CF_with_10Gbits@51b7e5df</td></tr>
<tr>
<td title='CF_Install_Orders.TC_17_Install_CF_with_10Gbits.TC_17_Opportunityconversion()'><b>TC_17_Opportunityconversion</b><br>Test class: CF_Install_Orders.TC_17_Install_CF_with_10Gbits<br/>
<a href="#Output-955611965" onClick='toggleBox("Output-955611965", this, "Show output", "Hide output");'>Show output</a>

<a href="#Output-955611965" onClick="toggleAllBoxes();">Show all outputs</a>
<div class='log' id="Output-955611965">
clicked convert button in leads page<br/>
clicked convert button in convert lead page<br/>
clicked on opportunity created in accounts page<br/>
Opportunity converted<br/>
</div>
</td>
<td></td>
<td>102</td>
<td>CF_Install_Orders.TC_17_Install_CF_with_10Gbits@51b7e5df</td></tr>
<tr>
<td title='CF_Install_Orders.TC_17_Install_CF_with_10Gbits.TC_17_verifylogin()'><b>TC_17_verifylogin</b><br>Test class: CF_Install_Orders.TC_17_Install_CF_with_10Gbits<br>Parameters: pprabakaran@lg.com.jit, Prodapt@!4, null<br/>
<a href="#Output-641882263" onClick='toggleBox("Output-641882263", this, "Show output", "Hide output");'>Show output</a>

<a href="#Output-641882263" onClick="toggleAllBoxes();">Show all outputs</a>
<div class='log' id="Output-641882263">
entered email address:-pprabakaran@lg.com.jit and object is [[ChromeDriver: chrome on XP (f8d6dcc477ff2565e5b20ffa42f1ad24)] -> id: username]<br/>
entered password:-Prodapt@!4 and object is [[ChromeDriver: chrome on XP (f8d6dcc477ff2565e5b20ffa42f1ad24)] -> id: password]<br/>
clicked on sublit butto and object is:-Proxy element for: DefaultElementLocator 'By.id: Login'<br/>
<a href='D:\Ibrahim-surat\B2B_OM_Automation_10-10-2017\B2B_OM_Automation\src\main\java\com\test\automation\OM_Automation\screenshot\verifyLoginRecords_16_10_2017_09_35_13.png'> <img src='D:\Ibrahim-surat\B2B_OM_Automation_10-10-2017\B2B_OM_Automation\src\main\java\com\test\automation\OM_Automation\screenshot\verifyLoginRecords_16_10_2017_09_35_13.png' height='100' width='100'/> </a><br/>
</div>
</td>
<td></td>
<td>69</td>
<td>CF_Install_Orders.TC_17_Install_CF_with_10Gbits@51b7e5df</td></tr>
</table><p>
</body>
</html>