<?xml version="1.0" encoding="UTF-8"?>
<!-- Generated by org.testng.reporters.JUnitXMLReporter -->
<testsuite hostname="C4LAP149" ignored="0" name="CF-Install-Orders6" tests="33" failures="6" timestamp="12 Oct 2017 18:32:07 GMT" time="1148.247" errors="0">
  <testcase name="TC_08_verifylogin" time="3.745" classname="CF_Install_Orders.TC_08_Install_CF_with_2Gbits"/>
  <testcase name="TC_12_verifylogin" time="10.962" classname="CF_Install_Orders.TC_12_Install_CF_with_5Gbits"/>
  <testcase name="TC_06_verifylogin" time="12.331" classname="CF_Install_Orders.TC_06_Install_CF_with_750Mbits"/>
  <testcase name="TC_12_NewLeadCreation" time="20.748" classname="CF_Install_Orders.TC_12_Install_CF_with_5Gbits"/>
  <testcase name="TC_08_NewLeadCreation" time="24.899" classname="CF_Install_Orders.TC_08_Install_CF_with_2Gbits"/>
  <testcase name="TC_06_NewLeadCreation" time="33.671" classname="CF_Install_Orders.TC_06_Install_CF_with_750Mbits"/>
  <testcase name="TC_08_AddressValidation" time="5.154" classname="CF_Install_Orders.TC_08_Install_CF_with_2Gbits"/>
  <testcase name="TC_12_AddressValidation" time="5.318" classname="CF_Install_Orders.TC_12_Install_CF_with_5Gbits"/>
  <testcase name="TC_06_AddressValidation" time="11.002" classname="CF_Install_Orders.TC_06_Install_CF_with_750Mbits"/>
  <testcase name="TC_06_Opportunityconversion" time="19.565" classname="CF_Install_Orders.TC_06_Install_CF_with_750Mbits"/>
  <testcase name="TC_08_Opportunityconversion" time="19.469" classname="CF_Install_Orders.TC_08_Install_CF_with_2Gbits"/>
  <testcase name="TC_12_Opportunityconversion" time="19.752" classname="CF_Install_Orders.TC_12_Install_CF_with_5Gbits"/>
  <testcase name="TC_06_CF_ProductBasketAddition" time="33.812" classname="CF_Install_Orders.TC_06_Install_CF_with_750Mbits"/>
  <testcase name="TC_12_CF_ProductBasketAddition" time="33.838" classname="CF_Install_Orders.TC_12_Install_CF_with_5Gbits"/>
  <testcase name="TC_08_CF_ProductBasketAddition" time="34.219" classname="CF_Install_Orders.TC_08_Install_CF_with_2Gbits"/>
  <testcase name="TC_06_CF_ProductBasketConfiguration_with_750Mbits" time="19.52" classname="CF_Install_Orders.TC_06_Install_CF_with_750Mbits"/>
  <testcase name="TC_08_CF_ProductBasketConfiguration_with_2Gbits" time="19.384" classname="CF_Install_Orders.TC_08_Install_CF_with_2Gbits"/>
  <testcase name="TC_12_CF_ProductBasketConfiguration_with_5Gbits" time="29.266" classname="CF_Install_Orders.TC_12_Install_CF_with_5Gbits"/>
  <testcase name="TC_06_CF_Installation_Information_Configuration" time="203.161" classname="CF_Install_Orders.TC_06_Install_CF_with_750Mbits">
    <failure type="java.lang.AssertionError" message=" failed">
      <![CDATA[java.lang.AssertionError:  failed
	at CF_Install_Orders.TC_06_Install_CF_with_750Mbits.TC_06_CF_Installation_Information_Configuration(TC_06_Install_CF_with_750Mbits.java:183)
	at java.util.concurrent.ThreadPoolExecutor.runWorker(Unknown Source)
	at java.util.concurrent.ThreadPoolExecutor$Worker.run(Unknown Source)
	at java.lang.Thread.run(Unknown Source)
... Removed 11 stack frames]]>
    </failure>
  </testcase> <!-- TC_06_CF_Installation_Information_Configuration -->
  <testcase name="TC_12_CF_Installation_Information_Configuration" time="203.204" classname="CF_Install_Orders.TC_12_Install_CF_with_5Gbits">
    <failure type="java.lang.AssertionError" message=" failed">
      <![CDATA[java.lang.AssertionError:  failed
	at CF_Install_Orders.TC_12_Install_CF_with_5Gbits.TC_12_CF_Installation_Information_Configuration(TC_12_Install_CF_with_5Gbits.java:184)
	at java.util.concurrent.ThreadPoolExecutor.runWorker(Unknown Source)
	at java.util.concurrent.ThreadPoolExecutor$Worker.run(Unknown Source)
	at java.lang.Thread.run(Unknown Source)
... Removed 11 stack frames]]>
    </failure>
  </testcase> <!-- TC_12_CF_Installation_Information_Configuration -->
  <testcase name="TC_08_CF_Installation_Information_Configuration" time="203.287" classname="CF_Install_Orders.TC_08_Install_CF_with_2Gbits">
    <failure type="java.lang.AssertionError" message=" failed">
      <![CDATA[java.lang.AssertionError:  failed
	at CF_Install_Orders.TC_08_Install_CF_with_2Gbits.TC_08_CF_Installation_Information_Configuration(TC_08_Install_CF_with_2Gbits.java:182)
	at java.util.concurrent.ThreadPoolExecutor.runWorker(Unknown Source)
	at java.util.concurrent.ThreadPoolExecutor$Worker.run(Unknown Source)
	at java.lang.Thread.run(Unknown Source)
... Removed 11 stack frames]]>
    </failure>
  </testcase> <!-- TC_08_CF_Installation_Information_Configuration -->
  <testcase name="TC_06_CF_Billing_Account_Assignment" time="200.27" classname="CF_Install_Orders.TC_06_Install_CF_with_750Mbits"/>
  <testcase name="TC_12_CF_Billing_Account_Assignment" time="200.283" classname="CF_Install_Orders.TC_12_Install_CF_with_5Gbits"/>
  <testcase name="TC_08_CF_Billing_Account_Assignment" time="200.076" classname="CF_Install_Orders.TC_08_Install_CF_with_2Gbits"/>
  <testcase name="TC_06_CF_Product_Basket_Upload" time="200.105" classname="CF_Install_Orders.TC_06_Install_CF_with_750Mbits"/>
  <testcase name="TC_12_CF_Product_Basket_Upload" time="200.114" classname="CF_Install_Orders.TC_12_Install_CF_with_5Gbits"/>
  <testcase name="TC_08_CF_Product_Basket_Upload" time="200.154" classname="CF_Install_Orders.TC_08_Install_CF_with_2Gbits"/>
  <testcase name="TC_06_CF_Validate_Order" time="200.282" classname="CF_Install_Orders.TC_06_Install_CF_with_750Mbits"/>
  <testcase name="TC_12_CF_Validate_Order" time="200.237" classname="CF_Install_Orders.TC_12_Install_CF_with_5Gbits"/>
  <testcase name="TC_08_CF_Validate_Order" time="200.307" classname="CF_Install_Orders.TC_08_Install_CF_with_2Gbits"/>
  <testcase name="TC_06_CF_SubOrders_Validation_And_Closure" time="200.39" classname="CF_Install_Orders.TC_06_Install_CF_with_750Mbits">
    <failure type="java.lang.AssertionError" message=" failed">
      <![CDATA[java.lang.AssertionError:  failed
	at CF_Install_Orders.TC_06_Install_CF_with_750Mbits.TC_06_CF_SubOrders_Validation_And_Closure(TC_06_Install_CF_with_750Mbits.java:244)
	at java.util.concurrent.ThreadPoolExecutor.runWorker(Unknown Source)
	at java.util.concurrent.ThreadPoolExecutor$Worker.run(Unknown Source)
	at java.lang.Thread.run(Unknown Source)
... Removed 11 stack frames]]>
    </failure>
  </testcase> <!-- TC_06_CF_SubOrders_Validation_And_Closure -->
  <testcase name="TC_12_CF_SubOrders_Validation_And_Closure" time="200.458" classname="CF_Install_Orders.TC_12_Install_CF_with_5Gbits">
    <failure type="java.lang.AssertionError" message=" failed">
      <![CDATA[java.lang.AssertionError:  failed
	at CF_Install_Orders.TC_12_Install_CF_with_5Gbits.TC_12_CF_SubOrders_Validation_And_Closure(TC_12_Install_CF_with_5Gbits.java:245)
	at java.util.concurrent.ThreadPoolExecutor.runWorker(Unknown Source)
	at java.util.concurrent.ThreadPoolExecutor$Worker.run(Unknown Source)
	at java.lang.Thread.run(Unknown Source)
... Removed 11 stack frames]]>
    </failure>
  </testcase> <!-- TC_12_CF_SubOrders_Validation_And_Closure -->
  <testcase name="TC_08_CF_SubOrders_Validation_And_Closure" time="200.309" classname="CF_Install_Orders.TC_08_Install_CF_with_2Gbits">
    <failure type="java.lang.AssertionError" message=" failed">
      <![CDATA[java.lang.AssertionError:  failed
	at CF_Install_Orders.TC_08_Install_CF_with_2Gbits.TC_08_CF_SubOrders_Validation_And_Closure(TC_08_Install_CF_with_2Gbits.java:243)
	at java.util.concurrent.ThreadPoolExecutor.runWorker(Unknown Source)
	at java.util.concurrent.ThreadPoolExecutor$Worker.run(Unknown Source)
	at java.lang.Thread.run(Unknown Source)
... Removed 11 stack frames]]>
    </failure>
  </testcase> <!-- TC_08_CF_SubOrders_Validation_And_Closure -->
</testsuite> <!-- CF-Install-Orders6 -->
