<html>
<head>
<title>TestNG:  CF-Install-Orders9</title>
<link href="../testng.css" rel="stylesheet" type="text/css" />
<link href="../my-testng.css" rel="stylesheet" type="text/css" />

<style type="text/css">
.log { display: none;} 
.stack-trace { display: none;} 
</style>
<script type="text/javascript">
<!--
function flip(e) {
  current = e.style.display;
  if (current == 'block') {
    e.style.display = 'none';
    return 0;
  }
  else {
    e.style.display = 'block';
    return 1;
  }
}

function toggleBox(szDivId, elem, msg1, msg2)
{
  var res = -1;  if (document.getElementById) {
    res = flip(document.getElementById(szDivId));
  }
  else if (document.all) {
    // this is the way old msie versions work
    res = flip(document.all[szDivId]);
  }
  if(elem) {
    if(res == 0) elem.innerHTML = msg1; else elem.innerHTML = msg2;
  }

}

function toggleAllBoxes() {
  if (document.getElementsByTagName) {
    d = document.getElementsByTagName('div');
    for (i = 0; i < d.length; i++) {
      if (d[i].className == 'log') {
        flip(d[i]);
      }
    }
  }
}

// -->
</script>

</head>
<body>
<h2 align='center'>CF-Install-Orders9</h2><table border='1' align="center">
<tr>
<td>Tests passed/Failed/Skipped:</td><td>29/4/0</td>
</tr><tr>
<td>Started on:</td><td>Fri Oct 13 00:02:07 IST 2017</td>
</tr>
<tr><td>Total time:</td><td>967 seconds (967655 ms)</td>
</tr><tr>
<td>Included groups:</td><td></td>
</tr><tr>
<td>Excluded groups:</td><td></td>
</tr>
</table><p/>
<small><i>(Hover the method name to see the test class name)</i></small><p/>
<table width='100%' border='1' class='invocation-failed'>
<tr><td colspan='4' align='center'><b>FAILED TESTS</b></td></tr>
<tr><td><b>Test method</b></td>
<td width="30%"><b>Exception</b></td>
<td width="10%"><b>Time (seconds)</b></td>
<td><b>Instance</b></td>
</tr>
<tr>
<td title='CF_Install_Orders.TC_05_Install_CF_with_500Mbits.TC_05_CF_Installation_Information_Configuration()'><b>TC_05_CF_Installation_Information_Configuration</b><br>Test class: CF_Install_Orders.TC_05_Install_CF_with_500Mbits<br/>
<a href="#Output-2060821944" onClick='toggleBox("Output-2060821944", this, "Show output", "Hide output");'>Show output</a>

<a href="#Output-2060821944" onClick="toggleAllBoxes();">Show all outputs</a>
<div class='log' id="Output-2060821944">
Error occurs while configuring Installation information due to org.openqa.selenium.TimeoutException: Expected condition failed: waiting for visibility of Proxy element for: DefaultElementLocator 'By.xpath: .//*[@id='bodyCell']/div/div/div[3]/div[2]/div[1]/div/header/div[4]/span' (tried for 200 second(s) with 500 MILLISECONDS interval)
Build info: version: '3.0.1', revision: '1969d75', time: '2016-10-18 09:49:13 -0700'
System info: host: 'C4LAP149', ip: '192.168.1.4', os.name: 'Windows 7', os.arch: 'amd64', os.version: '6.1', java.version: '1.8.0_101'
Driver info: org.openqa.selenium.chrome.ChromeDriver
Capabilities [{applicationCacheEnabled=false, rotatable=false, mobileEmulationEnabled=false, networkConnectionEnabled=false, chrome={chromedriverVersion=2.28.455520 (cc17746adff54984afff480136733114c6b3704b), userDataDir=C:\Users\support\AppData\Local\Temp\scoped_dir6504_30185}, takesHeapSnapshot=true, pageLoadStrategy=normal, databaseEnabled=false, handlesAlerts=true, hasTouchScreen=false, version=61.0.3163.100, platform=XP, browserConnectionEnabled=false, nativeEvents=true, acceptSslCerts=true, locationContextEnabled=true, webStorageEnabled=true, browserName=chrome, takesScreenshot=true, javascriptEnabled=true, cssSelectorsEnabled=true, unexpectedAlertBehaviour=}]
Session ID: 7c1332706393361a77bb55ea655ce8a9<br/>
</div>
</td>
<td><div><pre>java.lang.AssertionError:  failed
	at CF_Install_Orders.TC_05_Install_CF_with_500Mbits.TC_05_CF_Installation_Information_Configuration(TC_05_Install_CF_with_500Mbits.java:183)
	at java.util.concurrent.ThreadPoolExecutor.runWorker(Unknown Source)
	at java.util.concurrent.ThreadPoolExecutor$Worker.run(Unknown Source)
	at java.lang.Thread.run(Unknown Source)
... Removed 11 stack frames</pre></div><a href='#' onClick='toggleBox("stack-trace2060821944", this, "Click to show all stack frames", "Click to hide stack frames")'>Click to show all stack frames</a>
<div class='stack-trace' id='stack-trace2060821944'><pre>java.lang.AssertionError:  failed
	at org.testng.Assert.fail(Assert.java:94)
	at CF_Install_Orders.TC_05_Install_CF_with_500Mbits.TC_05_CF_Installation_Information_Configuration(TC_05_Install_CF_with_500Mbits.java:183)
	at sun.reflect.NativeMethodAccessorImpl.invoke0(Native Method)
	at sun.reflect.NativeMethodAccessorImpl.invoke(Unknown Source)
	at sun.reflect.DelegatingMethodAccessorImpl.invoke(Unknown Source)
	at java.lang.reflect.Method.invoke(Unknown Source)
	at org.testng.internal.MethodInvocationHelper.invokeMethod(MethodInvocationHelper.java:104)
	at org.testng.internal.Invoker.invokeMethod(Invoker.java:645)
	at org.testng.internal.Invoker.invokeTestMethod(Invoker.java:851)
	at org.testng.internal.Invoker.invokeTestMethods(Invoker.java:1177)
	at org.testng.internal.TestMethodWorker.invokeTestMethods(TestMethodWorker.java:129)
	at org.testng.internal.TestMethodWorker.run(TestMethodWorker.java:112)
	at java.util.concurrent.ThreadPoolExecutor.runWorker(Unknown Source)
	at java.util.concurrent.ThreadPoolExecutor$Worker.run(Unknown Source)
	at java.lang.Thread.run(Unknown Source)
</pre></div></td>
<td>203</td>
<td>CF_Install_Orders.TC_05_Install_CF_with_500Mbits@75c072cb</td></tr>
<tr>
<td title='CF_Install_Orders.TC_05_Install_CF_with_500Mbits.TC_05_CF_SubOrders_Validation_And_Closure()'><b>TC_05_CF_SubOrders_Validation_And_Closure</b><br>Test class: CF_Install_Orders.TC_05_Install_CF_with_500Mbits<br/>
<a href="#Output-775862079" onClick='toggleBox("Output-775862079", this, "Show output", "Hide output");'>Show output</a>

<a href="#Output-775862079" onClick="toggleAllBoxes();">Show all outputs</a>
<div class='log' id="Output-775862079">
Error occurs while Validating Sub-orders due to org.openqa.selenium.TimeoutException: Expected condition failed: waiting for visibility of Proxy element for: DefaultElementLocator 'By.xpath: .//*[@id='opp11_ileinner']' (tried for 200 second(s) with 500 MILLISECONDS interval)
Build info: version: '3.0.1', revision: '1969d75', time: '2016-10-18 09:49:13 -0700'
System info: host: 'C4LAP149', ip: '192.168.1.4', os.name: 'Windows 7', os.arch: 'amd64', os.version: '6.1', java.version: '1.8.0_101'
Driver info: org.openqa.selenium.chrome.ChromeDriver
Capabilities [{applicationCacheEnabled=false, rotatable=false, mobileEmulationEnabled=false, networkConnectionEnabled=false, chrome={chromedriverVersion=2.28.455520 (cc17746adff54984afff480136733114c6b3704b), userDataDir=C:\Users\support\AppData\Local\Temp\scoped_dir6504_30185}, takesHeapSnapshot=true, pageLoadStrategy=normal, databaseEnabled=false, handlesAlerts=true, hasTouchScreen=false, version=61.0.3163.100, platform=XP, browserConnectionEnabled=false, nativeEvents=true, acceptSslCerts=true, locationContextEnabled=true, webStorageEnabled=true, browserName=chrome, takesScreenshot=true, javascriptEnabled=true, cssSelectorsEnabled=true, unexpectedAlertBehaviour=}]
Session ID: 7c1332706393361a77bb55ea655ce8a9<br/>
</div>
</td>
<td><div><pre>java.lang.AssertionError:  failed
	at CF_Install_Orders.TC_05_Install_CF_with_500Mbits.TC_05_CF_SubOrders_Validation_And_Closure(TC_05_Install_CF_with_500Mbits.java:244)
	at java.util.concurrent.ThreadPoolExecutor.runWorker(Unknown Source)
	at java.util.concurrent.ThreadPoolExecutor$Worker.run(Unknown Source)
	at java.lang.Thread.run(Unknown Source)
... Removed 11 stack frames</pre></div><a href='#' onClick='toggleBox("stack-trace775862079", this, "Click to show all stack frames", "Click to hide stack frames")'>Click to show all stack frames</a>
<div class='stack-trace' id='stack-trace775862079'><pre>java.lang.AssertionError:  failed
	at org.testng.Assert.fail(Assert.java:94)
	at CF_Install_Orders.TC_05_Install_CF_with_500Mbits.TC_05_CF_SubOrders_Validation_And_Closure(TC_05_Install_CF_with_500Mbits.java:244)
	at sun.reflect.NativeMethodAccessorImpl.invoke0(Native Method)
	at sun.reflect.NativeMethodAccessorImpl.invoke(Unknown Source)
	at sun.reflect.DelegatingMethodAccessorImpl.invoke(Unknown Source)
	at java.lang.reflect.Method.invoke(Unknown Source)
	at org.testng.internal.MethodInvocationHelper.invokeMethod(MethodInvocationHelper.java:104)
	at org.testng.internal.Invoker.invokeMethod(Invoker.java:645)
	at org.testng.internal.Invoker.invokeTestMethod(Invoker.java:851)
	at org.testng.internal.Invoker.invokeTestMethods(Invoker.java:1177)
	at org.testng.internal.TestMethodWorker.invokeTestMethods(TestMethodWorker.java:129)
	at org.testng.internal.TestMethodWorker.run(TestMethodWorker.java:112)
	at java.util.concurrent.ThreadPoolExecutor.runWorker(Unknown Source)
	at java.util.concurrent.ThreadPoolExecutor$Worker.run(Unknown Source)
	at java.lang.Thread.run(Unknown Source)
</pre></div></td>
<td>200</td>
<td>CF_Install_Orders.TC_05_Install_CF_with_500Mbits@75c072cb</td></tr>
<tr>
<td title='CF_Install_Orders.TC_11_Install_CF_with_4Gbits.TC_11_CF_Installation_Information_Configuration()'><b>TC_11_CF_Installation_Information_Configuration</b><br>Test class: CF_Install_Orders.TC_11_Install_CF_with_4Gbits<br/>
<a href="#Output-918342017" onClick='toggleBox("Output-918342017", this, "Show output", "Hide output");'>Show output</a>

<a href="#Output-918342017" onClick="toggleAllBoxes();">Show all outputs</a>
<div class='log' id="Output-918342017">
Error occurs while configuring Installation information due to org.openqa.selenium.TimeoutException: Expected condition failed: waiting for visibility of Proxy element for: DefaultElementLocator 'By.xpath: .//*[@id='bodyCell']/div/div/div[3]/div[2]/div[1]/div/header/div[4]/span' (tried for 200 second(s) with 500 MILLISECONDS interval)
Build info: version: '3.0.1', revision: '1969d75', time: '2016-10-18 09:49:13 -0700'
System info: host: 'C4LAP149', ip: '192.168.1.4', os.name: 'Windows 7', os.arch: 'amd64', os.version: '6.1', java.version: '1.8.0_101'
Driver info: org.openqa.selenium.chrome.ChromeDriver
Capabilities [{applicationCacheEnabled=false, rotatable=false, mobileEmulationEnabled=false, networkConnectionEnabled=false, chrome={chromedriverVersion=2.28.455520 (cc17746adff54984afff480136733114c6b3704b), userDataDir=C:\Users\support\AppData\Local\Temp\scoped_dir10376_13003}, takesHeapSnapshot=true, pageLoadStrategy=normal, databaseEnabled=false, handlesAlerts=true, hasTouchScreen=false, version=61.0.3163.100, platform=XP, browserConnectionEnabled=false, nativeEvents=true, acceptSslCerts=true, locationContextEnabled=true, webStorageEnabled=true, browserName=chrome, takesScreenshot=true, javascriptEnabled=true, cssSelectorsEnabled=true, unexpectedAlertBehaviour=}]
Session ID: b24b5a16a8eec95b8ed498bd7481396b<br/>
</div>
</td>
<td><div><pre>java.lang.AssertionError:  failed
	at CF_Install_Orders.TC_11_Install_CF_with_4Gbits.TC_11_CF_Installation_Information_Configuration(TC_11_Install_CF_with_4Gbits.java:183)
	at java.util.concurrent.ThreadPoolExecutor.runWorker(Unknown Source)
	at java.util.concurrent.ThreadPoolExecutor$Worker.run(Unknown Source)
	at java.lang.Thread.run(Unknown Source)
... Removed 11 stack frames</pre></div><a href='#' onClick='toggleBox("stack-trace918342017", this, "Click to show all stack frames", "Click to hide stack frames")'>Click to show all stack frames</a>
<div class='stack-trace' id='stack-trace918342017'><pre>java.lang.AssertionError:  failed
	at org.testng.Assert.fail(Assert.java:94)
	at CF_Install_Orders.TC_11_Install_CF_with_4Gbits.TC_11_CF_Installation_Information_Configuration(TC_11_Install_CF_with_4Gbits.java:183)
	at sun.reflect.NativeMethodAccessorImpl.invoke0(Native Method)
	at sun.reflect.NativeMethodAccessorImpl.invoke(Unknown Source)
	at sun.reflect.DelegatingMethodAccessorImpl.invoke(Unknown Source)
	at java.lang.reflect.Method.invoke(Unknown Source)
	at org.testng.internal.MethodInvocationHelper.invokeMethod(MethodInvocationHelper.java:104)
	at org.testng.internal.Invoker.invokeMethod(Invoker.java:645)
	at org.testng.internal.Invoker.invokeTestMethod(Invoker.java:851)
	at org.testng.internal.Invoker.invokeTestMethods(Invoker.java:1177)
	at org.testng.internal.TestMethodWorker.invokeTestMethods(TestMethodWorker.java:129)
	at org.testng.internal.TestMethodWorker.run(TestMethodWorker.java:112)
	at java.util.concurrent.ThreadPoolExecutor.runWorker(Unknown Source)
	at java.util.concurrent.ThreadPoolExecutor$Worker.run(Unknown Source)
	at java.lang.Thread.run(Unknown Source)
</pre></div></td>
<td>203</td>
<td>CF_Install_Orders.TC_11_Install_CF_with_4Gbits@1f1c7bf6</td></tr>
<tr>
<td title='CF_Install_Orders.TC_11_Install_CF_with_4Gbits.TC_11_CF_SubOrders_Validation_And_Closure()'><b>TC_11_CF_SubOrders_Validation_And_Closure</b><br>Test class: CF_Install_Orders.TC_11_Install_CF_with_4Gbits<br/>
<a href="#Output-1619421716" onClick='toggleBox("Output-1619421716", this, "Show output", "Hide output");'>Show output</a>

<a href="#Output-1619421716" onClick="toggleAllBoxes();">Show all outputs</a>
<div class='log' id="Output-1619421716">
Error occurs while Validating Sub-orders due to org.openqa.selenium.TimeoutException: Expected condition failed: waiting for visibility of Proxy element for: DefaultElementLocator 'By.xpath: .//*[@id='opp11_ileinner']' (tried for 200 second(s) with 500 MILLISECONDS interval)
Build info: version: '3.0.1', revision: '1969d75', time: '2016-10-18 09:49:13 -0700'
System info: host: 'C4LAP149', ip: '192.168.1.4', os.name: 'Windows 7', os.arch: 'amd64', os.version: '6.1', java.version: '1.8.0_101'
Driver info: org.openqa.selenium.chrome.ChromeDriver
Capabilities [{applicationCacheEnabled=false, rotatable=false, mobileEmulationEnabled=false, networkConnectionEnabled=false, chrome={chromedriverVersion=2.28.455520 (cc17746adff54984afff480136733114c6b3704b), userDataDir=C:\Users\support\AppData\Local\Temp\scoped_dir10376_13003}, takesHeapSnapshot=true, pageLoadStrategy=normal, databaseEnabled=false, handlesAlerts=true, hasTouchScreen=false, version=61.0.3163.100, platform=XP, browserConnectionEnabled=false, nativeEvents=true, acceptSslCerts=true, locationContextEnabled=true, webStorageEnabled=true, browserName=chrome, takesScreenshot=true, javascriptEnabled=true, cssSelectorsEnabled=true, unexpectedAlertBehaviour=}]
Session ID: b24b5a16a8eec95b8ed498bd7481396b<br/>
</div>
</td>
<td><div><pre>java.lang.AssertionError:  failed
	at CF_Install_Orders.TC_11_Install_CF_with_4Gbits.TC_11_CF_SubOrders_Validation_And_Closure(TC_11_Install_CF_with_4Gbits.java:244)
	at java.util.concurrent.ThreadPoolExecutor.runWorker(Unknown Source)
	at java.util.concurrent.ThreadPoolExecutor$Worker.run(Unknown Source)
	at java.lang.Thread.run(Unknown Source)
... Removed 11 stack frames</pre></div><a href='#' onClick='toggleBox("stack-trace1619421716", this, "Click to show all stack frames", "Click to hide stack frames")'>Click to show all stack frames</a>
<div class='stack-trace' id='stack-trace1619421716'><pre>java.lang.AssertionError:  failed
	at org.testng.Assert.fail(Assert.java:94)
	at CF_Install_Orders.TC_11_Install_CF_with_4Gbits.TC_11_CF_SubOrders_Validation_And_Closure(TC_11_Install_CF_with_4Gbits.java:244)
	at sun.reflect.NativeMethodAccessorImpl.invoke0(Native Method)
	at sun.reflect.NativeMethodAccessorImpl.invoke(Unknown Source)
	at sun.reflect.DelegatingMethodAccessorImpl.invoke(Unknown Source)
	at java.lang.reflect.Method.invoke(Unknown Source)
	at org.testng.internal.MethodInvocationHelper.invokeMethod(MethodInvocationHelper.java:104)
	at org.testng.internal.Invoker.invokeMethod(Invoker.java:645)
	at org.testng.internal.Invoker.invokeTestMethod(Invoker.java:851)
	at org.testng.internal.Invoker.invokeTestMethods(Invoker.java:1177)
	at org.testng.internal.TestMethodWorker.invokeTestMethods(TestMethodWorker.java:129)
	at org.testng.internal.TestMethodWorker.run(TestMethodWorker.java:112)
	at java.util.concurrent.ThreadPoolExecutor.runWorker(Unknown Source)
	at java.util.concurrent.ThreadPoolExecutor$Worker.run(Unknown Source)
	at java.lang.Thread.run(Unknown Source)
</pre></div></td>
<td>200</td>
<td>CF_Install_Orders.TC_11_Install_CF_with_4Gbits@1f1c7bf6</td></tr>
</table><p>
<table width='100%' border='1' class='invocation-passed'>
<tr><td colspan='4' align='center'><b>PASSED TESTS</b></td></tr>
<tr><td><b>Test method</b></td>
<td width="30%"><b>Exception</b></td>
<td width="10%"><b>Time (seconds)</b></td>
<td><b>Instance</b></td>
</tr>
<tr>
<td title='CF_Install_Orders.TC_05_Install_CF_with_500Mbits.TC_05_AddressValidation()'><b>TC_05_AddressValidation</b><br>Test class: CF_Install_Orders.TC_05_Install_CF_with_500Mbits<br/>
<a href="#Output-1801931989" onClick='toggleBox("Output-1801931989", this, "Show output", "Hide output");'>Show output</a>

<a href="#Output-1801931989" onClick="toggleAllBoxes();">Show all outputs</a>
<div class='log' id="Output-1801931989">
Validate Address clicked<br/>
FindAddress clicked<br/>
Address selected<br/>
Adress or sevice availablity issue---Please check the address<br/>
Address Validated<br/>
</div>
</td>
<td></td>
<td>22</td>
<td>CF_Install_Orders.TC_05_Install_CF_with_500Mbits@75c072cb</td></tr>
<tr>
<td title='CF_Install_Orders.TC_05_Install_CF_with_500Mbits.TC_05_CF_Billing_Account_Assignment()'><b>TC_05_CF_Billing_Account_Assignment</b><br>Test class: CF_Install_Orders.TC_05_Install_CF_with_500Mbits<br/>
<a href="#Output-1311911990" onClick='toggleBox("Output-1311911990", this, "Show output", "Hide output");'>Show output</a>

<a href="#Output-1311911990" onClick="toggleAllBoxes();">Show all outputs</a>
<div class='log' id="Output-1311911990">
Billing account creation failed due to org.openqa.selenium.TimeoutException: Expected condition failed: waiting for element to be clickable: Proxy element for: DefaultElementLocator 'By.xpath: //button[@class='ng-binding ng-isolate-scope icon IconAssignBillingAccount']' (tried for 200 second(s) with 500 MILLISECONDS interval)
Build info: version: '3.0.1', revision: '1969d75', time: '2016-10-18 09:49:13 -0700'
System info: host: 'C4LAP149', ip: '192.168.1.4', os.name: 'Windows 7', os.arch: 'amd64', os.version: '6.1', java.version: '1.8.0_101'
Driver info: org.openqa.selenium.chrome.ChromeDriver
Capabilities [{applicationCacheEnabled=false, rotatable=false, mobileEmulationEnabled=false, networkConnectionEnabled=false, chrome={chromedriverVersion=2.28.455520 (cc17746adff54984afff480136733114c6b3704b), userDataDir=C:\Users\support\AppData\Local\Temp\scoped_dir6504_30185}, takesHeapSnapshot=true, pageLoadStrategy=normal, databaseEnabled=false, handlesAlerts=true, hasTouchScreen=false, version=61.0.3163.100, platform=XP, browserConnectionEnabled=false, nativeEvents=true, acceptSslCerts=true, locationContextEnabled=true, webStorageEnabled=true, browserName=chrome, takesScreenshot=true, javascriptEnabled=true, cssSelectorsEnabled=true, unexpectedAlertBehaviour=}]
Session ID: 7c1332706393361a77bb55ea655ce8a9<br/>
========Billing Account Assignment was successfully configured============<br/>
</div>
</td>
<td></td>
<td>200</td>
<td>CF_Install_Orders.TC_05_Install_CF_with_500Mbits@75c072cb</td></tr>
<tr>
<td title='CF_Install_Orders.TC_05_Install_CF_with_500Mbits.TC_05_CF_ProductBasketAddition()'><b>TC_05_CF_ProductBasketAddition</b><br>Test class: CF_Install_Orders.TC_05_Install_CF_with_500Mbits<br/>
<a href="#Output-1582504312" onClick='toggleBox("Output-1582504312", this, "Show output", "Hide output");'>Show output</a>

<a href="#Output-1582504312" onClick="toggleAllBoxes();">Show all outputs</a>
<div class='log' id="Output-1582504312">
New product basket button clicked in opportunity page<br/>
Addproduct button clicked in product configuration page<br/>
CF product selected<br/>
Address bar clicked<br/>
Customer Address search button clicked successfully<br/>
Customer Address successfully selected<br/>
Successfully added product to the basket and also confirmed<br/>
Product successfully added to cart<br/>
</div>
</td>
<td></td>
<td>33</td>
<td>CF_Install_Orders.TC_05_Install_CF_with_500Mbits@75c072cb</td></tr>
<tr>
<td title='CF_Install_Orders.TC_05_Install_CF_with_500Mbits.TC_05_CF_ProductBasketConfiguration_with_500Mbits()'><b>TC_05_CF_ProductBasketConfiguration_with_500Mbits</b><br>Test class: CF_Install_Orders.TC_05_Install_CF_with_500Mbits<br/>
<a href="#Output-238877064" onClick='toggleBox("Output-238877064", this, "Show output", "Hide output");'>Show output</a>

<a href="#Output-238877064" onClick="toggleAllBoxes();">Show all outputs</a>
<div class='log' id="Output-238877064">
Edit basket button clicked<br/>
Iframe switched<br/>
Company fiber Product selected<br/>
Product description as [[ChromeDriver: chrome on XP (7c1332706393361a77bb55ea655ce8a9)] -> xpath: .//*[@id='Allgemeine_Informationen:Product_Description_0'][contains(text(), 'Company Fiber')]] value loaded<br/>
Monthly charges value as 200 entered<br/>
Upfront fee chargees value as 100 entered<br/>
Error occurs during product basket configuration is org.openqa.selenium.StaleElementReferenceException: stale element reference: element is not attached to the page document
  (Session info: chrome=61.0.3163.100)
  (Driver info: chromedriver=2.28.455520 (cc17746adff54984afff480136733114c6b3704b),platform=Windows NT 6.1.7601 SP1 x86_64) (WARNING: The server did not provide any stacktrace information)
Command duration or timeout: 184 milliseconds
For documentation on this error, please visit: http://seleniumhq.org/exceptions/stale_element_reference.html
Build info: version: '3.0.1', revision: '1969d75', time: '2016-10-18 09:49:13 -0700'
System info: host: 'C4LAP149', ip: '192.168.1.4', os.name: 'Windows 7', os.arch: 'amd64', os.version: '6.1', java.version: '1.8.0_101'
Driver info: org.openqa.selenium.chrome.ChromeDriver
Capabilities [{applicationCacheEnabled=false, rotatable=false, mobileEmulationEnabled=false, networkConnectionEnabled=false, chrome={chromedriverVersion=2.28.455520 (cc17746adff54984afff480136733114c6b3704b), userDataDir=C:\Users\support\AppData\Local\Temp\scoped_dir6504_30185}, takesHeapSnapshot=true, pageLoadStrategy=normal, databaseEnabled=false, handlesAlerts=true, hasTouchScreen=false, version=61.0.3163.100, platform=XP, browserConnectionEnabled=false, nativeEvents=true, acceptSslCerts=true, locationContextEnabled=true, webStorageEnabled=true, browserName=chrome, takesScreenshot=true, javascriptEnabled=true, cssSelectorsEnabled=true, unexpectedAlertBehaviour=}]
Session ID: 7c1332706393361a77bb55ea655ce8a9<br/>
CF Product successfully configured<br/>
</div>
</td>
<td></td>
<td>18</td>
<td>CF_Install_Orders.TC_05_Install_CF_with_500Mbits@75c072cb</td></tr>
<tr>
<td title='CF_Install_Orders.TC_05_Install_CF_with_500Mbits.TC_05_CF_Product_Basket_Upload()'><b>TC_05_CF_Product_Basket_Upload</b><br>Test class: CF_Install_Orders.TC_05_Install_CF_with_500Mbits<br/>
<a href="#Output-666293438" onClick='toggleBox("Output-666293438", this, "Show output", "Hide output");'>Show output</a>

<a href="#Output-666293438" onClick="toggleAllBoxes();">Show all outputs</a>
<div class='log' id="Output-666293438">
Product basket upload faile due to org.openqa.selenium.TimeoutException: Expected condition failed: waiting for element to be clickable: Proxy element for: DefaultElementLocator 'By.xpath: .//*[@id='bodyCell']/div/div/div[3]/div[2]/div[1]/div/header/div[2]/span' (tried for 200 second(s) with 500 MILLISECONDS interval)
Build info: version: '3.0.1', revision: '1969d75', time: '2016-10-18 09:49:13 -0700'
System info: host: 'C4LAP149', ip: '192.168.1.4', os.name: 'Windows 7', os.arch: 'amd64', os.version: '6.1', java.version: '1.8.0_101'
Driver info: org.openqa.selenium.chrome.ChromeDriver
Capabilities [{applicationCacheEnabled=false, rotatable=false, mobileEmulationEnabled=false, networkConnectionEnabled=false, chrome={chromedriverVersion=2.28.455520 (cc17746adff54984afff480136733114c6b3704b), userDataDir=C:\Users\support\AppData\Local\Temp\scoped_dir6504_30185}, takesHeapSnapshot=true, pageLoadStrategy=normal, databaseEnabled=false, handlesAlerts=true, hasTouchScreen=false, version=61.0.3163.100, platform=XP, browserConnectionEnabled=false, nativeEvents=true, acceptSslCerts=true, locationContextEnabled=true, webStorageEnabled=true, browserName=chrome, takesScreenshot=true, javascriptEnabled=true, cssSelectorsEnabled=true, unexpectedAlertBehaviour=}]
Session ID: 7c1332706393361a77bb55ea655ce8a9<br/>
========Billing Account Assignment was successfully configured============<br/>
</div>
</td>
<td></td>
<td>200</td>
<td>CF_Install_Orders.TC_05_Install_CF_with_500Mbits@75c072cb</td></tr>
<tr>
<td title='CF_Install_Orders.TC_05_Install_CF_with_500Mbits.TC_05_CF_Validate_Order()'><b>TC_05_CF_Validate_Order</b><br>Test class: CF_Install_Orders.TC_05_Install_CF_with_500Mbits<br/>
<a href="#Output-93442481" onClick='toggleBox("Output-93442481", this, "Show output", "Hide output");'>Show output</a>

<a href="#Output-93442481" onClick="toggleAllBoxes();">Show all outputs</a>
<div class='log' id="Output-93442481">
order validation failed due to org.openqa.selenium.TimeoutException: Expected condition failed: waiting for visibility of Proxy element for: DefaultElementLocator 'By.xpath: //div[@class='pbHeader']//input[@value='Validate Order']' (tried for 200 second(s) with 500 MILLISECONDS interval)
Build info: version: '3.0.1', revision: '1969d75', time: '2016-10-18 09:49:13 -0700'
System info: host: 'C4LAP149', ip: '192.168.1.4', os.name: 'Windows 7', os.arch: 'amd64', os.version: '6.1', java.version: '1.8.0_101'
Driver info: org.openqa.selenium.chrome.ChromeDriver
Capabilities [{applicationCacheEnabled=false, rotatable=false, mobileEmulationEnabled=false, networkConnectionEnabled=false, chrome={chromedriverVersion=2.28.455520 (cc17746adff54984afff480136733114c6b3704b), userDataDir=C:\Users\support\AppData\Local\Temp\scoped_dir6504_30185}, takesHeapSnapshot=true, pageLoadStrategy=normal, databaseEnabled=false, handlesAlerts=true, hasTouchScreen=false, version=61.0.3163.100, platform=XP, browserConnectionEnabled=false, nativeEvents=true, acceptSslCerts=true, locationContextEnabled=true, webStorageEnabled=true, browserName=chrome, takesScreenshot=true, javascriptEnabled=true, cssSelectorsEnabled=true, unexpectedAlertBehaviour=}]
Session ID: 7c1332706393361a77bb55ea655ce8a9<br/>
========Order validation was successfully performed============<br/>
</div>
</td>
<td></td>
<td>200</td>
<td>CF_Install_Orders.TC_05_Install_CF_with_500Mbits@75c072cb</td></tr>
<tr>
<td title='CF_Install_Orders.TC_05_Install_CF_with_500Mbits.TC_05_NewLeadCreation()'><b>TC_05_NewLeadCreation</b><br>Test class: CF_Install_Orders.TC_05_Install_CF_with_500Mbits<br>Parameters: natrajpencil, Mr., nat, rap, AG, abc@din.com, C VERARBEITENDES GEWERBE, Getrankeherstellung, SME, Baden-Württemberg (BAW), KREUZSTR, 26, FRANKFURT, 60435, HSN<br/>
<a href="#Output-2022560293" onClick='toggleBox("Output-2022560293", this, "Show output", "Hide output");'>Show output</a>

<a href="#Output-2022560293" onClick="toggleAllBoxes();">Show all outputs</a>
<div class='log' id="Output-2022560293">
Leads tab clicked<br/>
New lead button clicked<br/>
Account name passed<br/>
Salutation selected<br/>
Firstname passed<br/>
last name passed<br/>
Legal Entity type selected<br/>
Email value passed<br/>
phone value passed<br/>
NationalID value Passed<br/>
Industry classification asC VERARBEITENDES GEWERBEselected<br/>
Detailed Industry as Getrankeherstellung selected><br/>
segment as SME selected<br/>
constructional Organization as Baden-Württemberg (BAW) selected<br/>
visit street as KREUZSTR selected<br/>
visit house number as 26 selected<br/>
visit city as FRANKFURT selected<br/>
postal code as 60435   selected><br/>
visit state/provience as HSN   selected<br/>
<-----------Lead was successfully created------><br/>
</div>
</td>
<td></td>
<td>35</td>
<td>CF_Install_Orders.TC_05_Install_CF_with_500Mbits@75c072cb</td></tr>
<tr>
<td title='CF_Install_Orders.TC_05_Install_CF_with_500Mbits.TC_05_Opportunityconversion()'><b>TC_05_Opportunityconversion</b><br>Test class: CF_Install_Orders.TC_05_Install_CF_with_500Mbits<br/>
<a href="#Output-423897059" onClick='toggleBox("Output-423897059", this, "Show output", "Hide output");'>Show output</a>

<a href="#Output-423897059" onClick="toggleAllBoxes();">Show all outputs</a>
<div class='log' id="Output-423897059">
clicked convert button in leads page<br/>
clicked convert button in convert lead page<br/>
clicked on opportunity created in accounts page<br/>
Opportunity converted<br/>
</div>
</td>
<td></td>
<td>19</td>
<td>CF_Install_Orders.TC_05_Install_CF_with_500Mbits@75c072cb</td></tr>
<tr>
<td title='CF_Install_Orders.TC_05_Install_CF_with_500Mbits.TC_05_verifylogin()'><b>TC_05_verifylogin</b><br>Test class: CF_Install_Orders.TC_05_Install_CF_with_500Mbits<br>Parameters: thennuannamalai.s_um_jit@prodapt.com, Prodapt4#, null<br/>
<a href="#Output-2047863863" onClick='toggleBox("Output-2047863863", this, "Show output", "Hide output");'>Show output</a>

<a href="#Output-2047863863" onClick="toggleAllBoxes();">Show all outputs</a>
<div class='log' id="Output-2047863863">
entered email address:-thennuannamalai.s_um_jit@prodapt.com and object is [[ChromeDriver: chrome on XP (7c1332706393361a77bb55ea655ce8a9)] -> id: username]<br/>
entered password:-Prodapt4# and object is [[ChromeDriver: chrome on XP (7c1332706393361a77bb55ea655ce8a9)] -> id: password]<br/>
clicked on sublit butto and object is:-Proxy element for: DefaultElementLocator 'By.id: Login'<br/>
<a href='D:\Ibrahim-surat\B2B_OM_Automation_10-10-2017\B2B_OM_Automation\src\main\java\com\test\automation\OM_Automation\screenshot\verifyLoginRecords_13_10_2017_12_02_24.png'> <img src='D:\Ibrahim-surat\B2B_OM_Automation_10-10-2017\B2B_OM_Automation\src\main\java\com\test\automation\OM_Automation\screenshot\verifyLoginRecords_13_10_2017_12_02_24.png' height='100' width='100'/> </a><br/>
</div>
</td>
<td></td>
<td>3</td>
<td>CF_Install_Orders.TC_05_Install_CF_with_500Mbits@75c072cb</td></tr>
<tr>
<td title='CF_Install_Orders.TC_11_Install_CF_with_4Gbits.TC_11_AddressValidation()'><b>TC_11_AddressValidation</b><br>Test class: CF_Install_Orders.TC_11_Install_CF_with_4Gbits<br/>
<a href="#Output-1863594245" onClick='toggleBox("Output-1863594245", this, "Show output", "Hide output");'>Show output</a>

<a href="#Output-1863594245" onClick="toggleAllBoxes();">Show all outputs</a>
<div class='log' id="Output-1863594245">
Validate Address clicked<br/>
FindAddress clicked<br/>
Address selected<br/>
Adress or sevice availablity issue---Please check the address<br/>
Address Validated<br/>
</div>
</td>
<td></td>
<td>13</td>
<td>CF_Install_Orders.TC_11_Install_CF_with_4Gbits@1f1c7bf6</td></tr>
<tr>
<td title='CF_Install_Orders.TC_11_Install_CF_with_4Gbits.TC_11_CF_Billing_Account_Assignment()'><b>TC_11_CF_Billing_Account_Assignment</b><br>Test class: CF_Install_Orders.TC_11_Install_CF_with_4Gbits<br/>
<a href="#Output-774508967" onClick='toggleBox("Output-774508967", this, "Show output", "Hide output");'>Show output</a>

<a href="#Output-774508967" onClick="toggleAllBoxes();">Show all outputs</a>
<div class='log' id="Output-774508967">
Billing account creation failed due to org.openqa.selenium.TimeoutException: Expected condition failed: waiting for element to be clickable: Proxy element for: DefaultElementLocator 'By.xpath: //button[@class='ng-binding ng-isolate-scope icon IconAssignBillingAccount']' (tried for 200 second(s) with 500 MILLISECONDS interval)
Build info: version: '3.0.1', revision: '1969d75', time: '2016-10-18 09:49:13 -0700'
System info: host: 'C4LAP149', ip: '192.168.1.4', os.name: 'Windows 7', os.arch: 'amd64', os.version: '6.1', java.version: '1.8.0_101'
Driver info: org.openqa.selenium.chrome.ChromeDriver
Capabilities [{applicationCacheEnabled=false, rotatable=false, mobileEmulationEnabled=false, networkConnectionEnabled=false, chrome={chromedriverVersion=2.28.455520 (cc17746adff54984afff480136733114c6b3704b), userDataDir=C:\Users\support\AppData\Local\Temp\scoped_dir10376_13003}, takesHeapSnapshot=true, pageLoadStrategy=normal, databaseEnabled=false, handlesAlerts=true, hasTouchScreen=false, version=61.0.3163.100, platform=XP, browserConnectionEnabled=false, nativeEvents=true, acceptSslCerts=true, locationContextEnabled=true, webStorageEnabled=true, browserName=chrome, takesScreenshot=true, javascriptEnabled=true, cssSelectorsEnabled=true, unexpectedAlertBehaviour=}]
Session ID: b24b5a16a8eec95b8ed498bd7481396b<br/>
========Billing Account Assignment was successfully configured============<br/>
</div>
</td>
<td></td>
<td>200</td>
<td>CF_Install_Orders.TC_11_Install_CF_with_4Gbits@1f1c7bf6</td></tr>
<tr>
<td title='CF_Install_Orders.TC_11_Install_CF_with_4Gbits.TC_11_CF_ProductBasketAddition()'><b>TC_11_CF_ProductBasketAddition</b><br>Test class: CF_Install_Orders.TC_11_Install_CF_with_4Gbits<br/>
<a href="#Output-1247722945" onClick='toggleBox("Output-1247722945", this, "Show output", "Hide output");'>Show output</a>

<a href="#Output-1247722945" onClick="toggleAllBoxes();">Show all outputs</a>
<div class='log' id="Output-1247722945">
New product basket button clicked in opportunity page<br/>
Addproduct button clicked in product configuration page<br/>
CF product selected<br/>
Address bar clicked<br/>
Customer Address search button clicked successfully<br/>
Customer Address successfully selected<br/>
Successfully added product to the basket and also confirmed<br/>
Product successfully added to cart<br/>
</div>
</td>
<td></td>
<td>32</td>
<td>CF_Install_Orders.TC_11_Install_CF_with_4Gbits@1f1c7bf6</td></tr>
<tr>
<td title='CF_Install_Orders.TC_11_Install_CF_with_4Gbits.TC_11_CF_ProductBasketConfiguration_with_4Gbits()'><b>TC_11_CF_ProductBasketConfiguration_with_4Gbits</b><br>Test class: CF_Install_Orders.TC_11_Install_CF_with_4Gbits<br/>
<a href="#Output-1444702480" onClick='toggleBox("Output-1444702480", this, "Show output", "Hide output");'>Show output</a>

<a href="#Output-1444702480" onClick="toggleAllBoxes();">Show all outputs</a>
<div class='log' id="Output-1444702480">
Edit basket button clicked<br/>
Iframe switched<br/>
Company fiber Product selected<br/>
Error occurs during product basket configuration is org.openqa.selenium.TimeoutException: Expected condition failed: waiting for element to be clickable: Proxy element for: DefaultElementLocator 'By.xpath: .//*[@id='Allgemeine_Informationen:Product_Description_0'][contains(text(), 'Company Fiber')]' (tried for 200 second(s) with 500 MILLISECONDS interval)
Build info: version: '3.0.1', revision: '1969d75', time: '2016-10-18 09:49:13 -0700'
System info: host: 'C4LAP149', ip: '192.168.1.4', os.name: 'Windows 7', os.arch: 'amd64', os.version: '6.1', java.version: '1.8.0_101'
Driver info: org.openqa.selenium.chrome.ChromeDriver
Capabilities [{applicationCacheEnabled=false, rotatable=false, mobileEmulationEnabled=false, networkConnectionEnabled=false, chrome={chromedriverVersion=2.28.455520 (cc17746adff54984afff480136733114c6b3704b), userDataDir=C:\Users\support\AppData\Local\Temp\scoped_dir10376_13003}, takesHeapSnapshot=true, pageLoadStrategy=normal, databaseEnabled=false, handlesAlerts=true, hasTouchScreen=false, version=61.0.3163.100, platform=XP, browserConnectionEnabled=false, nativeEvents=true, acceptSslCerts=true, locationContextEnabled=true, webStorageEnabled=true, browserName=chrome, takesScreenshot=true, javascriptEnabled=true, cssSelectorsEnabled=true, unexpectedAlertBehaviour=}]
Session ID: b24b5a16a8eec95b8ed498bd7481396b<br/>
CF Product successfully configured<br/>
</div>
</td>
<td></td>
<td>215</td>
<td>CF_Install_Orders.TC_11_Install_CF_with_4Gbits@1f1c7bf6</td></tr>
<tr>
<td title='CF_Install_Orders.TC_11_Install_CF_with_4Gbits.TC_11_CF_Product_Basket_Upload()'><b>TC_11_CF_Product_Basket_Upload</b><br>Test class: CF_Install_Orders.TC_11_Install_CF_with_4Gbits<br/>
<a href="#Output-565024079" onClick='toggleBox("Output-565024079", this, "Show output", "Hide output");'>Show output</a>

<a href="#Output-565024079" onClick="toggleAllBoxes();">Show all outputs</a>
<div class='log' id="Output-565024079">
Product basket upload faile due to org.openqa.selenium.TimeoutException: Expected condition failed: waiting for element to be clickable: Proxy element for: DefaultElementLocator 'By.xpath: .//*[@id='bodyCell']/div/div/div[3]/div[2]/div[1]/div/header/div[2]/span' (tried for 200 second(s) with 500 MILLISECONDS interval)
Build info: version: '3.0.1', revision: '1969d75', time: '2016-10-18 09:49:13 -0700'
System info: host: 'C4LAP149', ip: '192.168.1.4', os.name: 'Windows 7', os.arch: 'amd64', os.version: '6.1', java.version: '1.8.0_101'
Driver info: org.openqa.selenium.chrome.ChromeDriver
Capabilities [{applicationCacheEnabled=false, rotatable=false, mobileEmulationEnabled=false, networkConnectionEnabled=false, chrome={chromedriverVersion=2.28.455520 (cc17746adff54984afff480136733114c6b3704b), userDataDir=C:\Users\support\AppData\Local\Temp\scoped_dir10376_13003}, takesHeapSnapshot=true, pageLoadStrategy=normal, databaseEnabled=false, handlesAlerts=true, hasTouchScreen=false, version=61.0.3163.100, platform=XP, browserConnectionEnabled=false, nativeEvents=true, acceptSslCerts=true, locationContextEnabled=true, webStorageEnabled=true, browserName=chrome, takesScreenshot=true, javascriptEnabled=true, cssSelectorsEnabled=true, unexpectedAlertBehaviour=}]
Session ID: b24b5a16a8eec95b8ed498bd7481396b<br/>
========Billing Account Assignment was successfully configured============<br/>
</div>
</td>
<td></td>
<td>200</td>
<td>CF_Install_Orders.TC_11_Install_CF_with_4Gbits@1f1c7bf6</td></tr>
<tr>
<td title='CF_Install_Orders.TC_11_Install_CF_with_4Gbits.TC_11_CF_Validate_Order()'><b>TC_11_CF_Validate_Order</b><br>Test class: CF_Install_Orders.TC_11_Install_CF_with_4Gbits<br/>
<a href="#Output-1422667151" onClick='toggleBox("Output-1422667151", this, "Show output", "Hide output");'>Show output</a>

<a href="#Output-1422667151" onClick="toggleAllBoxes();">Show all outputs</a>
<div class='log' id="Output-1422667151">
order validation failed due to org.openqa.selenium.TimeoutException: Expected condition failed: waiting for visibility of Proxy element for: DefaultElementLocator 'By.xpath: //div[@class='pbHeader']//input[@value='Validate Order']' (tried for 200 second(s) with 500 MILLISECONDS interval)
Build info: version: '3.0.1', revision: '1969d75', time: '2016-10-18 09:49:13 -0700'
System info: host: 'C4LAP149', ip: '192.168.1.4', os.name: 'Windows 7', os.arch: 'amd64', os.version: '6.1', java.version: '1.8.0_101'
Driver info: org.openqa.selenium.chrome.ChromeDriver
Capabilities [{applicationCacheEnabled=false, rotatable=false, mobileEmulationEnabled=false, networkConnectionEnabled=false, chrome={chromedriverVersion=2.28.455520 (cc17746adff54984afff480136733114c6b3704b), userDataDir=C:\Users\support\AppData\Local\Temp\scoped_dir10376_13003}, takesHeapSnapshot=true, pageLoadStrategy=normal, databaseEnabled=false, handlesAlerts=true, hasTouchScreen=false, version=61.0.3163.100, platform=XP, browserConnectionEnabled=false, nativeEvents=true, acceptSslCerts=true, locationContextEnabled=true, webStorageEnabled=true, browserName=chrome, takesScreenshot=true, javascriptEnabled=true, cssSelectorsEnabled=true, unexpectedAlertBehaviour=}]
Session ID: b24b5a16a8eec95b8ed498bd7481396b<br/>
========Order validation was successfully performed============<br/>
</div>
</td>
<td></td>
<td>200</td>
<td>CF_Install_Orders.TC_11_Install_CF_with_4Gbits@1f1c7bf6</td></tr>
<tr>
<td title='CF_Install_Orders.TC_11_Install_CF_with_4Gbits.TC_11_NewLeadCreation()'><b>TC_11_NewLeadCreation</b><br>Test class: CF_Install_Orders.TC_11_Install_CF_with_4Gbits<br>Parameters: natrajpencil, Mr., nat, rap, AG, abc@din.com, C VERARBEITENDES GEWERBE, Getrankeherstellung, SME, Baden-Württemberg (BAW), KREUZSTR, 26, FRANKFURT, 60435, HSN<br/>
<a href="#Output-811503653" onClick='toggleBox("Output-811503653", this, "Show output", "Hide output");'>Show output</a>

<a href="#Output-811503653" onClick="toggleAllBoxes();">Show all outputs</a>
<div class='log' id="Output-811503653">
Leads tab clicked<br/>
New lead button clicked<br/>
Account name passed<br/>
Salutation selected<br/>
Firstname passed<br/>
last name passed<br/>
Legal Entity type selected<br/>
Email value passed<br/>
phone value passed<br/>
NationalID value Passed<br/>
Industry classification asC VERARBEITENDES GEWERBEselected<br/>
Detailed Industry as Getrankeherstellung selected><br/>
segment as SME selected<br/>
constructional Organization as Baden-Württemberg (BAW) selected<br/>
visit street as KREUZSTR selected<br/>
visit house number as 26 selected<br/>
visit city as FRANKFURT selected<br/>
postal code as 60435   selected><br/>
visit state/provience as HSN   selected<br/>
<-----------Lead was successfully created------><br/>
</div>
</td>
<td></td>
<td>25</td>
<td>CF_Install_Orders.TC_11_Install_CF_with_4Gbits@1f1c7bf6</td></tr>
<tr>
<td title='CF_Install_Orders.TC_11_Install_CF_with_4Gbits.TC_11_Opportunityconversion()'><b>TC_11_Opportunityconversion</b><br>Test class: CF_Install_Orders.TC_11_Install_CF_with_4Gbits<br/>
<a href="#Output-425320356" onClick='toggleBox("Output-425320356", this, "Show output", "Hide output");'>Show output</a>

<a href="#Output-425320356" onClick="toggleAllBoxes();">Show all outputs</a>
<div class='log' id="Output-425320356">
clicked convert button in leads page<br/>
clicked convert button in convert lead page<br/>
Exeption throwed in opportunity conversion org.openqa.selenium.NoSuchElementException: no such element: Unable to locate element: {"method":"xpath","selector":"html/body/div[1]/div[2]/table/tbody/tr/td[2]/div[9]/div[1]/div/div[2]/table/tbody/tr[2]/th/a"}
  (Session info: chrome=61.0.3163.100)
  (Driver info: chromedriver=2.28.455520 (cc17746adff54984afff480136733114c6b3704b),platform=Windows NT 6.1.7601 SP1 x86_64) (WARNING: The server did not provide any stacktrace information)
Command duration or timeout: 5.52 seconds
For documentation on this error, please visit: http://seleniumhq.org/exceptions/no_such_element.html
Build info: version: '3.0.1', revision: '1969d75', time: '2016-10-18 09:49:13 -0700'
System info: host: 'C4LAP149', ip: '192.168.1.4', os.name: 'Windows 7', os.arch: 'amd64', os.version: '6.1', java.version: '1.8.0_101'
Driver info: org.openqa.selenium.chrome.ChromeDriver
Capabilities [{applicationCacheEnabled=false, rotatable=false, mobileEmulationEnabled=false, networkConnectionEnabled=false, chrome={chromedriverVersion=2.28.455520 (cc17746adff54984afff480136733114c6b3704b), userDataDir=C:\Users\support\AppData\Local\Temp\scoped_dir10376_13003}, takesHeapSnapshot=true, pageLoadStrategy=normal, databaseEnabled=false, handlesAlerts=true, hasTouchScreen=false, version=61.0.3163.100, platform=XP, browserConnectionEnabled=false, nativeEvents=true, acceptSslCerts=true, locationContextEnabled=true, webStorageEnabled=true, browserName=chrome, takesScreenshot=true, javascriptEnabled=true, cssSelectorsEnabled=true, unexpectedAlertBehaviour=}]
Session ID: b24b5a16a8eec95b8ed498bd7481396b
*** Element info: {Using=xpath, value=html/body/div[1]/div[2]/table/tbody/tr/td[2]/div[9]/div[1]/div/div[2]/table/tbody/tr[2]/th/a}<br/>
Opportunity converted<br/>
</div>
</td>
<td></td>
<td>25</td>
<td>CF_Install_Orders.TC_11_Install_CF_with_4Gbits@1f1c7bf6</td></tr>
<tr>
<td title='CF_Install_Orders.TC_11_Install_CF_with_4Gbits.TC_11_verifylogin()'><b>TC_11_verifylogin</b><br>Test class: CF_Install_Orders.TC_11_Install_CF_with_4Gbits<br>Parameters: thennuannamalai.s_um_jit@prodapt.com, Prodapt4#, null<br/>
<a href="#Output-777725069" onClick='toggleBox("Output-777725069", this, "Show output", "Hide output");'>Show output</a>

<a href="#Output-777725069" onClick="toggleAllBoxes();">Show all outputs</a>
<div class='log' id="Output-777725069">
entered email address:-thennuannamalai.s_um_jit@prodapt.com and object is [[ChromeDriver: chrome on XP (b24b5a16a8eec95b8ed498bd7481396b)] -> id: username]<br/>
entered password:-Prodapt4# and object is [[ChromeDriver: chrome on XP (b24b5a16a8eec95b8ed498bd7481396b)] -> id: password]<br/>
clicked on sublit butto and object is:-Proxy element for: DefaultElementLocator 'By.id: Login'<br/>
<a href='D:\Ibrahim-surat\B2B_OM_Automation_10-10-2017\B2B_OM_Automation\src\main\java\com\test\automation\OM_Automation\screenshot\verifyLoginRecords_13_10_2017_12_02_24.png'> <img src='D:\Ibrahim-surat\B2B_OM_Automation_10-10-2017\B2B_OM_Automation\src\main\java\com\test\automation\OM_Automation\screenshot\verifyLoginRecords_13_10_2017_12_02_24.png' height='100' width='100'/> </a><br/>
</div>
</td>
<td></td>
<td>3</td>
<td>CF_Install_Orders.TC_11_Install_CF_with_4Gbits@1f1c7bf6</td></tr>
<tr>
<td title='CF_Install_Orders.TC_14_Install_CF_with_7Gbits.TC_14_AddressValidation()'><b>TC_14_AddressValidation</b><br>Test class: CF_Install_Orders.TC_14_Install_CF_with_7Gbits<br/>
<a href="#Output-1205683618" onClick='toggleBox("Output-1205683618", this, "Show output", "Hide output");'>Show output</a>

<a href="#Output-1205683618" onClick="toggleAllBoxes();">Show all outputs</a>
<div class='log' id="Output-1205683618">
Validate Address clicked<br/>
FindAddress clicked<br/>
Address selected<br/>
Adress or sevice availablity issue---Please check the address<br/>
Address Validated<br/>
</div>
</td>
<td></td>
<td>11</td>
<td>CF_Install_Orders.TC_14_Install_CF_with_7Gbits@25b485ba</td></tr>
<tr>
<td title='CF_Install_Orders.TC_14_Install_CF_with_7Gbits.TC_14_CF_Billing_Account_Assignment()'><b>TC_14_CF_Billing_Account_Assignment</b><br>Test class: CF_Install_Orders.TC_14_Install_CF_with_7Gbits<br/>
<a href="#Output-1053476163" onClick='toggleBox("Output-1053476163", this, "Show output", "Hide output");'>Show output</a>

<a href="#Output-1053476163" onClick="toggleAllBoxes();">Show all outputs</a>
<div class='log' id="Output-1053476163">
Assign Billing Account button clicked<br/>
Account selected successfully<br/>
All account successfully checked in to set billing account<br/>
Account to be set successfully<br/>
Billing Account Successfully saved<br/>
========Billing Account Assignment was successfully configured============<br/>
</div>
</td>
<td></td>
<td>8</td>
<td>CF_Install_Orders.TC_14_Install_CF_with_7Gbits@25b485ba</td></tr>
<tr>
<td title='CF_Install_Orders.TC_14_Install_CF_with_7Gbits.TC_14_CF_Installation_Information_Configuration()'><b>TC_14_CF_Installation_Information_Configuration</b><br>Test class: CF_Install_Orders.TC_14_Install_CF_with_7Gbits<br/>
<a href="#Output-441608650" onClick='toggleBox("Output-441608650", this, "Show output", "Hide output");'>Show output</a>

<a href="#Output-441608650" onClick="toggleAllBoxes();">Show all outputs</a>
<div class='log' id="Output-441608650">
Installation infomatio icon clicked<br/>
Technincal contact lookup selected<br/>
 new window switched<br/>
resultsFrame switched<br/>
Technincal contact selected successfully<br/>
parent window switched successfully<br/>
Technical contact selected successfully<br/>
Set button clicked successfully<br/>
Wish data selected<br/>
Save button clicked<br/>
========Installation Information successfully configured============<br/>
</div>
</td>
<td></td>
<td>14</td>
<td>CF_Install_Orders.TC_14_Install_CF_with_7Gbits@25b485ba</td></tr>
<tr>
<td title='CF_Install_Orders.TC_14_Install_CF_with_7Gbits.TC_14_CF_ProductBasketAddition()'><b>TC_14_CF_ProductBasketAddition</b><br>Test class: CF_Install_Orders.TC_14_Install_CF_with_7Gbits<br/>
<a href="#Output-842084001" onClick='toggleBox("Output-842084001", this, "Show output", "Hide output");'>Show output</a>

<a href="#Output-842084001" onClick="toggleAllBoxes();">Show all outputs</a>
<div class='log' id="Output-842084001">
New product basket button clicked in opportunity page<br/>
Addproduct button clicked in product configuration page<br/>
CF product selected<br/>
Address bar clicked<br/>
Customer Address search button clicked successfully<br/>
Customer Address successfully selected<br/>
Successfully added product to the basket and also confirmed<br/>
Product successfully added to cart<br/>
</div>
</td>
<td></td>
<td>33</td>
<td>CF_Install_Orders.TC_14_Install_CF_with_7Gbits@25b485ba</td></tr>
<tr>
<td title='CF_Install_Orders.TC_14_Install_CF_with_7Gbits.TC_14_CF_ProductBasketConfiguration_with_7Gbits()'><b>TC_14_CF_ProductBasketConfiguration_with_7Gbits</b><br>Test class: CF_Install_Orders.TC_14_Install_CF_with_7Gbits<br/>
<a href="#Output-1749585089" onClick='toggleBox("Output-1749585089", this, "Show output", "Hide output");'>Show output</a>

<a href="#Output-1749585089" onClick="toggleAllBoxes();">Show all outputs</a>
<div class='log' id="Output-1749585089">
Edit basket button clicked<br/>
Iframe switched<br/>
Company fiber Product selected<br/>
Product description as [[ChromeDriver: chrome on XP (6f666dd12762be78066777c968303685)] -> xpath: .//*[@id='Allgemeine_Informationen:Product_Description_0'][contains(text(), 'Company Fiber')]] value loaded<br/>
Monthly charges value as 200 entered<br/>
Upfront fee chargees value as 100 entered<br/>
upload speed value as 7Gbit/s selected<br/>
Hardware selection element clicked<br/>
Hardware to be successfully selected<br/>
parent window switched<br/>
CF Product successfully configured<br/>
</div>
</td>
<td></td>
<td>27</td>
<td>CF_Install_Orders.TC_14_Install_CF_with_7Gbits@25b485ba</td></tr>
<tr>
<td title='CF_Install_Orders.TC_14_Install_CF_with_7Gbits.TC_14_CF_Product_Basket_Upload()'><b>TC_14_CF_Product_Basket_Upload</b><br>Test class: CF_Install_Orders.TC_14_Install_CF_with_7Gbits<br/>
<a href="#Output-1122633322" onClick='toggleBox("Output-1122633322", this, "Show output", "Hide output");'>Show output</a>

<a href="#Output-1122633322" onClick="toggleAllBoxes();">Show all outputs</a>
<div class='log' id="Output-1122633322">
Product Basket Successfully uploaded<br/>
========Billing Account Assignment was successfully configured============<br/>
</div>
</td>
<td></td>
<td>8</td>
<td>CF_Install_Orders.TC_14_Install_CF_with_7Gbits@25b485ba</td></tr>
<tr>
<td title='CF_Install_Orders.TC_14_Install_CF_with_7Gbits.TC_14_CF_SubOrders_Validation_And_Closure()'><b>TC_14_CF_SubOrders_Validation_And_Closure</b><br>Test class: CF_Install_Orders.TC_14_Install_CF_with_7Gbits<br/>
<a href="#Output-1229078585" onClick='toggleBox("Output-1229078585", this, "Show output", "Hide output");'>Show output</a>

<a href="#Output-1229078585" onClick="toggleAllBoxes();">Show all outputs</a>
<div class='log' id="Output-1229078585">
stage value is Ready for Order<br/>
Order stage is validated <br/>
Sub order page opened<br/>
Suborder link clicded<br/>
Orchestration process link opened in new tab<br/>
control switched to new tab<br/>
processvisualizer button clicked<br/>
Control again switched to main tab<br/>
SubOrder page refreshed to check whether case created or not<br/>
CASE STATUS:---> New<br/>
CASE ID:---> 00004759<br/>
Test data:-->https://cs82.salesforce.com/a173E000000QwIV<br/>
========SUB-Order validation was successfully performed============<br/>
</div>
</td>
<td></td>
<td>161</td>
<td>CF_Install_Orders.TC_14_Install_CF_with_7Gbits@25b485ba</td></tr>
<tr>
<td title='CF_Install_Orders.TC_14_Install_CF_with_7Gbits.TC_14_CF_Validate_Order()'><b>TC_14_CF_Validate_Order</b><br>Test class: CF_Install_Orders.TC_14_Install_CF_with_7Gbits<br/>
<a href="#Output-239804293" onClick='toggleBox("Output-239804293", this, "Show output", "Hide output");'>Show output</a>

<a href="#Output-239804293" onClick="toggleAllBoxes();">Show all outputs</a>
<div class='log' id="Output-239804293">
Validate Order button clicekd<br/>
Browse file button clicked<br/>
Contract file browsed and added successfully<br/>
Signed contract upload file button clicked<br/>
Signed contract chekbox clicked<br/>
Order submitted successfully<br/>
========Order validation was successfully performed============<br/>
</div>
</td>
<td></td>
<td>34</td>
<td>CF_Install_Orders.TC_14_Install_CF_with_7Gbits@25b485ba</td></tr>
<tr>
<td title='CF_Install_Orders.TC_14_Install_CF_with_7Gbits.TC_14_NewLeadCreation()'><b>TC_14_NewLeadCreation</b><br>Test class: CF_Install_Orders.TC_14_Install_CF_with_7Gbits<br>Parameters: natrajpencil, Mr., nat, rap, AG, abc@din.com, C VERARBEITENDES GEWERBE, Getrankeherstellung, SME, Baden-Württemberg (BAW), KREUZSTR, 26, FRANKFURT, 60435, HSN<br/>
<a href="#Output-1555226515" onClick='toggleBox("Output-1555226515", this, "Show output", "Hide output");'>Show output</a>

<a href="#Output-1555226515" onClick="toggleAllBoxes();">Show all outputs</a>
<div class='log' id="Output-1555226515">
Leads tab clicked<br/>
New lead button clicked<br/>
Account name passed<br/>
Salutation selected<br/>
Firstname passed<br/>
last name passed<br/>
Legal Entity type selected<br/>
Email value passed<br/>
phone value passed<br/>
NationalID value Passed<br/>
Industry classification asC VERARBEITENDES GEWERBEselected<br/>
Detailed Industry as Getrankeherstellung selected><br/>
segment as SME selected<br/>
constructional Organization as Baden-Württemberg (BAW) selected<br/>
visit street as KREUZSTR selected<br/>
visit house number as 26 selected<br/>
visit city as FRANKFURT selected<br/>
postal code as 60435   selected><br/>
visit state/provience as HSN   selected<br/>
<-----------Lead was successfully created------><br/>
</div>
</td>
<td></td>
<td>35</td>
<td>CF_Install_Orders.TC_14_Install_CF_with_7Gbits@25b485ba</td></tr>
<tr>
<td title='CF_Install_Orders.TC_14_Install_CF_with_7Gbits.TC_14_Opportunityconversion()'><b>TC_14_Opportunityconversion</b><br>Test class: CF_Install_Orders.TC_14_Install_CF_with_7Gbits<br/>
<a href="#Output-1219306908" onClick='toggleBox("Output-1219306908", this, "Show output", "Hide output");'>Show output</a>

<a href="#Output-1219306908" onClick="toggleAllBoxes();">Show all outputs</a>
<div class='log' id="Output-1219306908">
clicked convert button in leads page<br/>
clicked convert button in convert lead page<br/>
clicked on opportunity created in accounts page<br/>
Opportunity converted<br/>
</div>
</td>
<td></td>
<td>17</td>
<td>CF_Install_Orders.TC_14_Install_CF_with_7Gbits@25b485ba</td></tr>
<tr>
<td title='CF_Install_Orders.TC_14_Install_CF_with_7Gbits.TC_14_verifylogin()'><b>TC_14_verifylogin</b><br>Test class: CF_Install_Orders.TC_14_Install_CF_with_7Gbits<br>Parameters: thennuannamalai.s_um_jit@prodapt.com, Prodapt4#, null<br/>
<a href="#Output-2109800534" onClick='toggleBox("Output-2109800534", this, "Show output", "Hide output");'>Show output</a>

<a href="#Output-2109800534" onClick="toggleAllBoxes();">Show all outputs</a>
<div class='log' id="Output-2109800534">
entered email address:-thennuannamalai.s_um_jit@prodapt.com and object is [[ChromeDriver: chrome on XP (6f666dd12762be78066777c968303685)] -> id: username]<br/>
entered password:-Prodapt4# and object is [[ChromeDriver: chrome on XP (6f666dd12762be78066777c968303685)] -> id: password]<br/>
clicked on sublit butto and object is:-Proxy element for: DefaultElementLocator 'By.id: Login'<br/>
<a href='D:\Ibrahim-surat\B2B_OM_Automation_10-10-2017\B2B_OM_Automation\src\main\java\com\test\automation\OM_Automation\screenshot\verifyLoginRecords_13_10_2017_12_02_24.png'> <img src='D:\Ibrahim-surat\B2B_OM_Automation_10-10-2017\B2B_OM_Automation\src\main\java\com\test\automation\OM_Automation\screenshot\verifyLoginRecords_13_10_2017_12_02_24.png' height='100' width='100'/> </a><br/>
</div>
</td>
<td></td>
<td>3</td>
<td>CF_Install_Orders.TC_14_Install_CF_with_7Gbits@25b485ba</td></tr>
</table><p>
</body>
</html>