<?xml version="1.0" encoding="UTF-8"?>
<!-- Generated by org.testng.reporters.JUnitXMLReporter -->
<testsuite hostname="C4LAP149" ignored="0" name="CF-Install-Orders9" tests="33" failures="4" timestamp="12 Oct 2017 18:48:14 GMT" time="967.655" errors="0">
  <testcase name="TC_05_verifylogin" time="3.847" classname="CF_Install_Orders.TC_05_Install_CF_with_500Mbits"/>
  <testcase name="TC_11_verifylogin" time="3.729" classname="CF_Install_Orders.TC_11_Install_CF_with_4Gbits"/>
  <testcase name="TC_14_verifylogin" time="3.821" classname="CF_Install_Orders.TC_14_Install_CF_with_7Gbits"/>
  <testcase name="TC_11_NewLeadCreation" time="25.088" classname="CF_Install_Orders.TC_11_Install_CF_with_4Gbits"/>
  <testcase name="TC_05_NewLeadCreation" time="35.006" classname="CF_Install_Orders.TC_05_Install_CF_with_500Mbits"/>
  <testcase name="TC_14_NewLeadCreation" time="35.168" classname="CF_Install_Orders.TC_14_Install_CF_with_7Gbits"/>
  <testcase name="TC_14_AddressValidation" time="11.994" classname="CF_Install_Orders.TC_14_Install_CF_with_7Gbits"/>
  <testcase name="TC_05_AddressValidation" time="22.139" classname="CF_Install_Orders.TC_05_Install_CF_with_500Mbits"/>
  <testcase name="TC_11_AddressValidation" time="13.755" classname="CF_Install_Orders.TC_11_Install_CF_with_4Gbits"/>
  <testcase name="TC_05_Opportunityconversion" time="19.204" classname="CF_Install_Orders.TC_05_Install_CF_with_500Mbits"/>
  <testcase name="TC_14_Opportunityconversion" time="17.785" classname="CF_Install_Orders.TC_14_Install_CF_with_7Gbits"/>
  <testcase name="TC_11_Opportunityconversion" time="25.925" classname="CF_Install_Orders.TC_11_Install_CF_with_4Gbits"/>
  <testcase name="TC_11_CF_ProductBasketAddition" time="32.677" classname="CF_Install_Orders.TC_11_Install_CF_with_4Gbits"/>
  <testcase name="TC_05_CF_ProductBasketAddition" time="33.018" classname="CF_Install_Orders.TC_05_Install_CF_with_500Mbits"/>
  <testcase name="TC_14_CF_ProductBasketAddition" time="33.488" classname="CF_Install_Orders.TC_14_Install_CF_with_7Gbits"/>
  <testcase name="TC_05_CF_ProductBasketConfiguration_with_500Mbits" time="18.682" classname="CF_Install_Orders.TC_05_Install_CF_with_500Mbits"/>
  <testcase name="TC_14_CF_ProductBasketConfiguration_with_7Gbits" time="27.091" classname="CF_Install_Orders.TC_14_Install_CF_with_7Gbits"/>
  <testcase name="TC_11_CF_ProductBasketConfiguration_with_4Gbits" time="215.688" classname="CF_Install_Orders.TC_11_Install_CF_with_4Gbits"/>
  <testcase name="TC_05_CF_Installation_Information_Configuration" time="203.04" classname="CF_Install_Orders.TC_05_Install_CF_with_500Mbits">
    <failure type="java.lang.AssertionError" message=" failed">
      <![CDATA[java.lang.AssertionError:  failed
	at CF_Install_Orders.TC_05_Install_CF_with_500Mbits.TC_05_CF_Installation_Information_Configuration(TC_05_Install_CF_with_500Mbits.java:183)
	at java.util.concurrent.ThreadPoolExecutor.runWorker(Unknown Source)
	at java.util.concurrent.ThreadPoolExecutor$Worker.run(Unknown Source)
	at java.lang.Thread.run(Unknown Source)
... Removed 11 stack frames]]>
    </failure>
  </testcase> <!-- TC_05_CF_Installation_Information_Configuration -->
  <testcase name="TC_14_CF_Installation_Information_Configuration" time="14.729" classname="CF_Install_Orders.TC_14_Install_CF_with_7Gbits"/>
  <testcase name="TC_11_CF_Installation_Information_Configuration" time="203.436" classname="CF_Install_Orders.TC_11_Install_CF_with_4Gbits">
    <failure type="java.lang.AssertionError" message=" failed">
      <![CDATA[java.lang.AssertionError:  failed
	at CF_Install_Orders.TC_11_Install_CF_with_4Gbits.TC_11_CF_Installation_Information_Configuration(TC_11_Install_CF_with_4Gbits.java:183)
	at java.util.concurrent.ThreadPoolExecutor.runWorker(Unknown Source)
	at java.util.concurrent.ThreadPoolExecutor$Worker.run(Unknown Source)
	at java.lang.Thread.run(Unknown Source)
... Removed 11 stack frames]]>
    </failure>
  </testcase> <!-- TC_11_CF_Installation_Information_Configuration -->
  <testcase name="TC_14_CF_Billing_Account_Assignment" time="8.409" classname="CF_Install_Orders.TC_14_Install_CF_with_7Gbits"/>
  <testcase name="TC_05_CF_Billing_Account_Assignment" time="200.374" classname="CF_Install_Orders.TC_05_Install_CF_with_500Mbits"/>
  <testcase name="TC_11_CF_Billing_Account_Assignment" time="200.083" classname="CF_Install_Orders.TC_11_Install_CF_with_4Gbits"/>
  <testcase name="TC_14_CF_Product_Basket_Upload" time="8.175" classname="CF_Install_Orders.TC_14_Install_CF_with_7Gbits"/>
  <testcase name="TC_05_CF_Product_Basket_Upload" time="200.424" classname="CF_Install_Orders.TC_05_Install_CF_with_500Mbits"/>
  <testcase name="TC_11_CF_Product_Basket_Upload" time="200.165" classname="CF_Install_Orders.TC_11_Install_CF_with_4Gbits"/>
  <testcase name="TC_05_CF_Validate_Order" time="200.512" classname="CF_Install_Orders.TC_05_Install_CF_with_500Mbits"/>
  <testcase name="TC_11_CF_Validate_Order" time="200.371" classname="CF_Install_Orders.TC_11_Install_CF_with_4Gbits"/>
  <testcase name="TC_14_CF_Validate_Order" time="34.944" classname="CF_Install_Orders.TC_14_Install_CF_with_7Gbits"/>
  <testcase name="TC_14_CF_SubOrders_Validation_And_Closure" time="161.361" classname="CF_Install_Orders.TC_14_Install_CF_with_7Gbits"/>
  <testcase name="TC_05_CF_SubOrders_Validation_And_Closure" time="200.098" classname="CF_Install_Orders.TC_05_Install_CF_with_500Mbits">
    <failure type="java.lang.AssertionError" message=" failed">
      <![CDATA[java.lang.AssertionError:  failed
	at CF_Install_Orders.TC_05_Install_CF_with_500Mbits.TC_05_CF_SubOrders_Validation_And_Closure(TC_05_Install_CF_with_500Mbits.java:244)
	at java.util.concurrent.ThreadPoolExecutor.runWorker(Unknown Source)
	at java.util.concurrent.ThreadPoolExecutor$Worker.run(Unknown Source)
	at java.lang.Thread.run(Unknown Source)
... Removed 11 stack frames]]>
    </failure>
  </testcase> <!-- TC_05_CF_SubOrders_Validation_And_Closure -->
  <testcase name="TC_11_CF_SubOrders_Validation_And_Closure" time="200.116" classname="CF_Install_Orders.TC_11_Install_CF_with_4Gbits">
    <failure type="java.lang.AssertionError" message=" failed">
      <![CDATA[java.lang.AssertionError:  failed
	at CF_Install_Orders.TC_11_Install_CF_with_4Gbits.TC_11_CF_SubOrders_Validation_And_Closure(TC_11_Install_CF_with_4Gbits.java:244)
	at java.util.concurrent.ThreadPoolExecutor.runWorker(Unknown Source)
	at java.util.concurrent.ThreadPoolExecutor$Worker.run(Unknown Source)
	at java.lang.Thread.run(Unknown Source)
... Removed 11 stack frames]]>
    </failure>
  </testcase> <!-- TC_11_CF_SubOrders_Validation_And_Closure -->
</testsuite> <!-- CF-Install-Orders9 -->
