<?xml version="1.0" encoding="UTF-8"?>
<!-- Generated by org.testng.reporters.JUnitXMLReporter -->
<testsuite hostname="C4LAP149" ignored="0" name="CF-Install-Orders2" tests="11" failures="0" timestamp="12 Oct 2017 04:06:28 GMT" time="371.99" errors="0">
  <testcase name="TC_04_verifylogin" time="10.133" classname="CF_Install_Orders.TC_04_Install_CF_with_300Mbits"/>
  <testcase name="TC_04_NewLeadCreation" time="25.213" classname="CF_Install_Orders.TC_04_Install_CF_with_300Mbits"/>
  <testcase name="TC_04_AddressValidation" time="5.522" classname="CF_Install_Orders.TC_04_Install_CF_with_300Mbits"/>
  <testcase name="TC_04_Opportunityconversion" time="21.835" classname="CF_Install_Orders.TC_04_Install_CF_with_300Mbits"/>
  <testcase name="TC_04_CF_ProductBasketAddition" time="33.855" classname="CF_Install_Orders.TC_04_Install_CF_with_300Mbits"/>
  <testcase name="TC_04_CF_ProductBasketConfiguration_with_300Mbits" time="27.26" classname="CF_Install_Orders.TC_04_Install_CF_with_300Mbits"/>
  <testcase name="TC_04_CF_Installation_Information_Configuration" time="15.133" classname="CF_Install_Orders.TC_04_Install_CF_with_300Mbits"/>
  <testcase name="TC_04_CF_Billing_Account_Assignment" time="9.11" classname="CF_Install_Orders.TC_04_Install_CF_with_300Mbits"/>
  <testcase name="TC_04_CF_Product_Basket_Upload" time="8.182" classname="CF_Install_Orders.TC_04_Install_CF_with_300Mbits"/>
  <testcase name="TC_04_CF_Validate_Order" time="35.477" classname="CF_Install_Orders.TC_04_Install_CF_with_300Mbits"/>
  <testcase name="TC_04_CF_SubOrders_Validation_And_Closure" time="163.284" classname="CF_Install_Orders.TC_04_Install_CF_with_300Mbits"/>
</testsuite> <!-- CF-Install-Orders2 -->
