<?xml version="1.0" encoding="UTF-8"?>
<!-- Generated by org.testng.reporters.JUnitXMLReporter -->
<testsuite hostname="C4LAP149" ignored="0" name="CF-Install-Orders16" tests="11" failures="0" timestamp="12 Oct 2017 04:52:53 GMT" time="456.901" errors="0">
  <testcase name="TC_07_verifylogin" time="26.503" classname="CF_Install_Orders.TC_07_Install_CF_with_1Gbits"/>
  <testcase name="TC_07_NewLeadCreation" time="40.837" classname="CF_Install_Orders.TC_07_Install_CF_with_1Gbits"/>
  <testcase name="TC_07_AddressValidation" time="5.653" classname="CF_Install_Orders.TC_07_Install_CF_with_1Gbits"/>
  <testcase name="TC_07_Opportunityconversion" time="26.72" classname="CF_Install_Orders.TC_07_Install_CF_with_1Gbits"/>
  <testcase name="TC_07_CF_ProductBasketAddition" time="35.104" classname="CF_Install_Orders.TC_07_Install_CF_with_1Gbits"/>
  <testcase name="TC_07_CF_ProductBasketConfiguration_with_1Gbits" time="29.223" classname="CF_Install_Orders.TC_07_Install_CF_with_1Gbits"/>
  <testcase name="TC_07_CF_Installation_Information_Configuration" time="21.868" classname="CF_Install_Orders.TC_07_Install_CF_with_1Gbits"/>
  <testcase name="TC_07_CF_Billing_Account_Assignment" time="8.66" classname="CF_Install_Orders.TC_07_Install_CF_with_1Gbits"/>
  <testcase name="TC_07_CF_Product_Basket_Upload" time="8.334" classname="CF_Install_Orders.TC_07_Install_CF_with_1Gbits"/>
  <testcase name="TC_07_CF_Validate_Order" time="35.991" classname="CF_Install_Orders.TC_07_Install_CF_with_1Gbits"/>
  <testcase name="TC_07_CF_SubOrders_Validation_And_Closure" time="162.41" classname="CF_Install_Orders.TC_07_Install_CF_with_1Gbits"/>
</testsuite> <!-- CF-Install-Orders16 -->
