<?xml version="1.0" encoding="UTF-8"?>
<!-- Generated by org.testng.reporters.JUnitXMLReporter -->
<testsuite hostname="C4LAP149" ignored="0" name="OI-Install-Orders3" tests="11" failures="0" timestamp="12 Oct 2017 05:01:33 GMT" time="519.42" errors="0">
  <testcase name="TC_21_verifylogin" time="25.188" classname="OI_Install_Orders.TC_21_Install_OI_with_OI_200"/>
  <testcase name="TC_21_NewLeadCreation" time="45.619" classname="OI_Install_Orders.TC_21_Install_OI_with_OI_200"/>
  <testcase name="TC_21_AddressValidation" time="13.775" classname="OI_Install_Orders.TC_21_Install_OI_with_OI_200"/>
  <testcase name="TC_21_Opportunityconversion" time="45.235" classname="OI_Install_Orders.TC_21_Install_OI_with_OI_200"/>
  <testcase name="TC_21_OI_ProductBasketAddition" time="49.947" classname="OI_Install_Orders.TC_21_Install_OI_with_OI_200"/>
  <testcase name="TC_21_OI_ProductBasketConfiguration_with_OI200" time="56.331" classname="OI_Install_Orders.TC_21_Install_OI_with_OI_200"/>
  <testcase name="TC_21_OI_Installation_Information_Configuration" time="15.666" classname="OI_Install_Orders.TC_21_Install_OI_with_OI_200"/>
  <testcase name="TC_21_OI_Billing_Account_Assignment" time="9.912" classname="OI_Install_Orders.TC_21_Install_OI_with_OI_200"/>
  <testcase name="TC_21_OI_Product_Basket_Upload" time="8.368" classname="OI_Install_Orders.TC_21_Install_OI_with_OI_200"/>
  <testcase name="TC_21_OI_Validate_Order" time="42.994" classname="OI_Install_Orders.TC_21_Install_OI_with_OI_200"/>
  <testcase name="TC_21_OI_SubOrders_Validation_And_Closure" time="177.756" classname="OI_Install_Orders.TC_21_Install_OI_with_OI_200"/>
</testsuite> <!-- OI-Install-Orders3 -->
