<?xml version="1.0" encoding="UTF-8"?>
<!-- Generated by org.testng.reporters.JUnitXMLReporter -->
<testsuite hostname="C4LAP149" ignored="0" name="OI-Install-Orders4" tests="11" failures="0" timestamp="12 Oct 2017 05:02:53 GMT" time="578.44" errors="0">
  <testcase name="TC_22_verifylogin" time="44.695" classname="OI_Install_Orders.TC_22_Install_OI_with_OI_400"/>
  <testcase name="TC_22_NewLeadCreation" time="70.052" classname="OI_Install_Orders.TC_22_Install_OI_with_OI_400"/>
  <testcase name="TC_22_AddressValidation" time="15.949" classname="OI_Install_Orders.TC_22_Install_OI_with_OI_400"/>
  <testcase name="TC_22_Opportunityconversion" time="32.884" classname="OI_Install_Orders.TC_22_Install_OI_with_OI_400"/>
  <testcase name="TC_22_OI_ProductBasketAddition" time="50.49" classname="OI_Install_Orders.TC_22_Install_OI_with_OI_400"/>
  <testcase name="TC_22_OI_ProductBasketConfiguration_with_OI400" time="55.945" classname="OI_Install_Orders.TC_22_Install_OI_with_OI_400"/>
  <testcase name="TC_22_OI_Installation_Information_Configuration" time="17.588" classname="OI_Install_Orders.TC_22_Install_OI_with_OI_400"/>
  <testcase name="TC_22_OI_Billing_Account_Assignment" time="12.906" classname="OI_Install_Orders.TC_22_Install_OI_with_OI_400"/>
  <testcase name="TC_22_OI_Product_Basket_Upload" time="8.92" classname="OI_Install_Orders.TC_22_Install_OI_with_OI_400"/>
  <testcase name="TC_22_OI_Validate_Order" time="58.986" classname="OI_Install_Orders.TC_22_Install_OI_with_OI_400"/>
  <testcase name="TC_22_OI_SubOrders_Validation_And_Closure" time="178.198" classname="OI_Install_Orders.TC_22_Install_OI_with_OI_400"/>
</testsuite> <!-- OI-Install-Orders4 -->
