<?xml version="1.0" encoding="UTF-8"?>
<!-- Generated by org.testng.reporters.JUnitXMLReporter -->
<testsuite hostname="C4LAP149" ignored="0" name="OI-Install-Orders1" tests="11" failures="0" timestamp="12 Oct 2017 04:53:15 GMT" time="468.579" errors="0">
  <testcase name="TC_19_verifylogin" time="8.171" classname="OI_Install_Orders.TC_19_Install_OI_with_OI_50"/>
  <testcase name="TC_19_NewLeadCreation" time="51.233" classname="OI_Install_Orders.TC_19_Install_OI_with_OI_50"/>
  <testcase name="TC_19_AddressValidation" time="9.537" classname="OI_Install_Orders.TC_19_Install_OI_with_OI_50"/>
  <testcase name="TC_19_Opportunityconversion" time="29.069" classname="OI_Install_Orders.TC_19_Install_OI_with_OI_50"/>
  <testcase name="TC_19_OI_ProductBasketAddition" time="33.945" classname="OI_Install_Orders.TC_19_Install_OI_with_OI_50"/>
  <testcase name="TC_19_OI_ProductBasketConfiguration_with_OI50" time="32.777" classname="OI_Install_Orders.TC_19_Install_OI_with_OI_50"/>
  <testcase name="TC_19_OI_Installation_Information_Configuration" time="23.008" classname="OI_Install_Orders.TC_19_Install_OI_with_OI_50"/>
  <testcase name="TC_19_OI_Billing_Account_Assignment" time="10.511" classname="OI_Install_Orders.TC_19_Install_OI_with_OI_50"/>
  <testcase name="TC_19_OI_Product_Basket_Upload" time="8.198" classname="OI_Install_Orders.TC_19_Install_OI_with_OI_50"/>
  <testcase name="TC_19_OI_Validate_Order" time="34.374" classname="OI_Install_Orders.TC_19_Install_OI_with_OI_50"/>
  <testcase name="TC_19_OI_SubOrders_Validation_And_Closure" time="163.243" classname="OI_Install_Orders.TC_19_Install_OI_with_OI_50"/>
</testsuite> <!-- OI-Install-Orders1 -->
