<?xml version="1.0" encoding="UTF-8"?>
<!-- Generated by org.testng.reporters.JUnitXMLReporter -->
<testsuite hostname="C4LAP149" ignored="0" name="OIP-Install-Orders1" tests="33" failures="1" timestamp="12 Oct 2017 19:21:23 GMT" time="548.113" errors="0">
  <testcase name="TC_22_verifylogin" time="3.408" classname="OI_Install_Orders.TC_22_Install_OI_with_OI_400"/>
  <testcase name="TC_20_verifylogin" time="3.413" classname="OI_Install_Orders.TC_20_Install_OI_with_OI_150"/>
  <testcase name="TC_21_verifylogin" time="3.332" classname="OI_Install_Orders.TC_21_Install_OI_with_OI_200"/>
  <testcase name="TC_22_NewLeadCreation" time="33.194" classname="OI_Install_Orders.TC_22_Install_OI_with_OI_400"/>
  <testcase name="TC_20_NewLeadCreation" time="35.308" classname="OI_Install_Orders.TC_20_Install_OI_with_OI_150"/>
  <testcase name="TC_21_NewLeadCreation" time="37.079" classname="OI_Install_Orders.TC_21_Install_OI_with_OI_200"/>
  <testcase name="TC_20_AddressValidation" time="7.192" classname="OI_Install_Orders.TC_20_Install_OI_with_OI_150"/>
  <testcase name="TC_21_AddressValidation" time="8.14" classname="OI_Install_Orders.TC_21_Install_OI_with_OI_200"/>
  <testcase name="TC_22_AddressValidation" time="6.082" classname="OI_Install_Orders.TC_22_Install_OI_with_OI_400"/>
  <testcase name="TC_20_Opportunityconversion" time="17.376" classname="OI_Install_Orders.TC_20_Install_OI_with_OI_150"/>
  <testcase name="TC_22_Opportunityconversion" time="15.333" classname="OI_Install_Orders.TC_22_Install_OI_with_OI_400"/>
  <testcase name="TC_21_Opportunityconversion" time="22.653" classname="OI_Install_Orders.TC_21_Install_OI_with_OI_200"/>
  <testcase name="TC_20_OI_ProductBasketAddition" time="38.274" classname="OI_Install_Orders.TC_20_Install_OI_with_OI_150"/>
  <testcase name="TC_22_OI_ProductBasketAddition" time="32.982" classname="OI_Install_Orders.TC_22_Install_OI_with_OI_400"/>
  <testcase name="TC_21_OI_ProductBasketAddition" time="43.105" classname="OI_Install_Orders.TC_21_Install_OI_with_OI_200"/>
  <testcase name="TC_20_OI_ProductBasketConfiguration_with_OI150" time="26.542" classname="OI_Install_Orders.TC_20_Install_OI_with_OI_150"/>
  <testcase name="TC_21_OI_ProductBasketConfiguration_with_OI200" time="27.014" classname="OI_Install_Orders.TC_21_Install_OI_with_OI_200"/>
  <testcase name="TC_22_OI_ProductBasketConfiguration_with_OI400" time="32.63" classname="OI_Install_Orders.TC_22_Install_OI_with_OI_400"/>
  <testcase name="TC_20_OI_Installation_Information_Configuration" time="15.231" classname="OI_Install_Orders.TC_20_Install_OI_with_OI_150"/>
  <testcase name="TC_21_OI_Installation_Information_Configuration" time="18.619" classname="OI_Install_Orders.TC_21_Install_OI_with_OI_200"/>
  <testcase name="TC_20_OI_Billing_Account_Assignment" time="9.909" classname="OI_Install_Orders.TC_20_Install_OI_with_OI_150"/>
  <testcase name="TC_22_OI_Installation_Information_Configuration" time="16.994" classname="OI_Install_Orders.TC_22_Install_OI_with_OI_400"/>
  <testcase name="TC_21_OI_Billing_Account_Assignment" time="9.065" classname="OI_Install_Orders.TC_21_Install_OI_with_OI_200"/>
  <testcase name="TC_20_OI_Product_Basket_Upload" time="8.206" classname="OI_Install_Orders.TC_20_Install_OI_with_OI_150"/>
  <testcase name="TC_22_OI_Billing_Account_Assignment" time="12.028" classname="OI_Install_Orders.TC_22_Install_OI_with_OI_400"/>
  <testcase name="TC_21_OI_Product_Basket_Upload" time="8.15" classname="OI_Install_Orders.TC_21_Install_OI_with_OI_200"/>
  <testcase name="TC_22_OI_Product_Basket_Upload" time="8.19" classname="OI_Install_Orders.TC_22_Install_OI_with_OI_400"/>
  <testcase name="TC_20_OI_Validate_Order" time="37.969" classname="OI_Install_Orders.TC_20_Install_OI_with_OI_150"/>
  <testcase name="TC_22_OI_Validate_Order" time="35.66" classname="OI_Install_Orders.TC_22_Install_OI_with_OI_400"/>
  <testcase name="TC_20_OI_SubOrders_Validation_And_Closure" time="162.653" classname="OI_Install_Orders.TC_20_Install_OI_with_OI_150"/>
  <testcase name="TC_21_OI_Validate_Order" time="200.388" classname="OI_Install_Orders.TC_21_Install_OI_with_OI_200"/>
  <testcase name="TC_21_OI_SubOrders_Validation_And_Closure" time="200.467" classname="OI_Install_Orders.TC_21_Install_OI_with_OI_200">
    <failure type="java.lang.AssertionError" message=" failed">
      <![CDATA[java.lang.AssertionError:  failed
	at OI_Install_Orders.TC_21_Install_OI_with_OI_200.TC_21_OI_SubOrders_Validation_And_Closure(TC_21_Install_OI_with_OI_200.java:244)
	at java.util.concurrent.ThreadPoolExecutor.runWorker(Unknown Source)
	at java.util.concurrent.ThreadPoolExecutor$Worker.run(Unknown Source)
	at java.lang.Thread.run(Unknown Source)
... Removed 11 stack frames]]>
    </failure>
  </testcase> <!-- TC_21_OI_SubOrders_Validation_And_Closure -->
  <testcase name="TC_22_OI_SubOrders_Validation_And_Closure" time="162.128" classname="OI_Install_Orders.TC_22_Install_OI_with_OI_400"/>
</testsuite> <!-- OIP-Install-Orders1 -->
