<html>
<head>
<title>TestNG:  OIP-Install-Orders3</title>
<link href="../testng.css" rel="stylesheet" type="text/css" />
<link href="../my-testng.css" rel="stylesheet" type="text/css" />

<style type="text/css">
.log { display: none;} 
.stack-trace { display: none;} 
</style>
<script type="text/javascript">
<!--
function flip(e) {
  current = e.style.display;
  if (current == 'block') {
    e.style.display = 'none';
    return 0;
  }
  else {
    e.style.display = 'block';
    return 1;
  }
}

function toggleBox(szDivId, elem, msg1, msg2)
{
  var res = -1;  if (document.getElementById) {
    res = flip(document.getElementById(szDivId));
  }
  else if (document.all) {
    // this is the way old msie versions work
    res = flip(document.all[szDivId]);
  }
  if(elem) {
    if(res == 0) elem.innerHTML = msg1; else elem.innerHTML = msg2;
  }

}

function toggleAllBoxes() {
  if (document.getElementsByTagName) {
    d = document.getElementsByTagName('div');
    for (i = 0; i < d.length; i++) {
      if (d[i].className == 'log') {
        flip(d[i]);
      }
    }
  }
}

// -->
</script>

</head>
<body>
<h2 align='center'>OIP-Install-Orders3</h2><table border='1' align="center">
<tr>
<td>Tests passed/Failed/Skipped:</td><td>9/3/0</td>
</tr><tr>
<td>Started on:</td><td>Mon Oct 16 09:47:34 IST 2017</td>
</tr>
<tr><td>Total time:</td><td>1287 seconds (1287298 ms)</td>
</tr><tr>
<td>Included groups:</td><td></td>
</tr><tr>
<td>Excluded groups:</td><td></td>
</tr>
</table><p/>
<small><i>(Hover the method name to see the test class name)</i></small><p/>
<table width='100%' border='1' class='invocation-failed'>
<tr><td colspan='4' align='center'><b>FAILED TESTS</b></td></tr>
<tr><td><b>Test method</b></td>
<td width="30%"><b>Exception</b></td>
<td width="10%"><b>Time (seconds)</b></td>
<td><b>Instance</b></td>
</tr>
<tr>
<td title='OI_And_Phone_Install_Orders.TC_23_Install_OI_with_P_50.TC_23_OI_Phone_Installation_Information_Configuration()'><b>TC_23_OI_Phone_Installation_Information_Configuration</b><br>Test class: OI_And_Phone_Install_Orders.TC_23_Install_OI_with_P_50<br/>
<a href="#Output-1465126864" onClick='toggleBox("Output-1465126864", this, "Show output", "Hide output");'>Show output</a>

<a href="#Output-1465126864" onClick="toggleAllBoxes();">Show all outputs</a>
<div class='log' id="Output-1465126864">
Error occurs while configuring Installation information due to org.openqa.selenium.TimeoutException: Expected condition failed: waiting for visibility of Proxy element for: DefaultElementLocator 'By.xpath: .//*[@id='bodyCell']/div/div/div[3]/div[2]/div[1]/div/header/div[4]/span' (tried for 200 second(s) with 500 MILLISECONDS interval)
Build info: version: '3.0.1', revision: '1969d75', time: '2016-10-18 09:49:13 -0700'
System info: host: 'C4LAP149', ip: '192.168.1.11', os.name: 'Windows 7', os.arch: 'amd64', os.version: '6.1', java.version: '1.8.0_101'
Driver info: org.openqa.selenium.chrome.ChromeDriver
Capabilities [{applicationCacheEnabled=false, rotatable=false, mobileEmulationEnabled=false, networkConnectionEnabled=false, chrome={chromedriverVersion=2.28.455520 (cc17746adff54984afff480136733114c6b3704b), userDataDir=C:\Users\support\AppData\Local\Temp\scoped_dir5908_26485}, takesHeapSnapshot=true, pageLoadStrategy=normal, databaseEnabled=false, handlesAlerts=true, hasTouchScreen=false, version=61.0.3163.100, platform=XP, browserConnectionEnabled=false, nativeEvents=true, acceptSslCerts=true, locationContextEnabled=true, webStorageEnabled=true, browserName=chrome, takesScreenshot=true, javascriptEnabled=true, cssSelectorsEnabled=true, unexpectedAlertBehaviour=}]
Session ID: bfe2c4dc3999c69c36fc2c24bfd00df8<br/>
</div>
</td>
<td><div><pre>java.lang.AssertionError:  failed
	at OI_And_Phone_Install_Orders.TC_23_Install_OI_with_P_50.TC_23_OI_Phone_Installation_Information_Configuration(TC_23_Install_OI_with_P_50.java:190)
... Removed 26 stack frames</pre></div><a href='#' onClick='toggleBox("stack-trace1465126864", this, "Click to show all stack frames", "Click to hide stack frames")'>Click to show all stack frames</a>
<div class='stack-trace' id='stack-trace1465126864'><pre>java.lang.AssertionError:  failed
	at org.testng.Assert.fail(Assert.java:94)
	at OI_And_Phone_Install_Orders.TC_23_Install_OI_with_P_50.TC_23_OI_Phone_Installation_Information_Configuration(TC_23_Install_OI_with_P_50.java:190)
	at sun.reflect.NativeMethodAccessorImpl.invoke0(Native Method)
	at sun.reflect.NativeMethodAccessorImpl.invoke(Unknown Source)
	at sun.reflect.DelegatingMethodAccessorImpl.invoke(Unknown Source)
	at java.lang.reflect.Method.invoke(Unknown Source)
	at org.testng.internal.MethodInvocationHelper.invokeMethod(MethodInvocationHelper.java:104)
	at org.testng.internal.Invoker.invokeMethod(Invoker.java:645)
	at org.testng.internal.Invoker.invokeTestMethod(Invoker.java:851)
	at org.testng.internal.Invoker.invokeTestMethods(Invoker.java:1177)
	at org.testng.internal.TestMethodWorker.invokeTestMethods(TestMethodWorker.java:129)
	at org.testng.internal.TestMethodWorker.run(TestMethodWorker.java:112)
	at org.testng.TestRunner.privateRun(TestRunner.java:756)
	at org.testng.TestRunner.run(TestRunner.java:610)
	at org.testng.SuiteRunner.runTest(SuiteRunner.java:387)
	at org.testng.SuiteRunner.runSequentially(SuiteRunner.java:382)
	at org.testng.SuiteRunner.privateRun(SuiteRunner.java:340)
	at org.testng.SuiteRunner.run(SuiteRunner.java:289)
	at org.testng.SuiteRunnerWorker.runSuite(SuiteRunnerWorker.java:52)
	at org.testng.SuiteRunnerWorker.run(SuiteRunnerWorker.java:86)
	at org.testng.TestNG.runSuitesSequentially(TestNG.java:1293)
	at org.testng.TestNG.runSuitesLocally(TestNG.java:1218)
	at org.testng.TestNG.runSuites(TestNG.java:1133)
	at org.testng.TestNG.run(TestNG.java:1104)
	at org.testng.remote.AbstractRemoteTestNG.run(AbstractRemoteTestNG.java:114)
	at org.testng.remote.RemoteTestNG.initAndRun(RemoteTestNG.java:251)
	at org.testng.remote.RemoteTestNG.main(RemoteTestNG.java:77)
</pre></div></td>
<td>203</td>
<td>OI_And_Phone_Install_Orders.TC_23_Install_OI_with_P_50@57d5872c</td></tr>
<tr>
<td title='OI_And_Phone_Install_Orders.TC_23_Install_OI_with_P_50.TC_23_OI_Phone_SubOrders_Validation_And_Closure()'><b>TC_23_OI_Phone_SubOrders_Validation_And_Closure</b><br>Test class: OI_And_Phone_Install_Orders.TC_23_Install_OI_with_P_50<br/>
<a href="#Output-1026001741" onClick='toggleBox("Output-1026001741", this, "Show output", "Hide output");'>Show output</a>

<a href="#Output-1026001741" onClick="toggleAllBoxes();">Show all outputs</a>
<div class='log' id="Output-1026001741">
Error occurs while Validating Sub-orders due to org.openqa.selenium.TimeoutException: Expected condition failed: waiting for visibility of Proxy element for: DefaultElementLocator 'By.xpath: .//*[@id='opp11_ileinner']' (tried for 200 second(s) with 500 MILLISECONDS interval)
Build info: version: '3.0.1', revision: '1969d75', time: '2016-10-18 09:49:13 -0700'
System info: host: 'C4LAP149', ip: '192.168.1.11', os.name: 'Windows 7', os.arch: 'amd64', os.version: '6.1', java.version: '1.8.0_101'
Driver info: org.openqa.selenium.chrome.ChromeDriver
Capabilities [{applicationCacheEnabled=false, rotatable=false, mobileEmulationEnabled=false, networkConnectionEnabled=false, chrome={chromedriverVersion=2.28.455520 (cc17746adff54984afff480136733114c6b3704b), userDataDir=C:\Users\support\AppData\Local\Temp\scoped_dir5908_26485}, takesHeapSnapshot=true, pageLoadStrategy=normal, databaseEnabled=false, handlesAlerts=true, hasTouchScreen=false, version=61.0.3163.100, platform=XP, browserConnectionEnabled=false, nativeEvents=true, acceptSslCerts=true, locationContextEnabled=true, webStorageEnabled=true, browserName=chrome, takesScreenshot=true, javascriptEnabled=true, cssSelectorsEnabled=true, unexpectedAlertBehaviour=}]
Session ID: bfe2c4dc3999c69c36fc2c24bfd00df8<br/>
</div>
</td>
<td><div><pre>java.lang.AssertionError:  failed
	at OI_And_Phone_Install_Orders.TC_23_Install_OI_with_P_50.TC_23_OI_Phone_SubOrders_Validation_And_Closure(TC_23_Install_OI_with_P_50.java:255)
... Removed 26 stack frames</pre></div><a href='#' onClick='toggleBox("stack-trace1026001741", this, "Click to show all stack frames", "Click to hide stack frames")'>Click to show all stack frames</a>
<div class='stack-trace' id='stack-trace1026001741'><pre>java.lang.AssertionError:  failed
	at org.testng.Assert.fail(Assert.java:94)
	at OI_And_Phone_Install_Orders.TC_23_Install_OI_with_P_50.TC_23_OI_Phone_SubOrders_Validation_And_Closure(TC_23_Install_OI_with_P_50.java:255)
	at sun.reflect.NativeMethodAccessorImpl.invoke0(Native Method)
	at sun.reflect.NativeMethodAccessorImpl.invoke(Unknown Source)
	at sun.reflect.DelegatingMethodAccessorImpl.invoke(Unknown Source)
	at java.lang.reflect.Method.invoke(Unknown Source)
	at org.testng.internal.MethodInvocationHelper.invokeMethod(MethodInvocationHelper.java:104)
	at org.testng.internal.Invoker.invokeMethod(Invoker.java:645)
	at org.testng.internal.Invoker.invokeTestMethod(Invoker.java:851)
	at org.testng.internal.Invoker.invokeTestMethods(Invoker.java:1177)
	at org.testng.internal.TestMethodWorker.invokeTestMethods(TestMethodWorker.java:129)
	at org.testng.internal.TestMethodWorker.run(TestMethodWorker.java:112)
	at org.testng.TestRunner.privateRun(TestRunner.java:756)
	at org.testng.TestRunner.run(TestRunner.java:610)
	at org.testng.SuiteRunner.runTest(SuiteRunner.java:387)
	at org.testng.SuiteRunner.runSequentially(SuiteRunner.java:382)
	at org.testng.SuiteRunner.privateRun(SuiteRunner.java:340)
	at org.testng.SuiteRunner.run(SuiteRunner.java:289)
	at org.testng.SuiteRunnerWorker.runSuite(SuiteRunnerWorker.java:52)
	at org.testng.SuiteRunnerWorker.run(SuiteRunnerWorker.java:86)
	at org.testng.TestNG.runSuitesSequentially(TestNG.java:1293)
	at org.testng.TestNG.runSuitesLocally(TestNG.java:1218)
	at org.testng.TestNG.runSuites(TestNG.java:1133)
	at org.testng.TestNG.run(TestNG.java:1104)
	at org.testng.remote.AbstractRemoteTestNG.run(AbstractRemoteTestNG.java:114)
	at org.testng.remote.RemoteTestNG.initAndRun(RemoteTestNG.java:251)
	at org.testng.remote.RemoteTestNG.main(RemoteTestNG.java:77)
</pre></div></td>
<td>200</td>
<td>OI_And_Phone_Install_Orders.TC_23_Install_OI_with_P_50@57d5872c</td></tr>
<tr>
<td title='OI_And_Phone_Install_Orders.TC_23_Install_OI_with_P_50.TC_23_verifylogin()'><b>TC_23_verifylogin</b><br>Test class: OI_And_Phone_Install_Orders.TC_23_Install_OI_with_P_50<br>Parameters: null, null, null<br/>
<a href="#Output-1795468466" onClick='toggleBox("Output-1795468466", this, "Show output", "Hide output");'>Show output</a>

<a href="#Output-1795468466" onClick="toggleAllBoxes();">Show all outputs</a>
<div class='log' id="Output-1795468466">
error messageorg.openqa.selenium.NoSuchElementException: no such element: Unable to locate element: {"method":"id","selector":"username"}
  (Session info: chrome=61.0.3163.100)
  (Driver info: chromedriver=2.28.455520 (cc17746adff54984afff480136733114c6b3704b),platform=Windows NT 6.1.7601 SP1 x86_64) (WARNING: The server did not provide any stacktrace information)
Command duration or timeout: 10 milliseconds
For documentation on this error, please visit: http://seleniumhq.org/exceptions/no_such_element.html
Build info: version: '3.0.1', revision: '1969d75', time: '2016-10-18 09:49:13 -0700'
System info: host: 'C4LAP149', ip: '192.168.1.11', os.name: 'Windows 7', os.arch: 'amd64', os.version: '6.1', java.version: '1.8.0_101'
Driver info: org.openqa.selenium.chrome.ChromeDriver
Capabilities [{applicationCacheEnabled=false, rotatable=false, mobileEmulationEnabled=false, networkConnectionEnabled=false, chrome={chromedriverVersion=2.28.455520 (cc17746adff54984afff480136733114c6b3704b), userDataDir=C:\Users\support\AppData\Local\Temp\scoped_dir5908_26485}, takesHeapSnapshot=true, pageLoadStrategy=normal, databaseEnabled=false, handlesAlerts=true, hasTouchScreen=false, version=61.0.3163.100, platform=XP, browserConnectionEnabled=false, nativeEvents=true, acceptSslCerts=true, locationContextEnabled=true, webStorageEnabled=true, browserName=chrome, takesScreenshot=true, javascriptEnabled=true, cssSelectorsEnabled=true, unexpectedAlertBehaviour=}]
Session ID: bfe2c4dc3999c69c36fc2c24bfd00df8
*** Element info: {Using=id, value=username}<br/>
</div>
</td>
<td><div><pre>java.lang.AssertionError:  failed
	at OI_And_Phone_Install_Orders.TC_23_Install_OI_with_P_50.TC_23_verifylogin(TC_23_Install_OI_with_P_50.java:91)
... Removed 26 stack frames</pre></div><a href='#' onClick='toggleBox("stack-trace1795468466", this, "Click to show all stack frames", "Click to hide stack frames")'>Click to show all stack frames</a>
<div class='stack-trace' id='stack-trace1795468466'><pre>java.lang.AssertionError:  failed
	at org.testng.Assert.fail(Assert.java:94)
	at OI_And_Phone_Install_Orders.TC_23_Install_OI_with_P_50.TC_23_verifylogin(TC_23_Install_OI_with_P_50.java:91)
	at sun.reflect.NativeMethodAccessorImpl.invoke0(Native Method)
	at sun.reflect.NativeMethodAccessorImpl.invoke(Unknown Source)
	at sun.reflect.DelegatingMethodAccessorImpl.invoke(Unknown Source)
	at java.lang.reflect.Method.invoke(Unknown Source)
	at org.testng.internal.MethodInvocationHelper.invokeMethod(MethodInvocationHelper.java:104)
	at org.testng.internal.Invoker.invokeMethod(Invoker.java:645)
	at org.testng.internal.Invoker.invokeTestMethod(Invoker.java:851)
	at org.testng.internal.Invoker.invokeTestMethods(Invoker.java:1177)
	at org.testng.internal.TestMethodWorker.invokeTestMethods(TestMethodWorker.java:129)
	at org.testng.internal.TestMethodWorker.run(TestMethodWorker.java:112)
	at org.testng.TestRunner.privateRun(TestRunner.java:756)
	at org.testng.TestRunner.run(TestRunner.java:610)
	at org.testng.SuiteRunner.runTest(SuiteRunner.java:387)
	at org.testng.SuiteRunner.runSequentially(SuiteRunner.java:382)
	at org.testng.SuiteRunner.privateRun(SuiteRunner.java:340)
	at org.testng.SuiteRunner.run(SuiteRunner.java:289)
	at org.testng.SuiteRunnerWorker.runSuite(SuiteRunnerWorker.java:52)
	at org.testng.SuiteRunnerWorker.run(SuiteRunnerWorker.java:86)
	at org.testng.TestNG.runSuitesSequentially(TestNG.java:1293)
	at org.testng.TestNG.runSuitesLocally(TestNG.java:1218)
	at org.testng.TestNG.runSuites(TestNG.java:1133)
	at org.testng.TestNG.run(TestNG.java:1104)
	at org.testng.remote.AbstractRemoteTestNG.run(AbstractRemoteTestNG.java:114)
	at org.testng.remote.RemoteTestNG.initAndRun(RemoteTestNG.java:251)
	at org.testng.remote.RemoteTestNG.main(RemoteTestNG.java:77)
</pre></div></td>
<td>0</td>
<td>OI_And_Phone_Install_Orders.TC_23_Install_OI_with_P_50@57d5872c</td></tr>
</table><p>
<table width='100%' border='1' class='invocation-passed'>
<tr><td colspan='4' align='center'><b>PASSED TESTS</b></td></tr>
<tr><td><b>Test method</b></td>
<td width="30%"><b>Exception</b></td>
<td width="10%"><b>Time (seconds)</b></td>
<td><b>Instance</b></td>
</tr>
<tr>
<td title='OI_And_Phone_Install_Orders.TC_23_Install_OI_with_P_50.TC_23_AddressValidation()'><b>TC_23_AddressValidation</b><br>Test class: OI_And_Phone_Install_Orders.TC_23_Install_OI_with_P_50<br/>
<a href="#Output-1970612644" onClick='toggleBox("Output-1970612644", this, "Show output", "Hide output");'>Show output</a>

<a href="#Output-1970612644" onClick="toggleAllBoxes();">Show all outputs</a>
<div class='log' id="Output-1970612644">
Validate Address clicked<br/>
FindAddress clicked<br/>
Address selected<br/>
Adress or sevice availablity issue---Please check the address<br/>
Address Validated<br/>
</div>
</td>
<td></td>
<td>21</td>
<td>OI_And_Phone_Install_Orders.TC_23_Install_OI_with_P_50@57d5872c</td></tr>
<tr>
<td title='OI_And_Phone_Install_Orders.TC_23_Install_OI_with_P_50.TC_23_NewLeadCreation()'><b>TC_23_NewLeadCreation</b><br>Test class: OI_And_Phone_Install_Orders.TC_23_Install_OI_with_P_50<br>Parameters: natrajpencil, Mr., nat, rap, AG, abc@din.com, C VERARBEITENDES GEWERBE, Getrankeherstellung, SME, Baden-Württemberg (BAW), KREUZSTR, 26, FRANKFURT, 60435, HSN<br/>
<a href="#Output-1272115420" onClick='toggleBox("Output-1272115420", this, "Show output", "Hide output");'>Show output</a>

<a href="#Output-1272115420" onClick="toggleAllBoxes();">Show all outputs</a>
<div class='log' id="Output-1272115420">
Leads tab clicked<br/>
New lead button clicked<br/>
Account name passed<br/>
Salutation selected<br/>
Firstname passed<br/>
last name passed<br/>
Legal Entity type selected<br/>
Email value passed<br/>
phone value passed<br/>
NationalID value Passed<br/>
Industry classification asC VERARBEITENDES GEWERBEselected<br/>
Detailed Industry as Getrankeherstellung selected><br/>
segment as SME selected<br/>
constructional Organization as Baden-Württemberg (BAW) selected<br/>
visit street as KREUZSTR selected<br/>
visit house number as 26 selected<br/>
visit city as FRANKFURT selected<br/>
postal code as 60435   selected><br/>
visit state/provience as HSN   selected<br/>
<-----------Lead was successfully created------><br/>
</div>
</td>
<td></td>
<td>57</td>
<td>OI_And_Phone_Install_Orders.TC_23_Install_OI_with_P_50@57d5872c</td></tr>
<tr>
<td title='OI_And_Phone_Install_Orders.TC_23_Install_OI_with_P_50.TC_23_OI_Phone_Billing_Account_Assignment()'><b>TC_23_OI_Phone_Billing_Account_Assignment</b><br>Test class: OI_And_Phone_Install_Orders.TC_23_Install_OI_with_P_50<br/>
<a href="#Output-1459035867" onClick='toggleBox("Output-1459035867", this, "Show output", "Hide output");'>Show output</a>

<a href="#Output-1459035867" onClick="toggleAllBoxes();">Show all outputs</a>
<div class='log' id="Output-1459035867">
Billing account creation failed due to org.openqa.selenium.TimeoutException: Expected condition failed: waiting for element to be clickable: Proxy element for: DefaultElementLocator 'By.xpath: //button[@class='ng-binding ng-isolate-scope icon IconAssignBillingAccount']' (tried for 200 second(s) with 500 MILLISECONDS interval)
Build info: version: '3.0.1', revision: '1969d75', time: '2016-10-18 09:49:13 -0700'
System info: host: 'C4LAP149', ip: '192.168.1.11', os.name: 'Windows 7', os.arch: 'amd64', os.version: '6.1', java.version: '1.8.0_101'
Driver info: org.openqa.selenium.chrome.ChromeDriver
Capabilities [{applicationCacheEnabled=false, rotatable=false, mobileEmulationEnabled=false, networkConnectionEnabled=false, chrome={chromedriverVersion=2.28.455520 (cc17746adff54984afff480136733114c6b3704b), userDataDir=C:\Users\support\AppData\Local\Temp\scoped_dir5908_26485}, takesHeapSnapshot=true, pageLoadStrategy=normal, databaseEnabled=false, handlesAlerts=true, hasTouchScreen=false, version=61.0.3163.100, platform=XP, browserConnectionEnabled=false, nativeEvents=true, acceptSslCerts=true, locationContextEnabled=true, webStorageEnabled=true, browserName=chrome, takesScreenshot=true, javascriptEnabled=true, cssSelectorsEnabled=true, unexpectedAlertBehaviour=}]
Session ID: bfe2c4dc3999c69c36fc2c24bfd00df8<br/>
========Billing Account Assignment was successfully configured============<br/>
</div>
</td>
<td></td>
<td>200</td>
<td>OI_And_Phone_Install_Orders.TC_23_Install_OI_with_P_50@57d5872c</td></tr>
<tr>
<td title='OI_And_Phone_Install_Orders.TC_23_Install_OI_with_P_50.TC_23_OI_Phone_ProductBasketAddition()'><b>TC_23_OI_Phone_ProductBasketAddition</b><br>Test class: OI_And_Phone_Install_Orders.TC_23_Install_OI_with_P_50<br/>
<a href="#Output-1538462491" onClick='toggleBox("Output-1538462491", this, "Show output", "Hide output");'>Show output</a>

<a href="#Output-1538462491" onClick="toggleAllBoxes();">Show all outputs</a>
<div class='log' id="Output-1538462491">
New product basket button clicked in opportunity page<br/>
Addproduct button clicked in product configuration page<br/>
OI product selected<br/>
Address bar clicked<br/>
Customer Address search button clicked successfully<br/>
Customer Address successfully selected<br/>
Successfully added product to the basket and also confirmed<br/>
Product successfully added to cart<br/>
</div>
</td>
<td></td>
<td>88</td>
<td>OI_And_Phone_Install_Orders.TC_23_Install_OI_with_P_50@57d5872c</td></tr>
<tr>
<td title='OI_And_Phone_Install_Orders.TC_23_Install_OI_with_P_50.TC_23_OI_Phone_ProductBasketConfiguration_with_OI50()'><b>TC_23_OI_Phone_ProductBasketConfiguration_with_OI50</b><br>Test class: OI_And_Phone_Install_Orders.TC_23_Install_OI_with_P_50<br/>
<a href="#Output-689448569" onClick='toggleBox("Output-689448569", this, "Show output", "Hide output");'>Show output</a>

<a href="#Output-689448569" onClick="toggleAllBoxes();">Show all outputs</a>
<div class='log' id="Output-689448569">
Edit basket button clicked<br/>
Iframe switched<br/>
Error occurs during product basket configuration is org.openqa.selenium.NoSuchElementException: no such element: Unable to locate element: {"method":"xpath","selector":"//select[@name='Product_Type_0']"}
  (Session info: chrome=61.0.3163.100)
  (Driver info: chromedriver=2.28.455520 (cc17746adff54984afff480136733114c6b3704b),platform=Windows NT 6.1.7601 SP1 x86_64) (WARNING: The server did not provide any stacktrace information)
Command duration or timeout: 48 milliseconds
For documentation on this error, please visit: http://seleniumhq.org/exceptions/no_such_element.html
Build info: version: '3.0.1', revision: '1969d75', time: '2016-10-18 09:49:13 -0700'
System info: host: 'C4LAP149', ip: '192.168.1.11', os.name: 'Windows 7', os.arch: 'amd64', os.version: '6.1', java.version: '1.8.0_101'
Driver info: org.openqa.selenium.chrome.ChromeDriver
Capabilities [{applicationCacheEnabled=false, rotatable=false, mobileEmulationEnabled=false, networkConnectionEnabled=false, chrome={chromedriverVersion=2.28.455520 (cc17746adff54984afff480136733114c6b3704b), userDataDir=C:\Users\support\AppData\Local\Temp\scoped_dir5908_26485}, takesHeapSnapshot=true, pageLoadStrategy=normal, databaseEnabled=false, handlesAlerts=true, hasTouchScreen=false, version=61.0.3163.100, platform=XP, browserConnectionEnabled=false, nativeEvents=true, acceptSslCerts=true, locationContextEnabled=true, webStorageEnabled=true, browserName=chrome, takesScreenshot=true, javascriptEnabled=true, cssSelectorsEnabled=true, unexpectedAlertBehaviour=}]
Session ID: bfe2c4dc3999c69c36fc2c24bfd00df8
*** Element info: {Using=xpath, value=//select[@name='Product_Type_0']}<br/>
OI and phone Product successfully configured<br/>
</div>
</td>
<td></td>
<td>54</td>
<td>OI_And_Phone_Install_Orders.TC_23_Install_OI_with_P_50@57d5872c</td></tr>
<tr>
<td title='OI_And_Phone_Install_Orders.TC_23_Install_OI_with_P_50.TC_23_OI_Phone_Product_Basket_Upload()'><b>TC_23_OI_Phone_Product_Basket_Upload</b><br>Test class: OI_And_Phone_Install_Orders.TC_23_Install_OI_with_P_50<br/>
<a href="#Output-2025066647" onClick='toggleBox("Output-2025066647", this, "Show output", "Hide output");'>Show output</a>

<a href="#Output-2025066647" onClick="toggleAllBoxes();">Show all outputs</a>
<div class='log' id="Output-2025066647">
Product basket upload faile due to org.openqa.selenium.TimeoutException: Expected condition failed: waiting for element to be clickable: Proxy element for: DefaultElementLocator 'By.xpath: .//*[@id='bodyCell']/div/div/div[3]/div[2]/div[1]/div/header/div[2]/span' (tried for 200 second(s) with 500 MILLISECONDS interval)
Build info: version: '3.0.1', revision: '1969d75', time: '2016-10-18 09:49:13 -0700'
System info: host: 'C4LAP149', ip: '192.168.1.11', os.name: 'Windows 7', os.arch: 'amd64', os.version: '6.1', java.version: '1.8.0_101'
Driver info: org.openqa.selenium.chrome.ChromeDriver
Capabilities [{applicationCacheEnabled=false, rotatable=false, mobileEmulationEnabled=false, networkConnectionEnabled=false, chrome={chromedriverVersion=2.28.455520 (cc17746adff54984afff480136733114c6b3704b), userDataDir=C:\Users\support\AppData\Local\Temp\scoped_dir5908_26485}, takesHeapSnapshot=true, pageLoadStrategy=normal, databaseEnabled=false, handlesAlerts=true, hasTouchScreen=false, version=61.0.3163.100, platform=XP, browserConnectionEnabled=false, nativeEvents=true, acceptSslCerts=true, locationContextEnabled=true, webStorageEnabled=true, browserName=chrome, takesScreenshot=true, javascriptEnabled=true, cssSelectorsEnabled=true, unexpectedAlertBehaviour=}]
Session ID: bfe2c4dc3999c69c36fc2c24bfd00df8<br/>
========Billing Account Assignment was successfully configured============<br/>
</div>
</td>
<td></td>
<td>200</td>
<td>OI_And_Phone_Install_Orders.TC_23_Install_OI_with_P_50@57d5872c</td></tr>
<tr>
<td title='OI_And_Phone_Install_Orders.TC_23_Install_OI_with_P_50.TC_23_OI_Phone_Validate_Order()'><b>TC_23_OI_Phone_Validate_Order</b><br>Test class: OI_And_Phone_Install_Orders.TC_23_Install_OI_with_P_50<br/>
<a href="#Output-199041063" onClick='toggleBox("Output-199041063", this, "Show output", "Hide output");'>Show output</a>

<a href="#Output-199041063" onClick="toggleAllBoxes();">Show all outputs</a>
<div class='log' id="Output-199041063">
order validation failed due to org.openqa.selenium.TimeoutException: Expected condition failed: waiting for visibility of Proxy element for: DefaultElementLocator 'By.xpath: //div[@class='pbHeader']//input[@value='Validate Order']' (tried for 200 second(s) with 500 MILLISECONDS interval)
Build info: version: '3.0.1', revision: '1969d75', time: '2016-10-18 09:49:13 -0700'
System info: host: 'C4LAP149', ip: '192.168.1.11', os.name: 'Windows 7', os.arch: 'amd64', os.version: '6.1', java.version: '1.8.0_101'
Driver info: org.openqa.selenium.chrome.ChromeDriver
Capabilities [{applicationCacheEnabled=false, rotatable=false, mobileEmulationEnabled=false, networkConnectionEnabled=false, chrome={chromedriverVersion=2.28.455520 (cc17746adff54984afff480136733114c6b3704b), userDataDir=C:\Users\support\AppData\Local\Temp\scoped_dir5908_26485}, takesHeapSnapshot=true, pageLoadStrategy=normal, databaseEnabled=false, handlesAlerts=true, hasTouchScreen=false, version=61.0.3163.100, platform=XP, browserConnectionEnabled=false, nativeEvents=true, acceptSslCerts=true, locationContextEnabled=true, webStorageEnabled=true, browserName=chrome, takesScreenshot=true, javascriptEnabled=true, cssSelectorsEnabled=true, unexpectedAlertBehaviour=}]
Session ID: bfe2c4dc3999c69c36fc2c24bfd00df8<br/>
========Order validation was successfully performed============<br/>
</div>
</td>
<td></td>
<td>200</td>
<td>OI_And_Phone_Install_Orders.TC_23_Install_OI_with_P_50@57d5872c</td></tr>
<tr>
<td title='OI_And_Phone_Install_Orders.TC_23_Install_OI_with_P_50.TC_23_Opportunityconversion()'><b>TC_23_Opportunityconversion</b><br>Test class: OI_And_Phone_Install_Orders.TC_23_Install_OI_with_P_50<br/>
<a href="#Output-1692523793" onClick='toggleBox("Output-1692523793", this, "Show output", "Hide output");'>Show output</a>

<a href="#Output-1692523793" onClick="toggleAllBoxes();">Show all outputs</a>
<div class='log' id="Output-1692523793">
clicked convert button in leads page<br/>
clicked convert button in convert lead page<br/>
clicked on opportunity created in accounts page<br/>
Opportunity converted<br/>
</div>
</td>
<td></td>
<td>36</td>
<td>OI_And_Phone_Install_Orders.TC_23_Install_OI_with_P_50@57d5872c</td></tr>
<tr>
<td title='OI_And_Phone_Install_Orders.TC_23_Install_OI_with_P_50.TC_23_verifylogin()'><b>TC_23_verifylogin</b><br>Test class: OI_And_Phone_Install_Orders.TC_23_Install_OI_with_P_50<br>Parameters: pprabakaran@lg.com.jit, Prodapt@!4, null<br/>
<a href="#Output-1011104118" onClick='toggleBox("Output-1011104118", this, "Show output", "Hide output");'>Show output</a>

<a href="#Output-1011104118" onClick="toggleAllBoxes();">Show all outputs</a>
<div class='log' id="Output-1011104118">
entered email address:-pprabakaran@lg.com.jit and object is [[ChromeDriver: chrome on XP (bfe2c4dc3999c69c36fc2c24bfd00df8)] -> id: username]<br/>
entered password:-Prodapt@!4 and object is [[ChromeDriver: chrome on XP (bfe2c4dc3999c69c36fc2c24bfd00df8)] -> id: password]<br/>
clicked on sublit butto and object is:-Proxy element for: DefaultElementLocator 'By.id: Login'<br/>
<a href='D:\Ibrahim-surat\B2B_OM_Automation_10-10-2017\B2B_OM_Automation\src\main\java\com\test\automation\OM_Automation\screenshot\verifyLoginRecords_16_10_2017_09_47_57.png'> <img src='D:\Ibrahim-surat\B2B_OM_Automation_10-10-2017\B2B_OM_Automation\src\main\java\com\test\automation\OM_Automation\screenshot\verifyLoginRecords_16_10_2017_09_47_57.png' height='100' width='100'/> </a><br/>
</div>
</td>
<td></td>
<td>3</td>
<td>OI_And_Phone_Install_Orders.TC_23_Install_OI_with_P_50@57d5872c</td></tr>
</table><p>
</body>
</html>