<?xml version="1.0" encoding="UTF-8"?>
<!-- Generated by org.testng.reporters.JUnitXMLReporter -->
<testsuite hostname="C4LAP149" ignored="0" name="OIP-Install-Orders2" tests="33" failures="6" timestamp="12 Oct 2017 19:43:51 GMT" time="1348.065" errors="0">
  <testcase name="TC_25_verifylogin" time="3.468" classname="OI_And_Phone_Install_Orders.TC_25_Install_OI_with_P_200"/>
  <testcase name="TC_24_verifylogin" time="3.674" classname="OI_And_Phone_Install_Orders.TC_24_Install_OI_with_P_150"/>
  <testcase name="TC_26_verifylogin" time="3.257" classname="OI_And_Phone_Install_Orders.TC_26_Install_OI_with_P_400"/>
  <testcase name="TC_24_NewLeadCreation" time="30.309" classname="OI_And_Phone_Install_Orders.TC_24_Install_OI_with_P_150"/>
  <testcase name="TC_26_NewLeadCreation" time="32.449" classname="OI_And_Phone_Install_Orders.TC_26_Install_OI_with_P_400"/>
  <testcase name="TC_25_NewLeadCreation" time="37.821" classname="OI_And_Phone_Install_Orders.TC_25_Install_OI_with_P_200"/>
  <testcase name="TC_24_AddressValidation" time="5.471" classname="OI_And_Phone_Install_Orders.TC_24_Install_OI_with_P_150"/>
  <testcase name="TC_25_AddressValidation" time="12.392" classname="OI_And_Phone_Install_Orders.TC_25_Install_OI_with_P_200"/>
  <testcase name="TC_26_AddressValidation" time="12.27" classname="OI_And_Phone_Install_Orders.TC_26_Install_OI_with_P_400"/>
  <testcase name="TC_25_Opportunityconversion" time="19.402" classname="OI_And_Phone_Install_Orders.TC_25_Install_OI_with_P_200"/>
  <testcase name="TC_24_Opportunityconversion" time="18.361" classname="OI_And_Phone_Install_Orders.TC_24_Install_OI_with_P_150"/>
  <testcase name="TC_26_Opportunityconversion" time="20.691" classname="OI_And_Phone_Install_Orders.TC_26_Install_OI_with_P_400"/>
  <testcase name="TC_25_OI_Phone_ProductBasketAddition" time="32.659" classname="OI_And_Phone_Install_Orders.TC_25_Install_OI_with_P_200"/>
  <testcase name="TC_26_OI_Phone_ProductBasketAddition" time="33.262" classname="OI_And_Phone_Install_Orders.TC_26_Install_OI_with_P_400"/>
  <testcase name="TC_24_OI_Phone_ProductBasketAddition" time="33.128" classname="OI_And_Phone_Install_Orders.TC_24_Install_OI_with_P_150"/>
  <testcase name="TC_25_OI_Phone_ProductBasketConfiguration_with_OI50" time="225.481" classname="OI_And_Phone_Install_Orders.TC_25_Install_OI_with_P_200"/>
  <testcase name="TC_26_OI_Phone_ProductBasketConfiguration_with_OI50" time="225.769" classname="OI_And_Phone_Install_Orders.TC_26_Install_OI_with_P_400"/>
  <testcase name="TC_24_OI_Phone_ProductBasketConfiguration_with_OI50" time="225.034" classname="OI_And_Phone_Install_Orders.TC_24_Install_OI_with_P_150"/>
  <testcase name="TC_25_OI_Phone_Installation_Information_Configuration" time="203.294" classname="OI_And_Phone_Install_Orders.TC_25_Install_OI_with_P_200">
    <failure type="java.lang.AssertionError" message=" failed">
      <![CDATA[java.lang.AssertionError:  failed
	at OI_And_Phone_Install_Orders.TC_25_Install_OI_with_P_200.TC_25_OI_Phone_Installation_Information_Configuration(TC_25_Install_OI_with_P_200.java:184)
	at java.util.concurrent.ThreadPoolExecutor.runWorker(Unknown Source)
	at java.util.concurrent.ThreadPoolExecutor$Worker.run(Unknown Source)
	at java.lang.Thread.run(Unknown Source)
... Removed 11 stack frames]]>
    </failure>
  </testcase> <!-- TC_25_OI_Phone_Installation_Information_Configuration -->
  <testcase name="TC_26_OI_Phone_Installation_Information_Configuration" time="203.318" classname="OI_And_Phone_Install_Orders.TC_26_Install_OI_with_P_400">
    <failure type="java.lang.AssertionError" message=" failed">
      <![CDATA[java.lang.AssertionError:  failed
	at OI_And_Phone_Install_Orders.TC_26_Install_OI_with_P_400.TC_26_OI_Phone_Installation_Information_Configuration(TC_26_Install_OI_with_P_400.java:184)
	at java.util.concurrent.ThreadPoolExecutor.runWorker(Unknown Source)
	at java.util.concurrent.ThreadPoolExecutor$Worker.run(Unknown Source)
	at java.lang.Thread.run(Unknown Source)
... Removed 11 stack frames]]>
    </failure>
  </testcase> <!-- TC_26_OI_Phone_Installation_Information_Configuration -->
  <testcase name="TC_24_OI_Phone_Installation_Information_Configuration" time="203.335" classname="OI_And_Phone_Install_Orders.TC_24_Install_OI_with_P_150">
    <failure type="java.lang.AssertionError" message=" failed">
      <![CDATA[java.lang.AssertionError:  failed
	at OI_And_Phone_Install_Orders.TC_24_Install_OI_with_P_150.TC_24_OI_Phone_Installation_Information_Configuration(TC_24_Install_OI_with_P_150.java:184)
	at java.util.concurrent.ThreadPoolExecutor.runWorker(Unknown Source)
	at java.util.concurrent.ThreadPoolExecutor$Worker.run(Unknown Source)
	at java.lang.Thread.run(Unknown Source)
... Removed 11 stack frames]]>
    </failure>
  </testcase> <!-- TC_24_OI_Phone_Installation_Information_Configuration -->
  <testcase name="TC_25_OI_Phone_Billing_Account_Assignment" time="200.325" classname="OI_And_Phone_Install_Orders.TC_25_Install_OI_with_P_200"/>
  <testcase name="TC_26_OI_Phone_Billing_Account_Assignment" time="200.114" classname="OI_And_Phone_Install_Orders.TC_26_Install_OI_with_P_400"/>
  <testcase name="TC_24_OI_Phone_Billing_Account_Assignment" time="200.093" classname="OI_And_Phone_Install_Orders.TC_24_Install_OI_with_P_150"/>
  <testcase name="TC_25_OI_Phone_Product_Basket_Upload" time="200.088" classname="OI_And_Phone_Install_Orders.TC_25_Install_OI_with_P_200"/>
  <testcase name="TC_24_OI_Phone_Product_Basket_Upload" time="200.282" classname="OI_And_Phone_Install_Orders.TC_24_Install_OI_with_P_150"/>
  <testcase name="TC_26_OI_Phone_Product_Basket_Upload" time="200.293" classname="OI_And_Phone_Install_Orders.TC_26_Install_OI_with_P_400"/>
  <testcase name="TC_25_OI_Phone_Validate_Order" time="200.394" classname="OI_And_Phone_Install_Orders.TC_25_Install_OI_with_P_200"/>
  <testcase name="TC_24_OI_Phone_Validate_Order" time="200.354" classname="OI_And_Phone_Install_Orders.TC_24_Install_OI_with_P_150"/>
  <testcase name="TC_26_OI_Phone_Validate_Order" time="200.361" classname="OI_And_Phone_Install_Orders.TC_26_Install_OI_with_P_400"/>
  <testcase name="TC_25_OI_Phone_SubOrders_Validation_And_Closure" time="200.034" classname="OI_And_Phone_Install_Orders.TC_25_Install_OI_with_P_200">
    <failure type="java.lang.AssertionError" message=" failed">
      <![CDATA[java.lang.AssertionError:  failed
	at OI_And_Phone_Install_Orders.TC_25_Install_OI_with_P_200.TC_25_OI_Phone_SubOrders_Validation_And_Closure(TC_25_Install_OI_with_P_200.java:245)
	at java.util.concurrent.ThreadPoolExecutor.runWorker(Unknown Source)
	at java.util.concurrent.ThreadPoolExecutor$Worker.run(Unknown Source)
	at java.lang.Thread.run(Unknown Source)
... Removed 11 stack frames]]>
    </failure>
  </testcase> <!-- TC_25_OI_Phone_SubOrders_Validation_And_Closure -->
  <testcase name="TC_26_OI_Phone_SubOrders_Validation_And_Closure" time="200.026" classname="OI_And_Phone_Install_Orders.TC_26_Install_OI_with_P_400">
    <failure type="java.lang.AssertionError" message=" failed">
      <![CDATA[java.lang.AssertionError:  failed
	at OI_And_Phone_Install_Orders.TC_26_Install_OI_with_P_400.TC_26_OI_Phone_SubOrders_Validation_And_Closure(TC_26_Install_OI_with_P_400.java:245)
	at java.util.concurrent.ThreadPoolExecutor.runWorker(Unknown Source)
	at java.util.concurrent.ThreadPoolExecutor$Worker.run(Unknown Source)
	at java.lang.Thread.run(Unknown Source)
... Removed 11 stack frames]]>
    </failure>
  </testcase> <!-- TC_26_OI_Phone_SubOrders_Validation_And_Closure -->
  <testcase name="TC_24_OI_Phone_SubOrders_Validation_And_Closure" time="200.029" classname="OI_And_Phone_Install_Orders.TC_24_Install_OI_with_P_150">
    <failure type="java.lang.AssertionError" message=" failed">
      <![CDATA[java.lang.AssertionError:  failed
	at OI_And_Phone_Install_Orders.TC_24_Install_OI_with_P_150.TC_24_OI_Phone_SubOrders_Validation_And_Closure(TC_24_Install_OI_with_P_150.java:245)
	at java.util.concurrent.ThreadPoolExecutor.runWorker(Unknown Source)
	at java.util.concurrent.ThreadPoolExecutor$Worker.run(Unknown Source)
	at java.lang.Thread.run(Unknown Source)
... Removed 11 stack frames]]>
    </failure>
  </testcase> <!-- TC_24_OI_Phone_SubOrders_Validation_And_Closure -->
</testsuite> <!-- OIP-Install-Orders2 -->
