<?xml version="1.0" encoding="UTF-8"?>
<!-- Generated by org.testng.reporters.JUnitXMLReporter -->
<testsuite hostname="C4DES036" ignored="0" name="Dependancy_Regression_TC_23_OI150WithPhone_MACDChange_OI150PhoneWith5StaticIPwithRC" tests="1" failures="0" timestamp="21 Mar 2018 08:18:58 GMT" time="387.977" errors="0">
  <testcase name="TestCaseExecution" time="378.415" classname="TestDriver.TestExecutionDriver"/>
</testsuite> <!-- Dependancy_Regression_TC_23_OI150WithPhone_MACDChange_OI150PhoneWith5StaticIPwithRC -->
