<?xml version="1.0" encoding="UTF-8"?>
<!-- Generated by org.testng.reporters.JUnitXMLReporter -->
<testsuite hostname="C4DES036" ignored="0" name="Regression_TC_16_MACDCHANGE_CI_To_CIPowerspot_NeedsInstallAndNeedsActivationFieldCheck" tests="1" failures="1" timestamp="21 Mar 2018 07:43:57 GMT" time="252.327" errors="0">
  <testcase name="TestCaseExecution" time="235.107" classname="TestDriver.TestExecutionDriver">
    <failure type="java.lang.AssertionError" message="Loging failed">
      <![CDATA[java.lang.AssertionError: Loging failed
	at DUMMYDELETEIT.genericDriver.MACDNavigation(genericDriver.java:252)
	at TestDriver.TestExecutionDriver.TestCaseExecution(TestExecutionDriver.java:194)
	at java.util.concurrent.FutureTask.run(Unknown Source)
	at java.util.concurrent.ThreadPoolExecutor.runWorker(Unknown Source)
	at java.util.concurrent.ThreadPoolExecutor$Worker.run(Unknown Source)
	at java.lang.Thread.run(Unknown Source)
... Removed 16 stack frames]]>
    </failure>
  </testcase> <!-- TestCaseExecution -->
</testsuite> <!-- Regression_TC_16_MACDCHANGE_CI_To_CIPowerspot_NeedsInstallAndNeedsActivationFieldCheck -->
