<?xml version="1.0" encoding="UTF-8"?>
<!-- Generated by org.testng.reporters.JUnitXMLReporter -->
<testsuite hostname="C4DES036" ignored="0" name="Regression_TC_57" tests="1" failures="1" timestamp="20 Mar 2018 10:54:45 GMT" time="322.644" errors="0">
  <testcase name="TestCaseExecution" time="312.902" classname="TestDriver.TestExecutionDriver">
    <failure type="java.lang.AssertionError" message="Loging failed">
      <![CDATA[java.lang.AssertionError: Loging failed
	at DUMMYDELETEIT.genericDriver.generalRegressionValiadations(genericDriver.java:298)
	at TestDriver.TestExecutionDriver.TestCaseExecution(TestExecutionDriver.java:161)
	at java.util.concurrent.FutureTask.run(Unknown Source)
	at java.util.concurrent.ThreadPoolExecutor.runWorker(Unknown Source)
	at java.util.concurrent.ThreadPoolExecutor$Worker.run(Unknown Source)
	at java.lang.Thread.run(Unknown Source)
... Removed 17 stack frames]]>
    </failure>
  </testcase> <!-- TestCaseExecution -->
</testsuite> <!-- Regression_TC_57 -->
