<?xml version="1.0" encoding="UTF-8"?>
<!-- Generated by org.testng.reporters.JUnitXMLReporter -->
<testsuite hostname="C3DES396" ignored="0" name="TC_18_OfficeInternet" tests="1" failures="1" timestamp="20 Mar 2018 05:39:54 GMT" time="22.257" errors="0">
  <testcase name="TestCaseExecution" time="3.924" classname="TestDriver.TestExecutionDriver">
    <failure type="java.lang.NullPointerException">
      <![CDATA[java.lang.NullPointerException
	at TestDriver.TestExecutionDriver.TestCaseExecution(TestExecutionDriver.java:316)
	at java.util.concurrent.FutureTask.run(Unknown Source)
	at java.util.concurrent.ThreadPoolExecutor.runWorker(Unknown Source)
	at java.util.concurrent.ThreadPoolExecutor$Worker.run(Unknown Source)
	at java.lang.Thread.run(Unknown Source)
... Removed 16 stack frames]]>
    </failure>
  </testcase> <!-- TestCaseExecution -->
</testsuite> <!-- TC_18_OfficeInternet -->
