<?xml version="1.0" encoding="UTF-8"?>
<!-- Generated by org.testng.reporters.JUnitXMLReporter -->
<testsuite hostname="C3DES396" ignored="0" name="TC_14_CompanyFiber_With_Addons_BGP" tests="1" failures="1" timestamp="28 Feb 2018 16:46:52 GMT" time="163.675" errors="0">
  <testcase name="TestCaseExecution" time="132.37" classname="TestDriver.TestExecutionDriver">
    <failure type="java.lang.AssertionError" message=" failed">
      <![CDATA[java.lang.AssertionError:  failed
	at DUMMYDELETEIT.genericDriver.CF_ProductBasketConfiguration(genericDriver.java:442)
	at TestDriver.TestExecutionDriver.TestCaseExecution(TestExecutionDriver.java:191)
	at java.util.concurrent.FutureTask.run(Unknown Source)
	at java.util.concurrent.ThreadPoolExecutor.runWorker(Unknown Source)
	at java.util.concurrent.ThreadPoolExecutor$Worker.run(Unknown Source)
	at java.lang.Thread.run(Unknown Source)
... Removed 17 stack frames]]>
    </failure>
  </testcase> <!-- TestCaseExecution -->
</testsuite> <!-- TC_14_CompanyFiber_With_Addons_BGP -->
