<?xml version="1.0" encoding="UTF-8"?>
<!-- Generated by org.testng.reporters.JUnitXMLReporter -->
<testsuite hostname="C4LAP149" ignored="0" name="TC_13_OfficeInternet_With_Addons" tests="1" failures="1" timestamp="11 Jan 2018 04:47:58 GMT" time="218.562" errors="0">
  <testcase name="TestCaseExecution" time="159.973" classname="TestDriver.TestExecutionDriver">
    <failure type="java.lang.AssertionError" message=" failed">
      <![CDATA[java.lang.AssertionError:  failed
	at DUMMYDELETEIT.genericDriver.OI_ProductBasketConfiguration(genericDriver.java:349)
	at TestDriver.TestExecutionDriver.TestCaseExecution(TestExecutionDriver.java:154)
	at java.util.concurrent.FutureTask.run(Unknown Source)
	at java.util.concurrent.ThreadPoolExecutor.runWorker(Unknown Source)
	at java.util.concurrent.ThreadPoolExecutor$Worker.run(Unknown Source)
	at java.lang.Thread.run(Unknown Source)
... Removed 17 stack frames]]>
    </failure>
  </testcase> <!-- TestCaseExecution -->
</testsuite> <!-- TC_13_OfficeInternet_With_Addons -->
