<?xml version="1.0" encoding="UTF-8"?>
<!-- Generated by org.testng.reporters.JUnitXMLReporter -->
<testsuite hostname="C4LAP149" ignored="0" name="TC_24_Company_Internet_with_Wlan_with_Company_Voice_Manual" tests="1" failures="1" timestamp="11 Jan 2018 06:18:32 GMT" time="349.649" errors="0">
  <testcase name="TestCaseExecution" time="291.284" classname="TestDriver.TestExecutionDriver">
    <failure type="java.lang.AssertionError" message=" failed">
      <![CDATA[java.lang.AssertionError:  failed
	at DUMMYDELETEIT.genericDriver.CV_ProductBasketAddition(genericDriver.java:189)
	at TestDriver.TestExecutionDriver.TestCaseExecution(TestExecutionDriver.java:127)
	at java.util.concurrent.FutureTask.run(Unknown Source)
	at java.util.concurrent.ThreadPoolExecutor.runWorker(Unknown Source)
	at java.util.concurrent.ThreadPoolExecutor$Worker.run(Unknown Source)
	at java.lang.Thread.run(Unknown Source)
... Removed 17 stack frames]]>
    </failure>
  </testcase> <!-- TestCaseExecution -->
</testsuite> <!-- TC_24_Company_Internet_with_Wlan_with_Company_Voice_Manual -->
