<?xml version="1.0" encoding="UTF-8"?>
<!-- Generated by org.testng.reporters.JUnitXMLReporter -->
<testsuite hostname="C4LAP149" ignored="0" name="TC_02_CompanyInternet_With_Addons_Manual" tests="1" failures="1" timestamp="08 Jan 2018 05:01:56 GMT" time="543.959" errors="0">
  <testcase name="TestCaseExecution" time="481.229" classname="TestDriver.TestExecutionDriver">
    <failure type="java.lang.AssertionError" message=" failed">
      <![CDATA[java.lang.AssertionError:  failed
	at DUMMYDELETEIT.genericDriver.subOrdersValidationAndCompleteOrderInConsole(genericDriver.java:682)
	at TestDriver.TestExecutionDriver.TestCaseExecution(TestExecutionDriver.java:190)
	at java.util.concurrent.FutureTask.run(FutureTask.java:266)
	at java.util.concurrent.ThreadPoolExecutor.runWorker(ThreadPoolExecutor.java:1142)
	at java.util.concurrent.ThreadPoolExecutor$Worker.run(ThreadPoolExecutor.java:617)
	at java.lang.Thread.run(Thread.java:745)
... Removed 17 stack frames]]>
    </failure>
  </testcase> <!-- TestCaseExecution -->
</testsuite> <!-- TC_02_CompanyInternet_With_Addons_Manual -->
