<?xml version="1.0" encoding="UTF-8"?>
<!-- Generated by org.testng.reporters.JUnitXMLReporter -->
<testsuite hostname="C4LAP149" ignored="0" name="TC_13_OfficeInternet_With_Addons" tests="1" failures="1" timestamp="05 Jan 2018 12:54:00 GMT" time="167.682" errors="0">
  <testcase name="TestCaseExecution" time="135.51" classname="TestDriver.TestExecutionDriver">
    <failure type="java.lang.AssertionError" message=" failed">
      <![CDATA[java.lang.AssertionError:  failed
	at DUMMYDELETEIT.genericDriver.OI_ProductBasketConfiguration(genericDriver.java:349)
	at TestDriver.TestExecutionDriver.TestCaseExecution(TestExecutionDriver.java:154)
	at java.util.concurrent.FutureTask.run(FutureTask.java:266)
	at java.util.concurrent.ThreadPoolExecutor.runWorker(ThreadPoolExecutor.java:1142)
	at java.util.concurrent.ThreadPoolExecutor$Worker.run(ThreadPoolExecutor.java:617)
	at java.lang.Thread.run(Thread.java:745)
... Removed 17 stack frames]]>
    </failure>
  </testcase> <!-- TestCaseExecution -->
</testsuite> <!-- TC_13_OfficeInternet_With_Addons -->
