<?xml version="1.0" encoding="UTF-8"?>
<!-- Generated by org.testng.reporters.JUnitXMLReporter -->
<testsuite hostname="C4LAP149" ignored="0" name="TC_30_CompanyInternet_with_ISDN_with_ZipTrunk_Automatic" tests="1" failures="1" timestamp="05 Jan 2018 15:10:10 GMT" time="88.589" errors="0">
  <testcase name="TestCaseExecution" time="28.343" classname="TestDriver.TestExecutionDriver">
    <failure type="java.lang.AssertionError" message=" failed">
      <![CDATA[java.lang.AssertionError:  failed
	at DUMMYDELETEIT.genericDriver.genericNewLeadCreation(genericDriver.java:109)
	at TestDriver.TestExecutionDriver.TestCaseExecution(TestExecutionDriver.java:113)
	at java.util.concurrent.FutureTask.run(FutureTask.java:266)
	at java.util.concurrent.ThreadPoolExecutor.runWorker(ThreadPoolExecutor.java:1142)
	at java.util.concurrent.ThreadPoolExecutor$Worker.run(ThreadPoolExecutor.java:617)
	at java.lang.Thread.run(Thread.java:745)
... Removed 16 stack frames]]>
    </failure>
  </testcase> <!-- TestCaseExecution -->
</testsuite> <!-- TC_30_CompanyInternet_with_ISDN_with_ZipTrunk_Automatic -->
