<?xml version="1.0" encoding="UTF-8"?>
<!-- Generated by org.testng.reporters.JUnitXMLReporter -->
<testsuite hostname="C3DES396" ignored="0" name="Testing Test Reports --- Two" tests="1" failures="0" timestamp="14 Nov 2017 09:54:21 GMT" time="0.37" errors="0">
  <testcase name="@BeforeClass setUp" time="0.0" classname="CI_Install_Orders.TC_27_CI_Install_Orders2">
    <failure type="org.testng.TestNGException" message="
Can inject only one of &amp;lt;ITestContext, XmlTest&amp;gt; into a BeforeClass annotated setUp.
For more information on native dependency injection please refer to http://testng.org/doc/documentation-main.html#native-dependency-injection">
      <![CDATA[org.testng.TestNGException: 
Can inject only one of <ITestContext, XmlTest> into a BeforeClass annotated setUp.
For more information on native dependency injection please refer to http://testng.org/doc/documentation-main.html#native-dependency-injection
	at java.util.concurrent.FutureTask.run(Unknown Source)
	at java.util.concurrent.ThreadPoolExecutor.runWorker(Unknown Source)
	at java.util.concurrent.ThreadPoolExecutor$Worker.run(Unknown Source)
	at java.lang.Thread.run(Unknown Source)
... Removed 14 stack frames]]>
    </failure>
  </testcase> <!-- @BeforeClass setUp -->
  <testcase name="@BeforeMethod beforeMethod" time="0.0" classname="com.test.automation.OM_Automation.testBase.TestBase">
    <skipped/>
  </testcase> <!-- @BeforeMethod beforeMethod -->
  <testcase name="@AfterMethod afterMethod" time="0.0" classname="com.test.automation.OM_Automation.testBase.TestBase">
    <skipped/>
  </testcase> <!-- @AfterMethod afterMethod -->
  <testcase name="@AfterClass testEnd" time="0.0" classname="CI_Install_Orders.TC_27_CI_Install_Orders2">
    <skipped/>
  </testcase> <!-- @AfterClass testEnd -->
  <testcase name="@AfterClass endTest" time="0.0" classname="com.test.automation.OM_Automation.testBase.TestBase">
    <skipped/>
  </testcase> <!-- @AfterClass endTest -->
  <testcase name="TestCase" time="0.0" classname="CI_Install_Orders.TC_27_CI_Install_Orders2">
    <skipped/>
  </testcase> <!-- TestCase -->
</testsuite> <!-- Testing Test Reports - Two -->
