<?xml version="1.0" encoding="UTF-8"?>
<!-- Generated by org.testng.reporters.JUnitXMLReporter -->
<testsuite hostname="C4LAP149" ignored="0" name="MACDUpgrade_CI_CF(failed)" tests="1" failures="1" timestamp="30 Jan 2018 15:02:09 GMT" time="128.494" errors="0">
  <testcase name="TestCaseExecution" time="61.527" classname="TestDriver.TestExecutionDriver">
    <failure type="java.lang.AssertionError" message="Loging failed">
      <![CDATA[java.lang.AssertionError: Loging failed
	at DUMMYDELETEIT.genericDriver.MACDNavigation(genericDriver.java:131)
	at TestDriver.TestExecutionDriver.TestCaseExecution(TestExecutionDriver.java:123)
	at java.util.concurrent.FutureTask.run(Unknown Source)
	at java.util.concurrent.ThreadPoolExecutor.runWorker(Unknown Source)
	at java.util.concurrent.ThreadPoolExecutor$Worker.run(Unknown Source)
	at java.lang.Thread.run(Unknown Source)
... Removed 17 stack frames]]>
    </failure>
  </testcase> <!-- TestCaseExecution -->
</testsuite> <!-- MACDUpgrade_CI_CF(failed) -->
