<?xml version="1.0" encoding="UTF-8"?>
<testsuite xmlns:xsi="http://www.w3.org/2001/XMLSchema-instance" xsi:schemaLocation="https://maven.apache.org/surefire/maven-surefire-plugin/xsd/surefire-test-report.xsd" name="TestSuite" time="13,536.569" tests="29" errors="0" skipped="0" failures="4">
  <properties>
[...]
</properties>
  <testcase name="TestCaseExecution" classname="TestDriver.TestExecutionDriver" time="397.303"/>
  <testcase name="TestCaseExecution" classname="TestDriver.TestExecutionDriver" time="393.469"/>
  <testcase name="TestCaseExecution" classname="TestDriver.TestExecutionDriver" time="497.243"/>
  <testcase name="TestCaseExecution" classname="TestDriver.TestExecutionDriver" time="221.251">
    <failure message=" failed" type="java.lang.AssertionError">java.lang.AssertionError:  failed
	at TestDriver.TestExecutionDriver.TestCaseExecution(TestExecutionDriver.java:139)
</failure>
    <system-out><![CDATA[the meathod updateResultinExcel is called
2018-01-05 17:17:52 INFO  TestBase:367 - browser closed
chrome
Windows 7
C:\Users\support\Desktop\JeevananthamCodeSetup\Backup-PerfectScriptAfterModification_UAT\B2B_OM_Automation_23-10-2017\B2B_OM_Automation
2018-01-05 17:17:54 INFO  TestBase:153 - navigating to :-https://test.salesforce.com
TC_04_CompanyInternet_With_Addon_With_PowerSpot_Manual
2018-01-05 17:18:32 INFO  TestBase:332 - ============= Strting VerifyLogin Test===========
2018-01-05 17:18:32 INFO  genericDriver:76 - ============= Strting VerifyLogin Test===========
2018-01-05 17:18:34 INFO  TestBase:332 - entered email address:-vigneshkannan.v@prodapt.com.umuat and object is [[ChromeDriver: chrome on XP (64cec96ec31e1119fa090c4a0b01d6c6)] -> id: username]
2018-01-05 17:18:34 INFO  TestBase:332 - entered password:-Password#007 and object is [[ChromeDriver: chrome on XP (64cec96ec31e1119fa090c4a0b01d6c6)] -> id: password]
2018-01-05 17:18:37 INFO  TestBase:332 - clicked on sublit butto and object is:-Proxy element for: DefaultElementLocator 'By.id: Login'
2018-01-05 17:18:52 INFO  genericDriver:79 - ============= Finished VerifyLoginTest===========
2018-01-05 17:18:52 INFO  TestBase:332 - ============= Finished VerifyLoginTest===========
Hi the test name TC_04_CompanyInternet_With_Addon_With_PowerSpot_Manual
17
The lenght of the array is 17
2018-01-05 17:18:52 INFO  genericDriver:96 - =========Lead creation started========
2018-01-05 17:18:52 INFO  TestBase:332 - =========Lead creation started========
page logged in is 
Community
All Tabs
2018-01-05 17:19:02 INFO  TestBase:332 - Leads tab clicked
2018-01-05 17:19:04 INFO  TestBase:332 - New lead button clicked
2018-01-05 17:19:04 INFO  TestBase:332 - Account name passed as  kmbOzjgg
2018-01-05 17:19:04 INFO  TestBase:332 - Salutation selected
2018-01-05 17:19:04 INFO  TestBase:332 - Firstname passed as nWSsk
2018-01-05 17:19:04 INFO  TestBase:332 - last name passed as oqj
2018-01-05 17:19:04 INFO  TestBase:332 - Legal Entity type selected
2018-01-05 17:19:04 INFO  TestBase:332 - Email value passed
2018-01-05 17:19:04 INFO  TestBase:332 - phone value passed
window switched
resultsFrame switched
parent window switched
2018-01-05 17:19:14 INFO  TestBase:332 - NationalID value Passed
2018-01-05 17:19:14 INFO  TestBase:332 - Industry classification asC VERARBEITENDES GEWERBEselected
2018-01-05 17:19:14 INFO  TestBase:332 - Detailed Industry as Getrankeherstellung selected>
2018-01-05 17:19:15 INFO  TestBase:332 - segment as SME selected
2018-01-05 17:19:15 INFO  TestBase:332 - constructional Organization as Baden-Württemberg (BAW) selected
2018-01-05 17:19:15 INFO  TestBase:332 - visit street as KREUZSTR selected
2018-01-05 17:19:15 INFO  TestBase:332 - visit house number as 26 selected
2018-01-05 17:19:15 INFO  TestBase:332 - visit city as FRANKFURT selected
2018-01-05 17:19:15 INFO  TestBase:332 - postal code as 60435   selected>
2018-01-05 17:19:15 INFO  TestBase:332 - visit state/provience as HSN   selected
2018-01-05 17:19:15 INFO  TestBase:332 - communication preference is selected as false
2018-01-05 17:19:20 INFO  TestBase:332 - <-----------Lead was successfully created------>
2018-01-05 17:19:20 INFO  genericDriver:101 - =========Lead has been Successfully created======
2018-01-05 17:19:20 INFO  TestBase:332 - =========Lead has been Successfully created======
2018-01-05 17:19:20 INFO  genericDriver:117 - ========Address Validation Starts========
2018-01-05 17:19:20 INFO  TestBase:332 - ========Address Validation Starts========
2018-01-05 17:19:22 INFO  TestBase:332 - Validate Address clicked
2018-01-05 17:19:22 INFO  TestBase:332 - FindAddress clicked
2018-01-05 17:19:25 INFO  TestBase:332 - Address selected
2018-01-05 17:19:25 INFO  TestBase:332 - Available to provide service
2018-01-05 17:19:25 INFO  genericDriver:121 - ========Address Validation Completed========
2018-01-05 17:19:25 INFO  TestBase:332 - ========Address Validation Completed========
2018-01-05 17:19:25 INFO  genericDriver:136 - =========Opportunity conversion starts=======
2018-01-05 17:19:25 INFO  TestBase:332 - =========Opportunity conversion starts=======
2018-01-05 17:19:27 INFO  TestBase:332 - clicked convert button in leads page
2018-01-05 17:19:40 INFO  TestBase:332 - clicked convert button in convert lead page
2018-01-05 17:19:46 INFO  TestBase:332 - clicked on opportunity created in accounts page
2018-01-05 17:19:46 INFO  genericDriver:140 - =========Opportunity successfully converted======
2018-01-05 17:19:46 INFO  TestBase:332 - =========Opportunity successfully converted======
2018-01-05 17:19:46 INFO  genericDriver:245 - ===========CI New Product Additoin starts========
2018-01-05 17:19:46 INFO  TestBase:332 - ===========CI New Product Additoin starts========
2018-01-05 17:19:55 INFO  TestBase:332 - New product basket button clicked in opportunity page
2018-01-05 17:19:58 INFO  TestBase:332 - Addproduct button clicked in product configuration page
2018-01-05 17:19:59 INFO  TestBase:332 - CI product selected
2018-01-05 17:20:01 INFO  TestBase:332 - Address bar clicked
2018-01-05 17:20:02 INFO  TestBase:332 - Customer Address search button clicked successfully
2018-01-05 17:20:13 INFO  TestBase:332 - Customer Address successfully selected
2018-01-05 17:20:23 INFO  TestBase:332 - Successfully added product to the basket and also confirmed
2018-01-05 17:20:28 INFO  genericDriver:249 - ===========CI Product successfully added to cart========
2018-01-05 17:20:28 INFO  TestBase:332 - ===========CI Product successfully added to cart========
2018-01-05 17:20:28 INFO  TestBase:332 - ===========CI Product Configuration starts========
2018-01-05 17:20:28 INFO  genericDriver:385 - ===========CI Product Configuration starts========
 
 
 
 
2018-01-05 17:20:39 INFO  TestBase:332 - Edit basket button clickedCompany Internet
2018-01-05 17:20:39 INFO  TestBase:332 - Edit basket button clicked
2018-01-05 17:20:49 INFO  TestBase:332 - Iframe switched
2018-01-05 17:20:59 INFO  TestBase:332 - Company Internet Product selected
2018-01-05 17:21:04 INFO  TestBase:332 - Monthly charges value as 200 entered
2018-01-05 17:21:08 INFO  TestBase:332 - download speed value as 250 selected
2018-01-05 17:21:11 INFO  TestBase:332 - Hardware selection element clicked
2018-01-05 17:21:13 INFO  TestBase:332 - Hardware to be successfully selected
2018-01-05 17:21:15 INFO  TestBase:332 - parent window switched
2018-01-05 17:21:22 INFO  TestBase:332 - ===========CI Product Configuration completed========
2018-01-05 17:21:22 INFO  genericDriver:390 - ===========CI Product Configuration completed========
2018-01-05 17:21:22 INFO  TestBase:332 - ===========CI addons Configuration starts========
2018-01-05 17:21:22 INFO  genericDriver:408 - ===========CI addons Configuration starts========
 
 
 
 
2018-01-05 17:21:33 INFO  TestBase:332 - Edit basket button clickedCompany Internet
2018-01-05 17:21:35 INFO  TestBase:332 - Edit basket button clicked
2018-01-05 17:21:45 INFO  TestBase:332 - Edit basket button clicked
2018-01-05 17:21:50 INFO  TestBase:332 - Iframe switched
2018-01-05 17:21:55 INFO  TestBase:332 - Navigated to Addons Menu
2018-01-05 17:21:57 INFO  TestBase:332 - Navigated to Addons Menu and clicked on Options menu
2018-01-05 17:22:00 INFO  TestBase:332 - Addon 1 statische IP-Adresse selected
2018-01-05 17:22:02 INFO  TestBase:332 - parent window switched
2018-01-05 17:22:08 INFO  TestBase:332 - ===========CI addons Configuration completed========
2018-01-05 17:22:08 INFO  genericDriver:413 - ===========CI addons Configuration completed========
2018-01-05 17:22:08 INFO  genericDriver:267 - ===========CI Powerspot Additoin starts========
2018-01-05 17:22:08 INFO  TestBase:332 - ===========CI Powerspot Additoin starts========
2018-01-05 17:22:11 INFO  TestBase:332 - Addproduct button clicked in product configuration page
2018-01-05 17:22:14 INFO  TestBase:332 - Error occurs in product basket addition due to org.openqa.selenium.NoSuchElementException: no such element: Unable to locate element: {"method":"xpath","selector":"//*[@id='a0F58000001gntTEAQ~a0Z58000000euSgEAI_anchor'][contains(text(), 'WLAN')]"}
  (Session info: chrome=63.0.3239.84)
  (Driver info: chromedriver=2.33.506120 (e3e53437346286c0bc2d2dc9aa4915ba81d9023f),platform=Windows NT 6.1.7601 SP1 x86_64) (WARNING: The server did not provide any stacktrace information)
Command duration or timeout: 37 milliseconds
For documentation on this error, please visit: http://seleniumhq.org/exceptions/no_such_element.html
Build info: version: '3.0.1', revision: '1969d75', time: '2016-10-18 09:49:13 -0700'
System info: host: 'C4LAP149', ip: '192.168.31.247', os.name: 'Windows 7', os.arch: 'amd64', os.version: '6.1', java.version: '1.8.0_101'
Driver info: org.openqa.selenium.chrome.ChromeDriver
Capabilities [{applicationCacheEnabled=false, rotatable=false, mobileEmulationEnabled=false, networkConnectionEnabled=false, chrome={chromedriverVersion=2.33.506120 (e3e53437346286c0bc2d2dc9aa4915ba81d9023f), userDataDir=C:\Users\support\AppData\Local\Temp\scoped_dir6936_27441}, takesHeapSnapshot=true, pageLoadStrategy=normal, databaseEnabled=false, handlesAlerts=true, hasTouchScreen=false, version=63.0.3239.84, platform=XP, browserConnectionEnabled=false, nativeEvents=true, acceptSslCerts=true, locationContextEnabled=true, webStorageEnabled=true, browserName=chrome, takesScreenshot=true, javascriptEnabled=true, cssSelectorsEnabled=true, setWindowRect=true, unexpectedAlertBehaviour=}]
Session ID: 64cec96ec31e1119fa090c4a0b01d6c6
*** Element info: {Using=xpath, value=//*[@id='a0F58000001gntTEAQ~a0Z58000000euSgEAI_anchor'][contains(text(), 'WLAN')]}
]]></system-out>
    <system-err><![CDATA[Starting ChromeDriver 2.33.506120 (e3e53437346286c0bc2d2dc9aa4915ba81d9023f) on port 30018
Only local connections are allowed.
Jan 05, 2018 5:17:53 PM org.openqa.selenium.remote.ProtocolHandshake createSession
INFO: Attempting bi-dialect session, assuming Postel's Law holds true on the remote end
Jan 05, 2018 5:17:54 PM org.openqa.selenium.remote.ProtocolHandshake createSession
INFO: Detected dialect: OSS
[75.563][SEVERE]: Unable to receive message from renderer
]]></system-err>
  </testcase>
  <testcase name="TestCaseExecution" classname="TestDriver.TestExecutionDriver" time="512.438"/>
  <testcase name="TestCaseExecution" classname="TestDriver.TestExecutionDriver" time="565.493"/>
  <testcase name="TestCaseExecution" classname="TestDriver.TestExecutionDriver" time="280.022"/>
  <testcase name="TestCaseExecution" classname="TestDriver.TestExecutionDriver" time="328.41"/>
  <testcase name="TestCaseExecution" classname="TestDriver.TestExecutionDriver" time="333.801"/>
  <testcase name="TestCaseExecution" classname="TestDriver.TestExecutionDriver" time="391.769"/>
  <testcase name="TestCaseExecution" classname="TestDriver.TestExecutionDriver" time="384.285"/>
  <testcase name="TestCaseExecution" classname="TestDriver.TestExecutionDriver" time="449.187"/>
  <testcase name="TestCaseExecution" classname="TestDriver.TestExecutionDriver" time="135.51">
    <failure message=" failed" type="java.lang.AssertionError">java.lang.AssertionError:  failed
	at TestDriver.TestExecutionDriver.TestCaseExecution(TestExecutionDriver.java:154)
</failure>
    <system-out><![CDATA[the meathod updateResultinExcel is called
2018-01-05 18:21:12 INFO  TestBase:367 - browser closed
chrome
Windows 7
C:\Users\support\Desktop\JeevananthamCodeSetup\Backup-PerfectScriptAfterModification_UAT\B2B_OM_Automation_23-10-2017\B2B_OM_Automation
2018-01-05 18:21:14 INFO  TestBase:153 - navigating to :-https://test.salesforce.com
TC_13_OfficeInternet_With_Addons
2018-01-05 18:21:43 INFO  TestBase:332 - ============= Strting VerifyLogin Test===========
2018-01-05 18:21:43 INFO  genericDriver:76 - ============= Strting VerifyLogin Test===========
2018-01-05 18:21:44 INFO  TestBase:332 - entered email address:-vigneshkannan.v@prodapt.com.umuat and object is [[ChromeDriver: chrome on XP (9b4c6fd8e0983e304fc84c040b1ba35f)] -> id: username]
2018-01-05 18:21:44 INFO  TestBase:332 - entered password:-Password#007 and object is [[ChromeDriver: chrome on XP (9b4c6fd8e0983e304fc84c040b1ba35f)] -> id: password]
2018-01-05 18:21:50 INFO  TestBase:332 - clicked on sublit butto and object is:-Proxy element for: DefaultElementLocator 'By.id: Login'
2018-01-05 18:22:06 INFO  genericDriver:79 - ============= Finished VerifyLoginTest===========
2018-01-05 18:22:06 INFO  TestBase:332 - ============= Finished VerifyLoginTest===========
Hi the test name TC_13_OfficeInternet_With_Addons
17
The lenght of the array is 17
2018-01-05 18:22:06 INFO  genericDriver:96 - =========Lead creation started========
2018-01-05 18:22:06 INFO  TestBase:332 - =========Lead creation started========
page logged in is Unitymedia Business
2018-01-05 18:22:07 INFO  TestBase:332 - Leads tab clicked
2018-01-05 18:22:08 INFO  TestBase:332 - New lead button clicked
2018-01-05 18:22:09 INFO  TestBase:332 - Account name passed as  qWsMEOKW
2018-01-05 18:22:09 INFO  TestBase:332 - Salutation selected
2018-01-05 18:22:09 INFO  TestBase:332 - Firstname passed as WPFuH
2018-01-05 18:22:09 INFO  TestBase:332 - last name passed as BNI
2018-01-05 18:22:09 INFO  TestBase:332 - Legal Entity type selected
2018-01-05 18:22:09 INFO  TestBase:332 - Email value passed
2018-01-05 18:22:09 INFO  TestBase:332 - phone value passed
window switched
resultsFrame switched
parent window switched
2018-01-05 18:22:19 INFO  TestBase:332 - NationalID value Passed
2018-01-05 18:22:19 INFO  TestBase:332 - Industry classification asC VERARBEITENDES GEWERBEselected
2018-01-05 18:22:19 INFO  TestBase:332 - Detailed Industry as Getrankeherstellung selected>
2018-01-05 18:22:20 INFO  TestBase:332 - segment as SME selected
2018-01-05 18:22:20 INFO  TestBase:332 - constructional Organization as Baden-Württemberg (BAW) selected
2018-01-05 18:22:20 INFO  TestBase:332 - visit street as KREUZSTR selected
2018-01-05 18:22:20 INFO  TestBase:332 - visit house number as 26 selected
2018-01-05 18:22:20 INFO  TestBase:332 - visit city as FRANKFURT selected
2018-01-05 18:22:20 INFO  TestBase:332 - postal code as 60435   selected>
2018-01-05 18:22:20 INFO  TestBase:332 - visit state/provience as HSN   selected
2018-01-05 18:22:20 INFO  TestBase:332 - communication preference is selected as false
2018-01-05 18:22:29 INFO  TestBase:332 - <-----------Lead was successfully created------>
2018-01-05 18:22:30 INFO  genericDriver:101 - =========Lead has been Successfully created======
2018-01-05 18:22:30 INFO  TestBase:332 - =========Lead has been Successfully created======
2018-01-05 18:22:30 INFO  genericDriver:117 - ========Address Validation Starts========
2018-01-05 18:22:30 INFO  TestBase:332 - ========Address Validation Starts========
2018-01-05 18:22:31 INFO  TestBase:332 - Validate Address clicked
2018-01-05 18:22:32 INFO  TestBase:332 - FindAddress clicked
2018-01-05 18:22:35 INFO  TestBase:332 - Address selected
2018-01-05 18:22:35 INFO  TestBase:332 - Available to provide service
2018-01-05 18:22:35 INFO  genericDriver:121 - ========Address Validation Completed========
2018-01-05 18:22:35 INFO  TestBase:332 - ========Address Validation Completed========
2018-01-05 18:22:35 INFO  genericDriver:136 - =========Opportunity conversion starts=======
2018-01-05 18:22:35 INFO  TestBase:332 - =========Opportunity conversion starts=======
2018-01-05 18:22:37 INFO  TestBase:332 - clicked convert button in leads page
2018-01-05 18:22:46 INFO  TestBase:332 - clicked convert button in convert lead page
2018-01-05 18:22:52 INFO  TestBase:332 - clicked on opportunity created in accounts page
2018-01-05 18:22:53 INFO  genericDriver:140 - =========Opportunity successfully converted======
2018-01-05 18:22:53 INFO  TestBase:332 - =========Opportunity successfully converted======
2018-01-05 18:22:53 INFO  genericDriver:200 - ===========OI New Product Additoin starts========
2018-01-05 18:22:53 INFO  TestBase:332 - ===========OI New Product Additoin starts========
2018-01-05 18:23:01 INFO  TestBase:332 - New product basket button clicked in opportunity page
2018-01-05 18:23:07 INFO  TestBase:332 - Addproduct button clicked in product configuration page
2018-01-05 18:23:08 INFO  TestBase:332 - OI product selected
2018-01-05 18:23:11 INFO  TestBase:332 - Address bar clicked
2018-01-05 18:23:11 INFO  TestBase:332 - Address bar clicked
2018-01-05 18:23:11 INFO  TestBase:332 - Customer Address search button clicked successfully
2018-01-05 18:23:22 INFO  TestBase:332 - Customer Address successfully selected
2018-01-05 18:23:29 INFO  TestBase:332 - Successfully added product to the basket and also confirmed
2018-01-05 18:23:35 INFO  genericDriver:204 - ===========OI Product successfully added to cart========
2018-01-05 18:23:35 INFO  TestBase:332 - ===========OI Product successfully added to cart========
2018-01-05 18:23:35 INFO  TestBase:332 - ===========OI Product Configuration starts========
2018-01-05 18:23:35 INFO  genericDriver:337 - ===========OI Product Configuration starts========
 
 
 
 
2018-01-05 18:23:45 INFO  TestBase:332 - Edit basket button clickedOffice Internet
2018-01-05 18:23:45 INFO  TestBase:332 - Edit basket button clicked
2018-01-05 18:23:55 INFO  TestBase:332 - Iframe switched
2018-01-05 18:23:59 INFO  TestBase:332 - Error occurs while configuring OI product due to org.openqa.selenium.NoSuchElementException: no such element: Unable to locate element: {"method":"xpath","selector":"//select[@name='Product_Type_0']"}
  (Session info: chrome=63.0.3239.84)
  (Driver info: chromedriver=2.33.506120 (e3e53437346286c0bc2d2dc9aa4915ba81d9023f),platform=Windows NT 6.1.7601 SP1 x86_64) (WARNING: The server did not provide any stacktrace information)
Command duration or timeout: 47 milliseconds
For documentation on this error, please visit: http://seleniumhq.org/exceptions/no_such_element.html
Build info: version: '3.0.1', revision: '1969d75', time: '2016-10-18 09:49:13 -0700'
System info: host: 'C4LAP149', ip: '192.168.31.247', os.name: 'Windows 7', os.arch: 'amd64', os.version: '6.1', java.version: '1.8.0_101'
Driver info: org.openqa.selenium.chrome.ChromeDriver
Capabilities [{applicationCacheEnabled=false, rotatable=false, mobileEmulationEnabled=false, networkConnectionEnabled=false, chrome={chromedriverVersion=2.33.506120 (e3e53437346286c0bc2d2dc9aa4915ba81d9023f), userDataDir=C:\Users\support\AppData\Local\Temp\scoped_dir6852_7119}, takesHeapSnapshot=true, pageLoadStrategy=normal, databaseEnabled=false, handlesAlerts=true, hasTouchScreen=false, version=63.0.3239.84, platform=XP, browserConnectionEnabled=false, nativeEvents=true, acceptSslCerts=true, locationContextEnabled=true, webStorageEnabled=true, browserName=chrome, takesScreenshot=true, javascriptEnabled=true, cssSelectorsEnabled=true, setWindowRect=true, unexpectedAlertBehaviour=}]
Session ID: 9b4c6fd8e0983e304fc84c040b1ba35f
*** Element info: {Using=xpath, value=//select[@name='Product_Type_0']}
]]></system-out>
    <system-err><![CDATA[Starting ChromeDriver 2.33.506120 (e3e53437346286c0bc2d2dc9aa4915ba81d9023f) on port 39471
Only local connections are allowed.
Jan 05, 2018 6:21:13 PM org.openqa.selenium.remote.ProtocolHandshake createSession
INFO: Attempting bi-dialect session, assuming Postel's Law holds true on the remote end
Jan 05, 2018 6:21:14 PM org.openqa.selenium.remote.ProtocolHandshake createSession
INFO: Detected dialect: OSS
[60.403][SEVERE]: Unable to receive message from renderer
]]></system-err>
  </testcase>
  <testcase name="TestCaseExecution" classname="TestDriver.TestExecutionDriver" time="455.172"/>
  <testcase name="TestCaseExecution" classname="TestDriver.TestExecutionDriver" time="282.035"/>
  <testcase name="TestCaseExecution" classname="TestDriver.TestExecutionDriver" time="322.846"/>
  <testcase name="TestCaseExecution" classname="TestDriver.TestExecutionDriver" time="371.564"/>
  <testcase name="TestCaseExecution" classname="TestDriver.TestExecutionDriver" time="415.937"/>
  <testcase name="TestCaseExecution" classname="TestDriver.TestExecutionDriver" time="380.558"/>
  <testcase name="TestCaseExecution" classname="TestDriver.TestExecutionDriver" time="430.752"/>
  <testcase name="TestCaseExecution" classname="TestDriver.TestExecutionDriver" time="623.807"/>
  <testcase name="TestCaseExecution" classname="TestDriver.TestExecutionDriver" time="501.299"/>
  <testcase name="TestCaseExecution" classname="TestDriver.TestExecutionDriver" time="285.008">
    <failure message=" failed" type="java.lang.AssertionError">java.lang.AssertionError:  failed
	at TestDriver.TestExecutionDriver.TestCaseExecution(TestExecutionDriver.java:127)
</failure>
    <system-out><![CDATA[the meathod updateResultinExcel is called
2018-01-05 19:33:21 INFO  TestBase:367 - browser closed
chrome
Windows 7
C:\Users\support\Desktop\JeevananthamCodeSetup\Backup-PerfectScriptAfterModification_UAT\B2B_OM_Automation_23-10-2017\B2B_OM_Automation
2018-01-05 19:33:23 INFO  TestBase:153 - navigating to :-https://test.salesforce.com
TC_23_Company_Internet_with_Powerspot_with_Company_Voice_Manual
2018-01-05 19:34:23 INFO  TestBase:332 - ============= Strting VerifyLogin Test===========
2018-01-05 19:34:23 INFO  genericDriver:76 - ============= Strting VerifyLogin Test===========
2018-01-05 19:34:24 INFO  TestBase:332 - entered email address:-vigneshkannan.v@prodapt.com.umuat and object is [[ChromeDriver: chrome on XP (a34be3b2ebcec485bf984aeb319be5d5)] -> id: username]
2018-01-05 19:34:24 INFO  TestBase:332 - entered password:-Password#007 and object is [[ChromeDriver: chrome on XP (a34be3b2ebcec485bf984aeb319be5d5)] -> id: password]
2018-01-05 19:34:33 INFO  TestBase:332 - clicked on sublit butto and object is:-Proxy element for: DefaultElementLocator 'By.id: Login'
2018-01-05 19:34:48 INFO  genericDriver:79 - ============= Finished VerifyLoginTest===========
2018-01-05 19:34:48 INFO  TestBase:332 - ============= Finished VerifyLoginTest===========
Hi the test name TC_23_Company_Internet_with_Powerspot_with_Company_Voice_Manual
17
The lenght of the array is 17
2018-01-05 19:34:49 INFO  genericDriver:96 - =========Lead creation started========
2018-01-05 19:34:49 INFO  TestBase:332 - =========Lead creation started========
page logged in is Unitymedia Business
2018-01-05 19:34:50 INFO  TestBase:332 - Leads tab clicked
2018-01-05 19:34:51 INFO  TestBase:332 - New lead button clicked
2018-01-05 19:34:51 INFO  TestBase:332 - Account name passed as  DDtzNwVp
2018-01-05 19:34:51 INFO  TestBase:332 - Salutation selected
2018-01-05 19:34:51 INFO  TestBase:332 - Firstname passed as EumVJ
2018-01-05 19:34:52 INFO  TestBase:332 - last name passed as YMx
2018-01-05 19:34:52 INFO  TestBase:332 - Legal Entity type selected
2018-01-05 19:34:52 INFO  TestBase:332 - Email value passed
2018-01-05 19:34:52 INFO  TestBase:332 - phone value passed
window switched
resultsFrame switched
parent window switched
2018-01-05 19:35:02 INFO  TestBase:332 - NationalID value Passed
2018-01-05 19:35:02 INFO  TestBase:332 - Industry classification asC VERARBEITENDES GEWERBEselected
2018-01-05 19:35:02 INFO  TestBase:332 - Detailed Industry as Getrankeherstellung selected>
2018-01-05 19:35:02 INFO  TestBase:332 - segment as SME selected
2018-01-05 19:35:02 INFO  TestBase:332 - constructional Organization as Baden-Württemberg (BAW) selected
2018-01-05 19:35:03 INFO  TestBase:332 - visit street as KREUZSTR selected
2018-01-05 19:35:03 INFO  TestBase:332 - visit house number as 26 selected
2018-01-05 19:35:03 INFO  TestBase:332 - visit city as FRANKFURT selected
2018-01-05 19:35:03 INFO  TestBase:332 - postal code as 60435   selected>
2018-01-05 19:35:03 INFO  TestBase:332 - visit state/provience as HSN   selected
2018-01-05 19:35:03 INFO  TestBase:332 - communication preference is selected as false
2018-01-05 19:35:15 INFO  TestBase:332 - <-----------Lead was successfully created------>
2018-01-05 19:35:15 INFO  genericDriver:101 - =========Lead has been Successfully created======
2018-01-05 19:35:15 INFO  TestBase:332 - =========Lead has been Successfully created======
2018-01-05 19:35:15 INFO  genericDriver:117 - ========Address Validation Starts========
2018-01-05 19:35:15 INFO  TestBase:332 - ========Address Validation Starts========
2018-01-05 19:35:17 INFO  TestBase:332 - Validate Address clicked
2018-01-05 19:35:17 INFO  TestBase:332 - FindAddress clicked
2018-01-05 19:35:20 INFO  TestBase:332 - Address selected
2018-01-05 19:35:20 INFO  TestBase:332 - Available to provide service
2018-01-05 19:35:20 INFO  genericDriver:121 - ========Address Validation Completed========
2018-01-05 19:35:20 INFO  TestBase:332 - ========Address Validation Completed========
2018-01-05 19:35:20 INFO  genericDriver:136 - =========Opportunity conversion starts=======
2018-01-05 19:35:20 INFO  TestBase:332 - =========Opportunity conversion starts=======
2018-01-05 19:35:22 INFO  TestBase:332 - clicked convert button in leads page
2018-01-05 19:35:31 INFO  TestBase:332 - clicked convert button in convert lead page
2018-01-05 19:35:40 INFO  TestBase:332 - clicked on opportunity created in accounts page
2018-01-05 19:35:40 INFO  genericDriver:140 - =========Opportunity successfully converted======
2018-01-05 19:35:40 INFO  TestBase:332 - =========Opportunity successfully converted======
2018-01-05 19:35:40 INFO  genericDriver:245 - ===========CI New Product Additoin starts========
2018-01-05 19:35:40 INFO  TestBase:332 - ===========CI New Product Additoin starts========
2018-01-05 19:35:50 INFO  TestBase:332 - New product basket button clicked in opportunity page
2018-01-05 19:35:52 INFO  TestBase:332 - Addproduct button clicked in product configuration page
2018-01-05 19:35:53 INFO  TestBase:332 - CI product selected
2018-01-05 19:35:55 INFO  TestBase:332 - Address bar clicked
2018-01-05 19:35:56 INFO  TestBase:332 - Customer Address search button clicked successfully
2018-01-05 19:36:07 INFO  TestBase:332 - Customer Address successfully selected
2018-01-05 19:36:17 INFO  TestBase:332 - Successfully added product to the basket and also confirmed
2018-01-05 19:36:23 INFO  genericDriver:249 - ===========CI Product successfully added to cart========
2018-01-05 19:36:23 INFO  TestBase:332 - ===========CI Product successfully added to cart========
2018-01-05 19:36:23 INFO  TestBase:332 - ===========CI Product Configuration starts========
2018-01-05 19:36:23 INFO  genericDriver:385 - ===========CI Product Configuration starts========
 
 
 
 
2018-01-05 19:36:33 INFO  TestBase:332 - Edit basket button clickedCompany Internet
2018-01-05 19:36:33 INFO  TestBase:332 - Edit basket button clicked
2018-01-05 19:36:43 INFO  TestBase:332 - Iframe switched
2018-01-05 19:36:54 INFO  TestBase:332 - Company Internet Product selected
2018-01-05 19:36:59 INFO  TestBase:332 - Monthly charges value as 200 entered
2018-01-05 19:37:02 INFO  TestBase:332 - download speed value as 250 selected
2018-01-05 19:37:05 INFO  TestBase:332 - Hardware selection element clicked
2018-01-05 19:37:07 INFO  TestBase:332 - Hardware to be successfully selected
2018-01-05 19:37:10 INFO  TestBase:332 - parent window switched
2018-01-05 19:37:16 INFO  TestBase:332 - ===========CI Product Configuration completed========
2018-01-05 19:37:16 INFO  genericDriver:390 - ===========CI Product Configuration completed========
2018-01-05 19:37:16 INFO  genericDriver:267 - ===========CI Powerspot Additoin starts========
2018-01-05 19:37:16 INFO  TestBase:332 - ===========CI Powerspot Additoin starts========
2018-01-05 19:37:19 INFO  TestBase:332 - Addproduct button clicked in product configuration page
2018-01-05 19:37:22 INFO  TestBase:332 - CI Powerspot  selected
2018-01-05 19:37:24 INFO  TestBase:332 - Address bar clicked
2018-01-05 19:37:24 INFO  TestBase:332 - Customer Address search button clicked successfully
2018-01-05 19:37:36 INFO  TestBase:332 - Customer Address successfully selected
2018-01-05 19:37:46 INFO  TestBase:332 - Successfully added product to the basket and also confirmed
2018-01-05 19:37:52 INFO  genericDriver:272 - ===========CI Powerspot successfully added to cart========
2018-01-05 19:37:52 INFO  TestBase:332 - ===========CI Powerspot successfully added to cart========
2018-01-05 19:37:52 INFO  TestBase:332 - ===========CI PowerSpot Product Configuration starts========
2018-01-05 19:37:52 INFO  genericDriver:477 - ===========CI PowerSpot Product Configuration starts========
 
 
 
2018-01-05 19:37:56 INFO  TestBase:332 - Edit basket button clickedWLAN
2018-01-05 19:37:59 INFO  TestBase:332 - Edit basket button clicked
2018-01-05 19:38:19 INFO  TestBase:332 - Iframe switched
2018-01-05 19:38:29 INFO  TestBase:332 - PowerSpotDropDown Product selected
2018-01-05 19:38:33 INFO  TestBase:332 - new hardware button selected
2018-01-05 19:38:37 INFO  TestBase:332 - SELECT HARDWARE DROPDOWN
2018-01-05 19:38:37 INFO  TestBase:332 - ruckusIndoor hardware selected
2018-01-05 19:38:39 INFO  TestBase:332 - parent window switched
2018-01-05 19:38:45 INFO  TestBase:332 - ===========CI PowerSpot Product successfully configured========
2018-01-05 19:38:45 INFO  genericDriver:482 - ===========CI PowerSpot Product successfully configured========
2018-01-05 19:38:45 INFO  genericDriver:177 - ===========New CV Product Additoin starts========
2018-01-05 19:38:45 INFO  TestBase:332 - ===========New CV Product Additoin starts========
2018-01-05 19:38:51 INFO  TestBase:332 - Addproduct button clicked in product configuration page
2018-01-05 19:38:51 INFO  TestBase:332 - CV product selected
2018-01-05 19:38:54 INFO  TestBase:332 - Address bar clicked
2018-01-05 19:38:55 INFO  TestBase:332 - Customer Address search button clicked successfully
2018-01-05 19:39:06 INFO  TestBase:332 - Customer Address successfully selected
2018-01-05 19:39:08 INFO  TestBase:332 - Error occurs in CV product basket addition due to org.openqa.selenium.StaleElementReferenceException: stale element reference: element is not attached to the page document
  (Session info: chrome=63.0.3239.84)
  (Driver info: chromedriver=2.33.506120 (e3e53437346286c0bc2d2dc9aa4915ba81d9023f),platform=Windows NT 6.1.7601 SP1 x86_64) (WARNING: The server did not provide any stacktrace information)
Command duration or timeout: 30 milliseconds
For documentation on this error, please visit: http://seleniumhq.org/exceptions/stale_element_reference.html
Build info: version: '3.0.1', revision: '1969d75', time: '2016-10-18 09:49:13 -0700'
System info: host: 'C4LAP149', ip: '192.168.31.247', os.name: 'Windows 7', os.arch: 'amd64', os.version: '6.1', java.version: '1.8.0_101'
Driver info: org.openqa.selenium.chrome.ChromeDriver
Capabilities [{applicationCacheEnabled=false, rotatable=false, mobileEmulationEnabled=false, networkConnectionEnabled=false, chrome={chromedriverVersion=2.33.506120 (e3e53437346286c0bc2d2dc9aa4915ba81d9023f), userDataDir=C:\Users\support\AppData\Local\Temp\scoped_dir9080_24608}, takesHeapSnapshot=true, pageLoadStrategy=normal, databaseEnabled=false, handlesAlerts=true, hasTouchScreen=false, version=63.0.3239.84, platform=XP, browserConnectionEnabled=false, nativeEvents=true, acceptSslCerts=true, locationContextEnabled=true, webStorageEnabled=true, browserName=chrome, takesScreenshot=true, javascriptEnabled=true, cssSelectorsEnabled=true, setWindowRect=true, unexpectedAlertBehaviour=}]
Session ID: a34be3b2ebcec485bf984aeb319be5d5
]]></system-out>
    <system-err><![CDATA[Starting ChromeDriver 2.33.506120 (e3e53437346286c0bc2d2dc9aa4915ba81d9023f) on port 9906
Only local connections are allowed.
Jan 05, 2018 7:33:21 PM org.openqa.selenium.remote.ProtocolHandshake createSession
INFO: Attempting bi-dialect session, assuming Postel's Law holds true on the remote end
Jan 05, 2018 7:33:23 PM org.openqa.selenium.remote.ProtocolHandshake createSession
INFO: Detected dialect: OSS
[94.551][SEVERE]: Unable to receive message from renderer
]]></system-err>
  </testcase>
  <testcase name="TestCaseExecution" classname="TestDriver.TestExecutionDriver" time="773.167"/>
  <testcase name="TestCaseExecution" classname="TestDriver.TestExecutionDriver" time="549.095"/>
  <testcase name="TestCaseExecution" classname="TestDriver.TestExecutionDriver" time="566.251"/>
  <testcase name="TestCaseExecution" classname="TestDriver.TestExecutionDriver" time="582.915"/>
  <testcase name="TestCaseExecution" classname="TestDriver.TestExecutionDriver" time="769.524"/>
  <testcase name="TestCaseExecution" classname="TestDriver.TestExecutionDriver" time="28.341">
    <failure message=" failed" type="java.lang.AssertionError">java.lang.AssertionError:  failed
	at TestDriver.TestExecutionDriver.TestCaseExecution(TestExecutionDriver.java:113)
</failure>
    <system-out><![CDATA[the meathod updateResultinExcel is called
2018-01-05 20:38:41 INFO  TestBase:367 - browser closed
chrome
Windows 7
C:\Users\support\Desktop\JeevananthamCodeSetup\Backup-PerfectScriptAfterModification_UAT\B2B_OM_Automation_23-10-2017\B2B_OM_Automation
2018-01-05 20:38:43 INFO  TestBase:153 - navigating to :-https://test.salesforce.com
TC_30_CompanyInternet_with_ISDN_with_ZipTrunk_Automatic
2018-01-05 20:39:40 INFO  TestBase:332 - ============= Strting VerifyLogin Test===========
2018-01-05 20:39:40 INFO  genericDriver:76 - ============= Strting VerifyLogin Test===========
2018-01-05 20:39:41 INFO  TestBase:332 - entered email address:-vigneshkannan.v@prodapt.com.umuat and object is [[ChromeDriver: chrome on XP (ac9529817d68de731097230fe4ca4d8e)] -> id: username]
2018-01-05 20:39:41 INFO  TestBase:332 - entered password:-Password#007 and object is [[ChromeDriver: chrome on XP (ac9529817d68de731097230fe4ca4d8e)] -> id: password]
2018-01-05 20:39:52 INFO  TestBase:332 - clicked on sublit butto and object is:-Proxy element for: DefaultElementLocator 'By.id: Login'
2018-01-05 20:40:07 INFO  genericDriver:79 - ============= Finished VerifyLoginTest===========
2018-01-05 20:40:07 INFO  TestBase:332 - ============= Finished VerifyLoginTest===========
Hi the test name TC_30_CompanyInternet_with_ISDN_with_ZipTrunk_Automatic
17
The lenght of the array is 17
2018-01-05 20:40:08 INFO  genericDriver:96 - =========Lead creation started========
2018-01-05 20:40:08 INFO  TestBase:332 - =========Lead creation started========
page logged in is 
2018-01-05 20:40:08 INFO  TestBase:332 - <----Error value is org.openqa.selenium.ElementNotVisibleException: element not visible
  (Session info: chrome=63.0.3239.84)
  (Driver info: chromedriver=2.33.506120 (e3e53437346286c0bc2d2dc9aa4915ba81d9023f),platform=Windows NT 6.1.7601 SP1 x86_64) (WARNING: The server did not provide any stacktrace information)
Command duration or timeout: 20 milliseconds
Build info: version: '3.0.1', revision: '1969d75', time: '2016-10-18 09:49:13 -0700'
System info: host: 'C4LAP149', ip: '192.168.31.247', os.name: 'Windows 7', os.arch: 'amd64', os.version: '6.1', java.version: '1.8.0_101'
Driver info: org.openqa.selenium.chrome.ChromeDriver
Capabilities [{applicationCacheEnabled=false, rotatable=false, mobileEmulationEnabled=false, networkConnectionEnabled=false, chrome={chromedriverVersion=2.33.506120 (e3e53437346286c0bc2d2dc9aa4915ba81d9023f), userDataDir=C:\Users\support\AppData\Local\Temp\scoped_dir8468_19809}, takesHeapSnapshot=true, pageLoadStrategy=normal, databaseEnabled=false, handlesAlerts=true, hasTouchScreen=false, version=63.0.3239.84, platform=XP, browserConnectionEnabled=false, nativeEvents=true, acceptSslCerts=true, locationContextEnabled=true, webStorageEnabled=true, browserName=chrome, takesScreenshot=true, javascriptEnabled=true, cssSelectorsEnabled=true, setWindowRect=true, unexpectedAlertBehaviour=}]
Session ID: ac9529817d68de731097230fe4ca4d8e--->
]]></system-out>
    <system-err><![CDATA[Starting ChromeDriver 2.33.506120 (e3e53437346286c0bc2d2dc9aa4915ba81d9023f) on port 24481
Only local connections are allowed.
Jan 05, 2018 8:38:42 PM org.openqa.selenium.remote.ProtocolHandshake createSession
INFO: Attempting bi-dialect session, assuming Postel's Law holds true on the remote end
Jan 05, 2018 8:38:43 PM org.openqa.selenium.remote.ProtocolHandshake createSession
INFO: Detected dialect: OSS
]]></system-err>
  </testcase>
</testsuite>