<?xml version="1.0" encoding="UTF-8"?>
<!-- Generated by org.testng.reporters.JUnitXMLReporter -->
<testsuite hostname="C4DES048" ignored="0" name="Test suite" tests="24" failures="0" timestamp="05 Oct 2017 04:11:32 GMT" time="971.743" errors="0">
  <testcase name="verifylogin" time="2.912" classname="com.test.automation.OM_Automation.E2E_orders.SC_02_CV_product"/>
  <testcase name="verifylogin" time="3.964" classname="com.test.automation.OM_Automation.E2E_orders.SC_01_CF_product"/>
  <testcase name="NewLeadCreation" time="75.899" classname="com.test.automation.OM_Automation.E2E_orders.SC_02_CV_product"/>
  <testcase name="NewLeadCreation" time="24.762" classname="com.test.automation.OM_Automation.E2E_orders.SC_01_CF_product"/>
  <testcase name="AddressValidation" time="3.076" classname="com.test.automation.OM_Automation.E2E_orders.SC_02_CV_product"/>
  <testcase name="AddressValidation" time="2.774" classname="com.test.automation.OM_Automation.E2E_orders.SC_01_CF_product"/>
  <testcase name="Opportunityconversion" time="19.935" classname="com.test.automation.OM_Automation.E2E_orders.SC_02_CV_product"/>
  <testcase name="Opportunityconversion" time="18.096" classname="com.test.automation.OM_Automation.E2E_orders.SC_01_CF_product"/>
  <testcase name="ProductBasketAddition_CF" time="36.675" classname="com.test.automation.OM_Automation.E2E_orders.SC_02_CV_product"/>
  <testcase name="CF_ProductBasketAddition" time="34.276" classname="com.test.automation.OM_Automation.E2E_orders.SC_01_CF_product"/>
  <testcase name="ProductBasketConfiguration_CF" time="30.231" classname="com.test.automation.OM_Automation.E2E_orders.SC_02_CV_product"/>
  <testcase name="CF_ProductBasketConfiguration" time="28.128" classname="com.test.automation.OM_Automation.E2E_orders.SC_01_CF_product"/>
  <testcase name="ProductBasketAddition_CV" time="16.681" classname="com.test.automation.OM_Automation.E2E_orders.SC_02_CV_product"/>
  <testcase name="CF_Installation_Information_Configuration" time="12.563" classname="com.test.automation.OM_Automation.E2E_orders.SC_01_CF_product"/>
  <testcase name="ProductBasketConfiguration_CV" time="263.847" classname="com.test.automation.OM_Automation.E2E_orders.SC_02_CV_product"/>
  <testcase name="CF_Billing_Account_Assignment" time="10.865" classname="com.test.automation.OM_Automation.E2E_orders.SC_01_CF_product"/>
  <testcase name="Installation_Information_Configuration" time="200.477" classname="com.test.automation.OM_Automation.E2E_orders.SC_02_CV_product"/>
  <testcase name="CF_Product_Basket_Upload" time="8.165" classname="com.test.automation.OM_Automation.E2E_orders.SC_01_CF_product"/>
  <testcase name="Billing_Account_Assignment" time="83.157" classname="com.test.automation.OM_Automation.E2E_orders.SC_02_CV_product"/>
  <testcase name="CF_Validate_Order" time="4.035" classname="com.test.automation.OM_Automation.E2E_orders.SC_01_CF_product"/>
  <testcase name="Product_Basket_Upload" time="4.045" classname="com.test.automation.OM_Automation.E2E_orders.SC_02_CV_product"/>
  <testcase name="CF_SubOrders_Validation_And_Closure" time="4.039" classname="com.test.automation.OM_Automation.E2E_orders.SC_01_CF_product"/>
  <testcase name="CF_Validate_Order" time="4.007" classname="com.test.automation.OM_Automation.E2E_orders.SC_02_CV_product"/>
  <testcase name="CF_SubOrders_Validation_And_Closure" time="4.019" classname="com.test.automation.OM_Automation.E2E_orders.SC_02_CV_product"/>
</testsuite> <!-- Test suite -->
