<html>
<head>
<title>TestNG:  Test suite</title>
<link href="../testng.css" rel="stylesheet" type="text/css" />
<link href="../my-testng.css" rel="stylesheet" type="text/css" />

<style type="text/css">
.log { display: none;} 
.stack-trace { display: none;} 
</style>
<script type="text/javascript">
<!--
function flip(e) {
  current = e.style.display;
  if (current == 'block') {
    e.style.display = 'none';
    return 0;
  }
  else {
    e.style.display = 'block';
    return 1;
  }
}

function toggleBox(szDivId, elem, msg1, msg2)
{
  var res = -1;  if (document.getElementById) {
    res = flip(document.getElementById(szDivId));
  }
  else if (document.all) {
    // this is the way old msie versions work
    res = flip(document.all[szDivId]);
  }
  if(elem) {
    if(res == 0) elem.innerHTML = msg1; else elem.innerHTML = msg2;
  }

}

function toggleAllBoxes() {
  if (document.getElementsByTagName) {
    d = document.getElementsByTagName('div');
    for (i = 0; i < d.length; i++) {
      if (d[i].className == 'log') {
        flip(d[i]);
      }
    }
  }
}

// -->
</script>

</head>
<body>
<h2 align='center'>Test suite</h2><table border='1' align="center">
<tr>
<td>Tests passed/Failed/Skipped:</td><td>24/0/0</td>
</tr><tr>
<td>Started on:</td><td>Thu Oct 05 09:25:20 IST 2017</td>
</tr>
<tr><td>Total time:</td><td>971 seconds (971743 ms)</td>
</tr><tr>
<td>Included groups:</td><td></td>
</tr><tr>
<td>Excluded groups:</td><td></td>
</tr>
</table><p/>
<small><i>(Hover the method name to see the test class name)</i></small><p/>
<table width='100%' border='1' class='invocation-passed'>
<tr><td colspan='4' align='center'><b>PASSED TESTS</b></td></tr>
<tr><td><b>Test method</b></td>
<td width="30%"><b>Exception</b></td>
<td width="10%"><b>Time (seconds)</b></td>
<td><b>Instance</b></td>
</tr>
<tr>
<td title='com.test.automation.OM_Automation.E2E_orders.SC_02_CV_product.AddressValidation()'><b>AddressValidation</b><br>Test class: com.test.automation.OM_Automation.E2E_orders.SC_02_CV_product<br/>
<a href="#Output-1629353699" onClick='toggleBox("Output-1629353699", this, "Show output", "Hide output");'>Show output</a>

<a href="#Output-1629353699" onClick="toggleAllBoxes();">Show all outputs</a>
<div class='log' id="Output-1629353699">
Validate Address clicked<br/>
FindAddress clicked<br/>
Address selected<br/>
Adress or sevice availablity issue---Please check the address<br/>
Address Validated<br/>
</div>
</td>
<td></td>
<td>3</td>
<td>com.test.automation.OM_Automation.E2E_orders.SC_02_CV_product@62e136d3</td></tr>
<tr>
<td title='com.test.automation.OM_Automation.E2E_orders.SC_01_CF_product.AddressValidation()'><b>AddressValidation</b><br>Test class: com.test.automation.OM_Automation.E2E_orders.SC_01_CF_product<br/>
<a href="#Output-1042891691" onClick='toggleBox("Output-1042891691", this, "Show output", "Hide output");'>Show output</a>

<a href="#Output-1042891691" onClick="toggleAllBoxes();">Show all outputs</a>
<div class='log' id="Output-1042891691">
Validate Address clicked<br/>
FindAddress clicked<br/>
Address selected<br/>
Adress or sevice availablity issue---Please check the address<br/>
Address Validated<br/>
</div>
</td>
<td></td>
<td>2</td>
<td>com.test.automation.OM_Automation.E2E_orders.SC_01_CF_product@c8e4bb0</td></tr>
<tr>
<td title='com.test.automation.OM_Automation.E2E_orders.SC_02_CV_product.Billing_Account_Assignment()'><b>Billing_Account_Assignment</b><br>Test class: com.test.automation.OM_Automation.E2E_orders.SC_02_CV_product<br/>
<a href="#Output-967460257" onClick='toggleBox("Output-967460257", this, "Show output", "Hide output");'>Show output</a>

<a href="#Output-967460257" onClick="toggleAllBoxes();">Show all outputs</a>
<div class='log' id="Output-967460257">
Billing account creation failed due to org.openqa.selenium.WebDriverException: chrome not reachable
  (Session info: chrome=61.0.3163.100)
  (Driver info: chromedriver=2.28.455520 (cc17746adff54984afff480136733114c6b3704b),platform=Windows NT 6.1.7601 SP1 x86_64) (WARNING: The server did not provide any stacktrace information)
Command duration or timeout: 4.03 seconds
Build info: version: '3.0.1', revision: '1969d75', time: '2016-10-18 09:49:13 -0700'
System info: host: 'C4DES048', ip: '192.168.28.36', os.name: 'Windows 7', os.arch: 'amd64', os.version: '6.1', java.version: '1.8.0_121'
Driver info: org.openqa.selenium.chrome.ChromeDriver
Capabilities [{applicationCacheEnabled=false, rotatable=false, mobileEmulationEnabled=false, networkConnectionEnabled=false, chrome={chromedriverVersion=2.28.455520 (cc17746adff54984afff480136733114c6b3704b), userDataDir=C:\Users\SHAMBU~1.B\AppData\Local\Temp\scoped_dir12324_5670}, takesHeapSnapshot=true, pageLoadStrategy=normal, databaseEnabled=false, handlesAlerts=true, hasTouchScreen=false, version=61.0.3163.100, platform=XP, browserConnectionEnabled=false, nativeEvents=true, acceptSslCerts=true, locationContextEnabled=true, webStorageEnabled=true, browserName=chrome, takesScreenshot=true, javascriptEnabled=true, cssSelectorsEnabled=true, unexpectedAlertBehaviour=}]
Session ID: 25f3e7cd150880c7d8cfd8abff84b27d
*** Element info: {Using=xpath, value=//button[@class='ng-binding ng-isolate-scope icon IconAssignBillingAccount']}<br/>
========Billing Account Assignment was successfully configured============<br/>
</div>
</td>
<td></td>
<td>83</td>
<td>com.test.automation.OM_Automation.E2E_orders.SC_02_CV_product@62e136d3</td></tr>
<tr>
<td title='com.test.automation.OM_Automation.E2E_orders.SC_01_CF_product.CF_Billing_Account_Assignment()'><b>CF_Billing_Account_Assignment</b><br>Test class: com.test.automation.OM_Automation.E2E_orders.SC_01_CF_product<br/>
<a href="#Output-22668134" onClick='toggleBox("Output-22668134", this, "Show output", "Hide output");'>Show output</a>

<a href="#Output-22668134" onClick="toggleAllBoxes();">Show all outputs</a>
<div class='log' id="Output-22668134">
Assign Billing Account button clicked<br/>
Account selected successfully<br/>
All account successfully checked in to set billing account<br/>
Account to be set successfully<br/>
Billing Account Successfully saved<br/>
========Billing Account Assignment was successfully configured============<br/>
</div>
</td>
<td></td>
<td>10</td>
<td>com.test.automation.OM_Automation.E2E_orders.SC_01_CF_product@c8e4bb0</td></tr>
<tr>
<td title='com.test.automation.OM_Automation.E2E_orders.SC_01_CF_product.CF_Installation_Information_Configuration()'><b>CF_Installation_Information_Configuration</b><br>Test class: com.test.automation.OM_Automation.E2E_orders.SC_01_CF_product<br/>
<a href="#Output-893835279" onClick='toggleBox("Output-893835279", this, "Show output", "Hide output");'>Show output</a>

<a href="#Output-893835279" onClick="toggleAllBoxes();">Show all outputs</a>
<div class='log' id="Output-893835279">
Installation infomatio icon clicked<br/>
Technincal contact lookup selected<br/>
 new window switched<br/>
resultsFrame switched<br/>
Technincal contact selected successfully<br/>
parent window switched successfully<br/>
Technical contact selected successfully<br/>
Set button clicked successfully<br/>
Wish data selected<br/>
Save button clicked<br/>
========Installation Information successfully configured============<br/>
</div>
</td>
<td></td>
<td>12</td>
<td>com.test.automation.OM_Automation.E2E_orders.SC_01_CF_product@c8e4bb0</td></tr>
<tr>
<td title='com.test.automation.OM_Automation.E2E_orders.SC_01_CF_product.CF_ProductBasketAddition()'><b>CF_ProductBasketAddition</b><br>Test class: com.test.automation.OM_Automation.E2E_orders.SC_01_CF_product<br/>
<a href="#Output-1721045976" onClick='toggleBox("Output-1721045976", this, "Show output", "Hide output");'>Show output</a>

<a href="#Output-1721045976" onClick="toggleAllBoxes();">Show all outputs</a>
<div class='log' id="Output-1721045976">
New product basket button clicked in opportunity page<br/>
Addproduct button clicked in product configuration page<br/>
CF product selected<br/>
Address bar clicked<br/>
Customer Address search button clicked successfully<br/>
Customer Address successfully selected<br/>
Successfully added product to the basket and also confirmed<br/>
Product successfully added to cart<br/>
</div>
</td>
<td></td>
<td>34</td>
<td>com.test.automation.OM_Automation.E2E_orders.SC_01_CF_product@c8e4bb0</td></tr>
<tr>
<td title='com.test.automation.OM_Automation.E2E_orders.SC_01_CF_product.CF_ProductBasketConfiguration()'><b>CF_ProductBasketConfiguration</b><br>Test class: com.test.automation.OM_Automation.E2E_orders.SC_01_CF_product<br/>
<a href="#Output-454160179" onClick='toggleBox("Output-454160179", this, "Show output", "Hide output");'>Show output</a>

<a href="#Output-454160179" onClick="toggleAllBoxes();">Show all outputs</a>
<div class='log' id="Output-454160179">
Edit basket button clicked<br/>
Iframe switched<br/>
Company fiber Product selected<br/>
Product description as [[ChromeDriver: chrome on XP (4456e1132ae495a3602ac848076068a4)] -> xpath: .//*[@id='Allgemeine_Informationen:Product_Description_0'][contains(text(), 'Company Fiber')]] value loaded<br/>
Monthly charges value as 200 entered<br/>
Upfront fee chargees value as 100 entered<br/>
upload speed value as 4096 selected<br/>
Hardware selection element clicked<br/>
Hardware to be successfully selected<br/>
parent window switched<br/>
CF Product successfully configured<br/>
</div>
</td>
<td></td>
<td>28</td>
<td>com.test.automation.OM_Automation.E2E_orders.SC_01_CF_product@c8e4bb0</td></tr>
<tr>
<td title='com.test.automation.OM_Automation.E2E_orders.SC_01_CF_product.CF_Product_Basket_Upload()'><b>CF_Product_Basket_Upload</b><br>Test class: com.test.automation.OM_Automation.E2E_orders.SC_01_CF_product<br/>
<a href="#Output-641030345" onClick='toggleBox("Output-641030345", this, "Show output", "Hide output");'>Show output</a>

<a href="#Output-641030345" onClick="toggleAllBoxes();">Show all outputs</a>
<div class='log' id="Output-641030345">
Product Basket Successfully uploaded<br/>
========Billing Account Assignment was successfully configured============<br/>
</div>
</td>
<td></td>
<td>8</td>
<td>com.test.automation.OM_Automation.E2E_orders.SC_01_CF_product@c8e4bb0</td></tr>
<tr>
<td title='com.test.automation.OM_Automation.E2E_orders.SC_01_CF_product.CF_SubOrders_Validation_And_Closure()'><b>CF_SubOrders_Validation_And_Closure</b><br>Test class: com.test.automation.OM_Automation.E2E_orders.SC_01_CF_product<br/>
<a href="#Output-675833472" onClick='toggleBox("Output-675833472", this, "Show output", "Hide output");'>Show output</a>

<a href="#Output-675833472" onClick="toggleAllBoxes();">Show all outputs</a>
<div class='log' id="Output-675833472">
Error occurs while Validating Sub-orders due to org.openqa.selenium.WebDriverException: chrome not reachable
  (Session info: chrome=61.0.3163.100)
  (Driver info: chromedriver=2.28.455520 (cc17746adff54984afff480136733114c6b3704b),platform=Windows NT 6.1.7601 SP1 x86_64) (WARNING: The server did not provide any stacktrace information)
Command duration or timeout: 4.03 seconds
Build info: version: '3.0.1', revision: '1969d75', time: '2016-10-18 09:49:13 -0700'
System info: host: 'C4DES048', ip: '192.168.28.36', os.name: 'Windows 7', os.arch: 'amd64', os.version: '6.1', java.version: '1.8.0_121'
Driver info: org.openqa.selenium.chrome.ChromeDriver
Capabilities [{applicationCacheEnabled=false, rotatable=false, mobileEmulationEnabled=false, networkConnectionEnabled=false, chrome={chromedriverVersion=2.28.455520 (cc17746adff54984afff480136733114c6b3704b), userDataDir=C:\Users\SHAMBU~1.B\AppData\Local\Temp\scoped_dir9700_8275}, takesHeapSnapshot=true, pageLoadStrategy=normal, databaseEnabled=false, handlesAlerts=true, hasTouchScreen=false, version=61.0.3163.100, platform=XP, browserConnectionEnabled=false, nativeEvents=true, acceptSslCerts=true, locationContextEnabled=true, webStorageEnabled=true, browserName=chrome, takesScreenshot=true, javascriptEnabled=true, cssSelectorsEnabled=true, unexpectedAlertBehaviour=}]
Session ID: 4456e1132ae495a3602ac848076068a4
*** Element info: {Using=xpath, value=.//*[@id='opp11_ileinner']}<br/>
</div>
</td>
<td></td>
<td>4</td>
<td>com.test.automation.OM_Automation.E2E_orders.SC_01_CF_product@c8e4bb0</td></tr>
<tr>
<td title='com.test.automation.OM_Automation.E2E_orders.SC_02_CV_product.CF_SubOrders_Validation_And_Closure()'><b>CF_SubOrders_Validation_And_Closure</b><br>Test class: com.test.automation.OM_Automation.E2E_orders.SC_02_CV_product<br/>
<a href="#Output-1529002352" onClick='toggleBox("Output-1529002352", this, "Show output", "Hide output");'>Show output</a>

<a href="#Output-1529002352" onClick="toggleAllBoxes();">Show all outputs</a>
<div class='log' id="Output-1529002352">
Error occurs while Validating Sub-orders due to org.openqa.selenium.WebDriverException: chrome not reachable
  (Session info: chrome=61.0.3163.100)
  (Driver info: chromedriver=2.28.455520 (cc17746adff54984afff480136733114c6b3704b),platform=Windows NT 6.1.7601 SP1 x86_64) (WARNING: The server did not provide any stacktrace information)
Command duration or timeout: 4.01 seconds
Build info: version: '3.0.1', revision: '1969d75', time: '2016-10-18 09:49:13 -0700'
System info: host: 'C4DES048', ip: '192.168.28.36', os.name: 'Windows 7', os.arch: 'amd64', os.version: '6.1', java.version: '1.8.0_121'
Driver info: org.openqa.selenium.chrome.ChromeDriver
Capabilities [{applicationCacheEnabled=false, rotatable=false, mobileEmulationEnabled=false, networkConnectionEnabled=false, chrome={chromedriverVersion=2.28.455520 (cc17746adff54984afff480136733114c6b3704b), userDataDir=C:\Users\SHAMBU~1.B\AppData\Local\Temp\scoped_dir12324_5670}, takesHeapSnapshot=true, pageLoadStrategy=normal, databaseEnabled=false, handlesAlerts=true, hasTouchScreen=false, version=61.0.3163.100, platform=XP, browserConnectionEnabled=false, nativeEvents=true, acceptSslCerts=true, locationContextEnabled=true, webStorageEnabled=true, browserName=chrome, takesScreenshot=true, javascriptEnabled=true, cssSelectorsEnabled=true, unexpectedAlertBehaviour=}]
Session ID: 25f3e7cd150880c7d8cfd8abff84b27d
*** Element info: {Using=xpath, value=.//*[@id='opp11_ileinner']}<br/>
</div>
</td>
<td></td>
<td>4</td>
<td>com.test.automation.OM_Automation.E2E_orders.SC_02_CV_product@62e136d3</td></tr>
<tr>
<td title='com.test.automation.OM_Automation.E2E_orders.SC_01_CF_product.CF_Validate_Order()'><b>CF_Validate_Order</b><br>Test class: com.test.automation.OM_Automation.E2E_orders.SC_01_CF_product<br/>
<a href="#Output-1275464847" onClick='toggleBox("Output-1275464847", this, "Show output", "Hide output");'>Show output</a>

<a href="#Output-1275464847" onClick="toggleAllBoxes();">Show all outputs</a>
<div class='log' id="Output-1275464847">
order validation failed due to org.openqa.selenium.WebDriverException: chrome not reachable
  (Session info: chrome=61.0.3163.100)
  (Driver info: chromedriver=2.28.455520 (cc17746adff54984afff480136733114c6b3704b),platform=Windows NT 6.1.7601 SP1 x86_64) (WARNING: The server did not provide any stacktrace information)
Command duration or timeout: 4.03 seconds
Build info: version: '3.0.1', revision: '1969d75', time: '2016-10-18 09:49:13 -0700'
System info: host: 'C4DES048', ip: '192.168.28.36', os.name: 'Windows 7', os.arch: 'amd64', os.version: '6.1', java.version: '1.8.0_121'
Driver info: org.openqa.selenium.chrome.ChromeDriver
Capabilities [{applicationCacheEnabled=false, rotatable=false, mobileEmulationEnabled=false, networkConnectionEnabled=false, chrome={chromedriverVersion=2.28.455520 (cc17746adff54984afff480136733114c6b3704b), userDataDir=C:\Users\SHAMBU~1.B\AppData\Local\Temp\scoped_dir9700_8275}, takesHeapSnapshot=true, pageLoadStrategy=normal, databaseEnabled=false, handlesAlerts=true, hasTouchScreen=false, version=61.0.3163.100, platform=XP, browserConnectionEnabled=false, nativeEvents=true, acceptSslCerts=true, locationContextEnabled=true, webStorageEnabled=true, browserName=chrome, takesScreenshot=true, javascriptEnabled=true, cssSelectorsEnabled=true, unexpectedAlertBehaviour=}]
Session ID: 4456e1132ae495a3602ac848076068a4
*** Element info: {Using=xpath, value=//div[@class='pbHeader']//input[@value='Validate Order']}<br/>
========Order validation was successfully performed============<br/>
</div>
</td>
<td></td>
<td>4</td>
<td>com.test.automation.OM_Automation.E2E_orders.SC_01_CF_product@c8e4bb0</td></tr>
<tr>
<td title='com.test.automation.OM_Automation.E2E_orders.SC_02_CV_product.CF_Validate_Order()'><b>CF_Validate_Order</b><br>Test class: com.test.automation.OM_Automation.E2E_orders.SC_02_CV_product<br/>
<a href="#Output-767393855" onClick='toggleBox("Output-767393855", this, "Show output", "Hide output");'>Show output</a>

<a href="#Output-767393855" onClick="toggleAllBoxes();">Show all outputs</a>
<div class='log' id="Output-767393855">
order validation failed due to org.openqa.selenium.WebDriverException: chrome not reachable
  (Session info: chrome=61.0.3163.100)
  (Driver info: chromedriver=2.28.455520 (cc17746adff54984afff480136733114c6b3704b),platform=Windows NT 6.1.7601 SP1 x86_64) (WARNING: The server did not provide any stacktrace information)
Command duration or timeout: 4.00 seconds
Build info: version: '3.0.1', revision: '1969d75', time: '2016-10-18 09:49:13 -0700'
System info: host: 'C4DES048', ip: '192.168.28.36', os.name: 'Windows 7', os.arch: 'amd64', os.version: '6.1', java.version: '1.8.0_121'
Driver info: org.openqa.selenium.chrome.ChromeDriver
Capabilities [{applicationCacheEnabled=false, rotatable=false, mobileEmulationEnabled=false, networkConnectionEnabled=false, chrome={chromedriverVersion=2.28.455520 (cc17746adff54984afff480136733114c6b3704b), userDataDir=C:\Users\SHAMBU~1.B\AppData\Local\Temp\scoped_dir12324_5670}, takesHeapSnapshot=true, pageLoadStrategy=normal, databaseEnabled=false, handlesAlerts=true, hasTouchScreen=false, version=61.0.3163.100, platform=XP, browserConnectionEnabled=false, nativeEvents=true, acceptSslCerts=true, locationContextEnabled=true, webStorageEnabled=true, browserName=chrome, takesScreenshot=true, javascriptEnabled=true, cssSelectorsEnabled=true, unexpectedAlertBehaviour=}]
Session ID: 25f3e7cd150880c7d8cfd8abff84b27d
*** Element info: {Using=xpath, value=//div[@class='pbHeader']//input[@value='Validate Order']}<br/>
========Order validation was successfully performed============<br/>
</div>
</td>
<td></td>
<td>4</td>
<td>com.test.automation.OM_Automation.E2E_orders.SC_02_CV_product@62e136d3</td></tr>
<tr>
<td title='com.test.automation.OM_Automation.E2E_orders.SC_02_CV_product.Installation_Information_Configuration()'><b>Installation_Information_Configuration</b><br>Test class: com.test.automation.OM_Automation.E2E_orders.SC_02_CV_product<br/>
<a href="#Output-151515831" onClick='toggleBox("Output-151515831", this, "Show output", "Hide output");'>Show output</a>

<a href="#Output-151515831" onClick="toggleAllBoxes();">Show all outputs</a>
<div class='log' id="Output-151515831">
Error occurs while configuring Installation information due to org.openqa.selenium.TimeoutException: Expected condition failed: waiting for visibility of Proxy element for: DefaultElementLocator 'By.xpath: .//*[@id='bodyCell']/div/div/div[3]/div[2]/div[1]/div/header/div[4]/span' (tried for 200 second(s) with 500 MILLISECONDS interval)
Build info: version: '3.0.1', revision: '1969d75', time: '2016-10-18 09:49:13 -0700'
System info: host: 'C4DES048', ip: '192.168.28.36', os.name: 'Windows 7', os.arch: 'amd64', os.version: '6.1', java.version: '1.8.0_121'
Driver info: org.openqa.selenium.chrome.ChromeDriver
Capabilities [{applicationCacheEnabled=false, rotatable=false, mobileEmulationEnabled=false, networkConnectionEnabled=false, chrome={chromedriverVersion=2.28.455520 (cc17746adff54984afff480136733114c6b3704b), userDataDir=C:\Users\SHAMBU~1.B\AppData\Local\Temp\scoped_dir12324_5670}, takesHeapSnapshot=true, pageLoadStrategy=normal, databaseEnabled=false, handlesAlerts=true, hasTouchScreen=false, version=61.0.3163.100, platform=XP, browserConnectionEnabled=false, nativeEvents=true, acceptSslCerts=true, locationContextEnabled=true, webStorageEnabled=true, browserName=chrome, takesScreenshot=true, javascriptEnabled=true, cssSelectorsEnabled=true, unexpectedAlertBehaviour=}]
Session ID: 25f3e7cd150880c7d8cfd8abff84b27d<br/>
</div>
</td>
<td></td>
<td>200</td>
<td>com.test.automation.OM_Automation.E2E_orders.SC_02_CV_product@62e136d3</td></tr>
<tr>
<td title='com.test.automation.OM_Automation.E2E_orders.SC_02_CV_product.NewLeadCreation()'><b>NewLeadCreation</b><br>Test class: com.test.automation.OM_Automation.E2E_orders.SC_02_CV_product<br>Parameters: natrajpencil, Mr., nat, rap, AG, abc@din.com, C VERARBEITENDES GEWERBE, Getrankeherstellung, SME, Baden-Württemberg (BAW), Wichterichstr., 24, KÖLN, 50937, BW<br/>
<a href="#Output-737104370" onClick='toggleBox("Output-737104370", this, "Show output", "Hide output");'>Show output</a>

<a href="#Output-737104370" onClick="toggleAllBoxes();">Show all outputs</a>
<div class='log' id="Output-737104370">
Leads tab clicked<br/>
New lead button clicked<br/>
Account name passed<br/>
Salutation selected<br/>
Firstname passed<br/>
last name passed<br/>
Legal Entity type selected<br/>
Email value passed<br/>
phone value passed<br/>
NationalID value Passed<br/>
Industry classification asC VERARBEITENDES GEWERBEselected<br/>
Detailed Industry as Getrankeherstellung selected><br/>
segment as SME selected<br/>
constructional Organization as Baden-Württemberg (BAW) selected<br/>
visit street as Wichterichstr. selected<br/>
visit house number as 24 selected<br/>
visit city as KÖLN selected<br/>
postal code as 50937   selected><br/>
visit state/provience as BW   selected<br/>
<-----------Lead was successfully created------><br/>
</div>
</td>
<td></td>
<td>75</td>
<td>com.test.automation.OM_Automation.E2E_orders.SC_02_CV_product@62e136d3</td></tr>
<tr>
<td title='com.test.automation.OM_Automation.E2E_orders.SC_01_CF_product.NewLeadCreation()'><b>NewLeadCreation</b><br>Test class: com.test.automation.OM_Automation.E2E_orders.SC_01_CF_product<br>Parameters: natrajpencil, Mr., nat, rap, AG, abc@din.com, C VERARBEITENDES GEWERBE, Getrankeherstellung, SME, Baden-Württemberg (BAW), Wichterichstr., 24, KÖLN, 50937, BW<br/>
<a href="#Output-15892131" onClick='toggleBox("Output-15892131", this, "Show output", "Hide output");'>Show output</a>

<a href="#Output-15892131" onClick="toggleAllBoxes();">Show all outputs</a>
<div class='log' id="Output-15892131">
Leads tab clicked<br/>
New lead button clicked<br/>
Account name passed<br/>
Salutation selected<br/>
Firstname passed<br/>
last name passed<br/>
Legal Entity type selected<br/>
Email value passed<br/>
phone value passed<br/>
NationalID value Passed<br/>
Industry classification asC VERARBEITENDES GEWERBEselected<br/>
Detailed Industry as Getrankeherstellung selected><br/>
segment as SME selected<br/>
constructional Organization as Baden-Württemberg (BAW) selected<br/>
visit street as Wichterichstr. selected<br/>
visit house number as 24 selected<br/>
visit city as KÖLN selected<br/>
postal code as 50937   selected><br/>
visit state/provience as BW   selected<br/>
<-----------Lead was successfully created------><br/>
</div>
</td>
<td></td>
<td>24</td>
<td>com.test.automation.OM_Automation.E2E_orders.SC_01_CF_product@c8e4bb0</td></tr>
<tr>
<td title='com.test.automation.OM_Automation.E2E_orders.SC_02_CV_product.Opportunityconversion()'><b>Opportunityconversion</b><br>Test class: com.test.automation.OM_Automation.E2E_orders.SC_02_CV_product<br/>
<a href="#Output-1624817884" onClick='toggleBox("Output-1624817884", this, "Show output", "Hide output");'>Show output</a>

<a href="#Output-1624817884" onClick="toggleAllBoxes();">Show all outputs</a>
<div class='log' id="Output-1624817884">
clicked convert button in leads page<br/>
clicked convert button in convert lead page<br/>
clicked on opportunity created in accounts page<br/>
Opportunity converted<br/>
</div>
</td>
<td></td>
<td>19</td>
<td>com.test.automation.OM_Automation.E2E_orders.SC_02_CV_product@62e136d3</td></tr>
<tr>
<td title='com.test.automation.OM_Automation.E2E_orders.SC_01_CF_product.Opportunityconversion()'><b>Opportunityconversion</b><br>Test class: com.test.automation.OM_Automation.E2E_orders.SC_01_CF_product<br/>
<a href="#Output-1052768296" onClick='toggleBox("Output-1052768296", this, "Show output", "Hide output");'>Show output</a>

<a href="#Output-1052768296" onClick="toggleAllBoxes();">Show all outputs</a>
<div class='log' id="Output-1052768296">
clicked convert button in leads page<br/>
clicked convert button in convert lead page<br/>
clicked on opportunity created in accounts page<br/>
Opportunity converted<br/>
</div>
</td>
<td></td>
<td>18</td>
<td>com.test.automation.OM_Automation.E2E_orders.SC_01_CF_product@c8e4bb0</td></tr>
<tr>
<td title='com.test.automation.OM_Automation.E2E_orders.SC_02_CV_product.ProductBasketAddition_CF()'><b>ProductBasketAddition_CF</b><br>Test class: com.test.automation.OM_Automation.E2E_orders.SC_02_CV_product<br/>
<a href="#Output-138536309" onClick='toggleBox("Output-138536309", this, "Show output", "Hide output");'>Show output</a>

<a href="#Output-138536309" onClick="toggleAllBoxes();">Show all outputs</a>
<div class='log' id="Output-138536309">
New product basket button clicked in opportunity page<br/>
Addproduct button clicked in product configuration page<br/>
CF product selected<br/>
Address bar clicked<br/>
Customer Address search button clicked successfully<br/>
Customer Address successfully selected<br/>
Successfully added product to the basket and also confirmed<br/>
Product successfully added to cart<br/>
</div>
</td>
<td></td>
<td>36</td>
<td>com.test.automation.OM_Automation.E2E_orders.SC_02_CV_product@62e136d3</td></tr>
<tr>
<td title='com.test.automation.OM_Automation.E2E_orders.SC_02_CV_product.ProductBasketAddition_CV()'><b>ProductBasketAddition_CV</b><br>Test class: com.test.automation.OM_Automation.E2E_orders.SC_02_CV_product<br/>
<a href="#Output-1324262781" onClick='toggleBox("Output-1324262781", this, "Show output", "Hide output");'>Show output</a>

<a href="#Output-1324262781" onClick="toggleAllBoxes();">Show all outputs</a>
<div class='log' id="Output-1324262781">
Addproduct button clicked in product configuration page<br/>
CV product selected<br/>
Address bar clicked<br/>
Customer Address search button clicked successfully<br/>
Customer Address successfully selected<br/>
Successfully added product to the basket and also confirmed<br/>
Product successfully added to cart<br/>
</div>
</td>
<td></td>
<td>16</td>
<td>com.test.automation.OM_Automation.E2E_orders.SC_02_CV_product@62e136d3</td></tr>
<tr>
<td title='com.test.automation.OM_Automation.E2E_orders.SC_02_CV_product.ProductBasketConfiguration_CF()'><b>ProductBasketConfiguration_CF</b><br>Test class: com.test.automation.OM_Automation.E2E_orders.SC_02_CV_product<br/>
<a href="#Output-296541232" onClick='toggleBox("Output-296541232", this, "Show output", "Hide output");'>Show output</a>

<a href="#Output-296541232" onClick="toggleAllBoxes();">Show all outputs</a>
<div class='log' id="Output-296541232">
Edit basket button clicked<br/>
Iframe switched<br/>
Company fiber Product selected<br/>
Product description as [[ChromeDriver: chrome on XP (25f3e7cd150880c7d8cfd8abff84b27d)] -> xpath: .//*[@id='Allgemeine_Informationen:Product_Description_0'][contains(text(), 'Company Fiber')]] value loaded<br/>
Monthly charges value as 200 entered<br/>
Upfront fee chargees value as 100 entered<br/>
upload speed value as 4096 selected<br/>
Hardware selection element clicked<br/>
Hardware to be successfully selected<br/>
parent window switched<br/>
CF Product successfully configured<br/>
</div>
</td>
<td></td>
<td>30</td>
<td>com.test.automation.OM_Automation.E2E_orders.SC_02_CV_product@62e136d3</td></tr>
<tr>
<td title='com.test.automation.OM_Automation.E2E_orders.SC_02_CV_product.ProductBasketConfiguration_CV()'><b>ProductBasketConfiguration_CV</b><br>Test class: com.test.automation.OM_Automation.E2E_orders.SC_02_CV_product<br/>
<a href="#Output-891894789" onClick='toggleBox("Output-891894789", this, "Show output", "Hide output");'>Show output</a>

<a href="#Output-891894789" onClick="toggleAllBoxes();">Show all outputs</a>
<div class='log' id="Output-891894789">
Edit basket button clicked<br/>
Iframe switched<br/>
CV product configureation NEXT button clicked<br/>
CV NewNumberRange button clicked<br/>
Areacode value as 1 entered<br/>
MainNumber value as 1 entered<br/>
Extension start number as 11 Entered<br/>
Extension End number as 1 Entered<br/>
Amount of  number as 1 Entered<br/>
CV number ranges are successfully configured<br/>
CV Numbers continue button clicked<br/>
Error occurs during product basket configuration is org.openqa.selenium.TimeoutException: Expected condition failed: waiting for visibility of Proxy element for: DefaultElementLocator 'By.xpath: .//*[@id='relatedListTableID']/tbody/tr/td[2]' (tried for 200 second(s) with 500 MILLISECONDS interval)
Build info: version: '3.0.1', revision: '1969d75', time: '2016-10-18 09:49:13 -0700'
System info: host: 'C4DES048', ip: '192.168.28.36', os.name: 'Windows 7', os.arch: 'amd64', os.version: '6.1', java.version: '1.8.0_121'
Driver info: org.openqa.selenium.chrome.ChromeDriver
Capabilities [{applicationCacheEnabled=false, rotatable=false, mobileEmulationEnabled=false, networkConnectionEnabled=false, chrome={chromedriverVersion=2.28.455520 (cc17746adff54984afff480136733114c6b3704b), userDataDir=C:\Users\SHAMBU~1.B\AppData\Local\Temp\scoped_dir12324_5670}, takesHeapSnapshot=true, pageLoadStrategy=normal, databaseEnabled=false, handlesAlerts=true, hasTouchScreen=false, version=61.0.3163.100, platform=XP, browserConnectionEnabled=false, nativeEvents=true, acceptSslCerts=true, locationContextEnabled=true, webStorageEnabled=true, browserName=chrome, takesScreenshot=true, javascriptEnabled=true, cssSelectorsEnabled=true, unexpectedAlertBehaviour=}]
Session ID: 25f3e7cd150880c7d8cfd8abff84b27d<br/>
CF Product successfully configured<br/>
</div>
</td>
<td></td>
<td>263</td>
<td>com.test.automation.OM_Automation.E2E_orders.SC_02_CV_product@62e136d3</td></tr>
<tr>
<td title='com.test.automation.OM_Automation.E2E_orders.SC_02_CV_product.Product_Basket_Upload()'><b>Product_Basket_Upload</b><br>Test class: com.test.automation.OM_Automation.E2E_orders.SC_02_CV_product<br/>
<a href="#Output-892231982" onClick='toggleBox("Output-892231982", this, "Show output", "Hide output");'>Show output</a>

<a href="#Output-892231982" onClick="toggleAllBoxes();">Show all outputs</a>
<div class='log' id="Output-892231982">
Product basket upload faile due to org.openqa.selenium.WebDriverException: chrome not reachable
  (Session info: chrome=61.0.3163.100)
  (Driver info: chromedriver=2.28.455520 (cc17746adff54984afff480136733114c6b3704b),platform=Windows NT 6.1.7601 SP1 x86_64) (WARNING: The server did not provide any stacktrace information)
Command duration or timeout: 4.01 seconds
Build info: version: '3.0.1', revision: '1969d75', time: '2016-10-18 09:49:13 -0700'
System info: host: 'C4DES048', ip: '192.168.28.36', os.name: 'Windows 7', os.arch: 'amd64', os.version: '6.1', java.version: '1.8.0_121'
Driver info: org.openqa.selenium.chrome.ChromeDriver
Capabilities [{applicationCacheEnabled=false, rotatable=false, mobileEmulationEnabled=false, networkConnectionEnabled=false, chrome={chromedriverVersion=2.28.455520 (cc17746adff54984afff480136733114c6b3704b), userDataDir=C:\Users\SHAMBU~1.B\AppData\Local\Temp\scoped_dir12324_5670}, takesHeapSnapshot=true, pageLoadStrategy=normal, databaseEnabled=false, handlesAlerts=true, hasTouchScreen=false, version=61.0.3163.100, platform=XP, browserConnectionEnabled=false, nativeEvents=true, acceptSslCerts=true, locationContextEnabled=true, webStorageEnabled=true, browserName=chrome, takesScreenshot=true, javascriptEnabled=true, cssSelectorsEnabled=true, unexpectedAlertBehaviour=}]
Session ID: 25f3e7cd150880c7d8cfd8abff84b27d
*** Element info: {Using=xpath, value=.//*[@id='bodyCell']/div/div/div[3]/div[2]/div[1]/div/header/div[2]/span}<br/>
========Billing Account Assignment was successfully configured============<br/>
</div>
</td>
<td></td>
<td>4</td>
<td>com.test.automation.OM_Automation.E2E_orders.SC_02_CV_product@62e136d3</td></tr>
<tr>
<td title='com.test.automation.OM_Automation.E2E_orders.SC_02_CV_product.verifylogin()'><b>verifylogin</b><br>Test class: com.test.automation.OM_Automation.E2E_orders.SC_02_CV_product<br>Parameters: pprabakaran@lg.com.jit, Prodapt@!4, null<br/>
<a href="#Output-1110195322" onClick='toggleBox("Output-1110195322", this, "Show output", "Hide output");'>Show output</a>

<a href="#Output-1110195322" onClick="toggleAllBoxes();">Show all outputs</a>
<div class='log' id="Output-1110195322">
entered email address:-pprabakaran@lg.com.jit and object is [[ChromeDriver: chrome on XP (25f3e7cd150880c7d8cfd8abff84b27d)] -> id: username]<br/>
entered password:-Prodapt@!4 and object is [[ChromeDriver: chrome on XP (25f3e7cd150880c7d8cfd8abff84b27d)] -> id: password]<br/>
clicked on sublit butto and object is:-Proxy element for: DefaultElementLocator 'By.id: Login'<br/>
<a href='D:\DE_Catalyst\OM\OM_Automation\B2B_OM_Automation\src\main\java\com\test\automation\OM_Automation\screenshot\verifyLoginRecords_05_10_2017_09_26_07.png'> <img src='D:\DE_Catalyst\OM\OM_Automation\B2B_OM_Automation\src\main\java\com\test\automation\OM_Automation\screenshot\verifyLoginRecords_05_10_2017_09_26_07.png' height='100' width='100'/> </a><br/>
</div>
</td>
<td></td>
<td>2</td>
<td>com.test.automation.OM_Automation.E2E_orders.SC_02_CV_product@62e136d3</td></tr>
<tr>
<td title='com.test.automation.OM_Automation.E2E_orders.SC_01_CF_product.verifylogin()'><b>verifylogin</b><br>Test class: com.test.automation.OM_Automation.E2E_orders.SC_01_CF_product<br>Parameters: pprabakaran@lg.com.jit, Prodapt@!4, null<br/>
<a href="#Output-1037955032" onClick='toggleBox("Output-1037955032", this, "Show output", "Hide output");'>Show output</a>

<a href="#Output-1037955032" onClick="toggleAllBoxes();">Show all outputs</a>
<div class='log' id="Output-1037955032">
entered email address:-pprabakaran@lg.com.jit and object is [[ChromeDriver: chrome on XP (4456e1132ae495a3602ac848076068a4)] -> id: username]<br/>
entered password:-Prodapt@!4 and object is [[ChromeDriver: chrome on XP (4456e1132ae495a3602ac848076068a4)] -> id: password]<br/>
clicked on sublit butto and object is:-Proxy element for: DefaultElementLocator 'By.id: Login'<br/>
<a href='D:\DE_Catalyst\OM\OM_Automation\B2B_OM_Automation\src\main\java\com\test\automation\OM_Automation\screenshot\verifyLoginRecords_05_10_2017_09_26_41.png'> <img src='D:\DE_Catalyst\OM\OM_Automation\B2B_OM_Automation\src\main\java\com\test\automation\OM_Automation\screenshot\verifyLoginRecords_05_10_2017_09_26_41.png' height='100' width='100'/> </a><br/>
</div>
</td>
<td></td>
<td>3</td>
<td>com.test.automation.OM_Automation.E2E_orders.SC_01_CF_product@c8e4bb0</td></tr>
</table><p>
</body>
</html>