<?xml version="1.0" encoding="UTF-8"?>
<!-- Generated by org.testng.reporters.JUnitXMLReporter -->
<testsuite hostname="C4DES048" ignored="0" name="CF orders" tests="33" failures="0" timestamp="05 Oct 2017 07:01:06 GMT" time="144.995" errors="0">
  <testcase name="@BeforeMethod setUp" time="0.0" classname="com.test.automation.OM_Automation.E2E_orders.TC_02_Install_CF_with_100Mbits">
    <failure type="org.openqa.selenium.WebDriverException" message="unknown error: cannot get automation extension
from chrome not reachable
  (Session info: chrome=61.0.3163.100)
  (Driver info: chromedriver=2.28.455520 (cc17746adff54984afff480136733114c6b3704b),platform=Windows NT 6.1.7601 SP1 x86_64) (WARNING: The server did not provide any stacktrace information)
Command duration or timeout: 2.01 seconds
Build info: version: &amp;apos;3.0.1&amp;apos;, revision: &amp;apos;1969d75&amp;apos;, time: &amp;apos;2016-10-18 09:49:13 -0700&amp;apos;
System info: host: &amp;apos;C4DES048&amp;apos;, ip: &amp;apos;192.168.28.36&amp;apos;, os.name: &amp;apos;Windows 7&amp;apos;, os.arch: &amp;apos;amd64&amp;apos;, os.version: &amp;apos;6.1&amp;apos;, java.version: &amp;apos;1.8.0_121&amp;apos;
Driver info: org.openqa.selenium.chrome.ChromeDriver
Capabilities [{applicationCacheEnabled=false, rotatable=false, mobileEmulationEnabled=false, networkConnectionEnabled=false, chrome={chromedriverVersion=2.28.455520 (cc17746adff54984afff480136733114c6b3704b), userDataDir=C:\Users\SHAMBU~1.B\AppData\Local\Temp\scoped_dir17572_26337}, takesHeapSnapshot=true, pageLoadStrategy=normal, databaseEnabled=false, handlesAlerts=true, hasTouchScreen=false, version=61.0.3163.100, platform=XP, browserConnectionEnabled=false, nativeEvents=true, acceptSslCerts=true, locationContextEnabled=true, webStorageEnabled=true, browserName=chrome, takesScreenshot=true, javascriptEnabled=true, cssSelectorsEnabled=true, unexpectedAlertBehaviour=}]
Session ID: 2c4d66eee27e46ce86dec2f604a847ef">
      <![CDATA[org.openqa.selenium.WebDriverException: unknown error: cannot get automation extension
from chrome not reachable
  (Session info: chrome=61.0.3163.100)
  (Driver info: chromedriver=2.28.455520 (cc17746adff54984afff480136733114c6b3704b),platform=Windows NT 6.1.7601 SP1 x86_64) (WARNING: The server did not provide any stacktrace information)
Command duration or timeout: 2.01 seconds
Build info: version: '3.0.1', revision: '1969d75', time: '2016-10-18 09:49:13 -0700'
System info: host: 'C4DES048', ip: '192.168.28.36', os.name: 'Windows 7', os.arch: 'amd64', os.version: '6.1', java.version: '1.8.0_121'
Driver info: org.openqa.selenium.chrome.ChromeDriver
Capabilities [{applicationCacheEnabled=false, rotatable=false, mobileEmulationEnabled=false, networkConnectionEnabled=false, chrome={chromedriverVersion=2.28.455520 (cc17746adff54984afff480136733114c6b3704b), userDataDir=C:\Users\SHAMBU~1.B\AppData\Local\Temp\scoped_dir17572_26337}, takesHeapSnapshot=true, pageLoadStrategy=normal, databaseEnabled=false, handlesAlerts=true, hasTouchScreen=false, version=61.0.3163.100, platform=XP, browserConnectionEnabled=false, nativeEvents=true, acceptSslCerts=true, locationContextEnabled=true, webStorageEnabled=true, browserName=chrome, takesScreenshot=true, javascriptEnabled=true, cssSelectorsEnabled=true, unexpectedAlertBehaviour=}]
Session ID: 2c4d66eee27e46ce86dec2f604a847ef
	at org.openqa.selenium.remote.ErrorHandler.createThrowable(ErrorHandler.java:216)
	at org.openqa.selenium.remote.ErrorHandler.throwIfResponseFailed(ErrorHandler.java:168)
	at org.openqa.selenium.remote.RemoteWebDriver.execute(RemoteWebDriver.java:635)
	at org.openqa.selenium.remote.RemoteWebDriver.execute(RemoteWebDriver.java:658)
	at org.openqa.selenium.remote.RemoteWebDriver$RemoteWebDriverOptions$RemoteWindow.maximize(RemoteWebDriver.java:882)
	at com.test.automation.OM_Automation.testBase.TestBase.getUrl(TestBase.java:144)
	at com.test.automation.OM_Automation.testBase.TestBase.init(TestBase.java:94)
	at com.test.automation.OM_Automation.E2E_orders.TC_02_Install_CF_with_100Mbits.setUp(TC_02_Install_CF_with_100Mbits.java:59)
... Removed 31 stack frames]]>
    </failure>
  </testcase> <!-- @BeforeMethod setUp -->
  <testcase name="@AfterMethod afterMethod" time="0.0" classname="com.test.automation.OM_Automation.testBase.TestBase">
    <skipped/>
  </testcase> <!-- @AfterMethod afterMethod -->
  <testcase name="@BeforeClass setUp" time="0.0" classname="com.test.automation.OM_Automation.E2E_orders.TC_03_Install_CF_with_200Mbits">
    <skipped/>
  </testcase> <!-- @BeforeClass setUp -->
  <testcase name="@BeforeMethod beforeMethod" time="0.0" classname="com.test.automation.OM_Automation.testBase.TestBase">
    <skipped/>
  </testcase> <!-- @BeforeMethod beforeMethod -->
  <testcase name="@BeforeMethod setUp" time="0.0" classname="com.test.automation.OM_Automation.E2E_orders.TC_03_Install_CF_with_200Mbits">
    <skipped/>
  </testcase> <!-- @BeforeMethod setUp -->
  <testcase name="@AfterMethod afterMethod" time="0.0" classname="com.test.automation.OM_Automation.testBase.TestBase">
    <skipped/>
  </testcase> <!-- @AfterMethod afterMethod -->
  <testcase name="@BeforeMethod beforeMethod" time="0.0" classname="com.test.automation.OM_Automation.testBase.TestBase">
    <skipped/>
  </testcase> <!-- @BeforeMethod beforeMethod -->
  <testcase name="@BeforeMethod setUp" time="0.0" classname="com.test.automation.OM_Automation.E2E_orders.TC_01_Install_CF_with_50Mbits_">
    <skipped/>
  </testcase> <!-- @BeforeMethod setUp -->
  <testcase name="@AfterMethod afterMethod" time="0.0" classname="com.test.automation.OM_Automation.testBase.TestBase">
    <skipped/>
  </testcase> <!-- @AfterMethod afterMethod -->
  <testcase name="@BeforeMethod beforeMethod" time="0.0" classname="com.test.automation.OM_Automation.testBase.TestBase">
    <skipped/>
  </testcase> <!-- @BeforeMethod beforeMethod -->
  <testcase name="@BeforeMethod setUp" time="0.0" classname="com.test.automation.OM_Automation.E2E_orders.TC_02_Install_CF_with_100Mbits">
    <skipped/>
  </testcase> <!-- @BeforeMethod setUp -->
  <testcase name="@AfterMethod afterMethod" time="0.0" classname="com.test.automation.OM_Automation.testBase.TestBase">
    <skipped/>
  </testcase> <!-- @AfterMethod afterMethod -->
  <testcase name="@BeforeMethod beforeMethod" time="0.0" classname="com.test.automation.OM_Automation.testBase.TestBase">
    <skipped/>
  </testcase> <!-- @BeforeMethod beforeMethod -->
  <testcase name="@BeforeMethod setUp" time="0.0" classname="com.test.automation.OM_Automation.E2E_orders.TC_03_Install_CF_with_200Mbits">
    <skipped/>
  </testcase> <!-- @BeforeMethod setUp -->
  <testcase name="@AfterMethod afterMethod" time="0.0" classname="com.test.automation.OM_Automation.testBase.TestBase">
    <skipped/>
  </testcase> <!-- @AfterMethod afterMethod -->
  <testcase name="@BeforeMethod beforeMethod" time="0.0" classname="com.test.automation.OM_Automation.testBase.TestBase">
    <skipped/>
  </testcase> <!-- @BeforeMethod beforeMethod -->
  <testcase name="@BeforeMethod setUp" time="0.0" classname="com.test.automation.OM_Automation.E2E_orders.TC_01_Install_CF_with_50Mbits_">
    <skipped/>
  </testcase> <!-- @BeforeMethod setUp -->
  <testcase name="@AfterMethod afterMethod" time="0.0" classname="com.test.automation.OM_Automation.testBase.TestBase">
    <skipped/>
  </testcase> <!-- @AfterMethod afterMethod -->
  <testcase name="@BeforeMethod beforeMethod" time="0.0" classname="com.test.automation.OM_Automation.testBase.TestBase">
    <skipped/>
  </testcase> <!-- @BeforeMethod beforeMethod -->
  <testcase name="@BeforeMethod setUp" time="0.0" classname="com.test.automation.OM_Automation.E2E_orders.TC_02_Install_CF_with_100Mbits">
    <skipped/>
  </testcase> <!-- @BeforeMethod setUp -->
  <testcase name="@AfterMethod afterMethod" time="0.0" classname="com.test.automation.OM_Automation.testBase.TestBase">
    <skipped/>
  </testcase> <!-- @AfterMethod afterMethod -->
  <testcase name="@BeforeMethod beforeMethod" time="0.0" classname="com.test.automation.OM_Automation.testBase.TestBase">
    <skipped/>
  </testcase> <!-- @BeforeMethod beforeMethod -->
  <testcase name="@BeforeMethod setUp" time="0.0" classname="com.test.automation.OM_Automation.E2E_orders.TC_03_Install_CF_with_200Mbits">
    <skipped/>
  </testcase> <!-- @BeforeMethod setUp -->
  <testcase name="@AfterMethod afterMethod" time="0.0" classname="com.test.automation.OM_Automation.testBase.TestBase">
    <skipped/>
  </testcase> <!-- @AfterMethod afterMethod -->
  <testcase name="@BeforeMethod beforeMethod" time="0.0" classname="com.test.automation.OM_Automation.testBase.TestBase">
    <skipped/>
  </testcase> <!-- @BeforeMethod beforeMethod -->
  <testcase name="@BeforeMethod setUp" time="0.0" classname="com.test.automation.OM_Automation.E2E_orders.TC_01_Install_CF_with_50Mbits_">
    <skipped/>
  </testcase> <!-- @BeforeMethod setUp -->
  <testcase name="@AfterMethod afterMethod" time="0.0" classname="com.test.automation.OM_Automation.testBase.TestBase">
    <skipped/>
  </testcase> <!-- @AfterMethod afterMethod -->
  <testcase name="@BeforeMethod beforeMethod" time="0.0" classname="com.test.automation.OM_Automation.testBase.TestBase">
    <skipped/>
  </testcase> <!-- @BeforeMethod beforeMethod -->
  <testcase name="@BeforeMethod setUp" time="0.0" classname="com.test.automation.OM_Automation.E2E_orders.TC_02_Install_CF_with_100Mbits">
    <skipped/>
  </testcase> <!-- @BeforeMethod setUp -->
  <testcase name="@AfterMethod afterMethod" time="0.0" classname="com.test.automation.OM_Automation.testBase.TestBase">
    <skipped/>
  </testcase> <!-- @AfterMethod afterMethod -->
  <testcase name="@BeforeMethod beforeMethod" time="0.0" classname="com.test.automation.OM_Automation.testBase.TestBase">
    <skipped/>
  </testcase> <!-- @BeforeMethod beforeMethod -->
  <testcase name="@BeforeMethod setUp" time="0.0" classname="com.test.automation.OM_Automation.E2E_orders.TC_03_Install_CF_with_200Mbits">
    <skipped/>
  </testcase> <!-- @BeforeMethod setUp -->
  <testcase name="@AfterMethod afterMethod" time="0.0" classname="com.test.automation.OM_Automation.testBase.TestBase">
    <skipped/>
  </testcase> <!-- @AfterMethod afterMethod -->
  <testcase name="@BeforeMethod beforeMethod" time="0.0" classname="com.test.automation.OM_Automation.testBase.TestBase">
    <skipped/>
  </testcase> <!-- @BeforeMethod beforeMethod -->
  <testcase name="@BeforeMethod setUp" time="0.0" classname="com.test.automation.OM_Automation.E2E_orders.TC_01_Install_CF_with_50Mbits_">
    <skipped/>
  </testcase> <!-- @BeforeMethod setUp -->
  <testcase name="@AfterMethod afterMethod" time="0.0" classname="com.test.automation.OM_Automation.testBase.TestBase">
    <skipped/>
  </testcase> <!-- @AfterMethod afterMethod -->
  <testcase name="@BeforeMethod beforeMethod" time="0.0" classname="com.test.automation.OM_Automation.testBase.TestBase">
    <skipped/>
  </testcase> <!-- @BeforeMethod beforeMethod -->
  <testcase name="@BeforeMethod setUp" time="0.0" classname="com.test.automation.OM_Automation.E2E_orders.TC_02_Install_CF_with_100Mbits">
    <skipped/>
  </testcase> <!-- @BeforeMethod setUp -->
  <testcase name="@AfterMethod afterMethod" time="0.0" classname="com.test.automation.OM_Automation.testBase.TestBase">
    <skipped/>
  </testcase> <!-- @AfterMethod afterMethod -->
  <testcase name="@BeforeMethod beforeMethod" time="0.0" classname="com.test.automation.OM_Automation.testBase.TestBase">
    <skipped/>
  </testcase> <!-- @BeforeMethod beforeMethod -->
  <testcase name="@BeforeMethod setUp" time="0.0" classname="com.test.automation.OM_Automation.E2E_orders.TC_03_Install_CF_with_200Mbits">
    <skipped/>
  </testcase> <!-- @BeforeMethod setUp -->
  <testcase name="@AfterMethod afterMethod" time="0.0" classname="com.test.automation.OM_Automation.testBase.TestBase">
    <skipped/>
  </testcase> <!-- @AfterMethod afterMethod -->
  <testcase name="@BeforeMethod beforeMethod" time="0.0" classname="com.test.automation.OM_Automation.testBase.TestBase">
    <skipped/>
  </testcase> <!-- @BeforeMethod beforeMethod -->
  <testcase name="@BeforeMethod setUp" time="0.0" classname="com.test.automation.OM_Automation.E2E_orders.TC_01_Install_CF_with_50Mbits_">
    <skipped/>
  </testcase> <!-- @BeforeMethod setUp -->
  <testcase name="@AfterMethod afterMethod" time="0.0" classname="com.test.automation.OM_Automation.testBase.TestBase">
    <skipped/>
  </testcase> <!-- @AfterMethod afterMethod -->
  <testcase name="@BeforeMethod beforeMethod" time="0.0" classname="com.test.automation.OM_Automation.testBase.TestBase">
    <skipped/>
  </testcase> <!-- @BeforeMethod beforeMethod -->
  <testcase name="@BeforeMethod setUp" time="0.0" classname="com.test.automation.OM_Automation.E2E_orders.TC_02_Install_CF_with_100Mbits">
    <skipped/>
  </testcase> <!-- @BeforeMethod setUp -->
  <testcase name="@AfterMethod afterMethod" time="0.0" classname="com.test.automation.OM_Automation.testBase.TestBase">
    <skipped/>
  </testcase> <!-- @AfterMethod afterMethod -->
  <testcase name="@BeforeMethod beforeMethod" time="0.0" classname="com.test.automation.OM_Automation.testBase.TestBase">
    <skipped/>
  </testcase> <!-- @BeforeMethod beforeMethod -->
  <testcase name="@BeforeMethod setUp" time="0.0" classname="com.test.automation.OM_Automation.E2E_orders.TC_03_Install_CF_with_200Mbits">
    <skipped/>
  </testcase> <!-- @BeforeMethod setUp -->
  <testcase name="@AfterMethod afterMethod" time="0.0" classname="com.test.automation.OM_Automation.testBase.TestBase">
    <skipped/>
  </testcase> <!-- @AfterMethod afterMethod -->
  <testcase name="@BeforeMethod beforeMethod" time="0.0" classname="com.test.automation.OM_Automation.testBase.TestBase">
    <skipped/>
  </testcase> <!-- @BeforeMethod beforeMethod -->
  <testcase name="@BeforeMethod setUp" time="0.0" classname="com.test.automation.OM_Automation.E2E_orders.TC_01_Install_CF_with_50Mbits_">
    <skipped/>
  </testcase> <!-- @BeforeMethod setUp -->
  <testcase name="@AfterMethod afterMethod" time="0.0" classname="com.test.automation.OM_Automation.testBase.TestBase">
    <skipped/>
  </testcase> <!-- @AfterMethod afterMethod -->
  <testcase name="@BeforeMethod beforeMethod" time="0.0" classname="com.test.automation.OM_Automation.testBase.TestBase">
    <skipped/>
  </testcase> <!-- @BeforeMethod beforeMethod -->
  <testcase name="@BeforeMethod setUp" time="0.0" classname="com.test.automation.OM_Automation.E2E_orders.TC_02_Install_CF_with_100Mbits">
    <skipped/>
  </testcase> <!-- @BeforeMethod setUp -->
  <testcase name="@AfterMethod afterMethod" time="0.0" classname="com.test.automation.OM_Automation.testBase.TestBase">
    <skipped/>
  </testcase> <!-- @AfterMethod afterMethod -->
  <testcase name="@BeforeMethod beforeMethod" time="0.0" classname="com.test.automation.OM_Automation.testBase.TestBase">
    <skipped/>
  </testcase> <!-- @BeforeMethod beforeMethod -->
  <testcase name="@BeforeMethod setUp" time="0.0" classname="com.test.automation.OM_Automation.E2E_orders.TC_03_Install_CF_with_200Mbits">
    <skipped/>
  </testcase> <!-- @BeforeMethod setUp -->
  <testcase name="@AfterMethod afterMethod" time="0.0" classname="com.test.automation.OM_Automation.testBase.TestBase">
    <skipped/>
  </testcase> <!-- @AfterMethod afterMethod -->
  <testcase name="@BeforeMethod beforeMethod" time="0.0" classname="com.test.automation.OM_Automation.testBase.TestBase">
    <skipped/>
  </testcase> <!-- @BeforeMethod beforeMethod -->
  <testcase name="@BeforeMethod setUp" time="0.0" classname="com.test.automation.OM_Automation.E2E_orders.TC_01_Install_CF_with_50Mbits_">
    <skipped/>
  </testcase> <!-- @BeforeMethod setUp -->
  <testcase name="@AfterMethod afterMethod" time="0.0" classname="com.test.automation.OM_Automation.testBase.TestBase">
    <skipped/>
  </testcase> <!-- @AfterMethod afterMethod -->
  <testcase name="@BeforeMethod beforeMethod" time="0.0" classname="com.test.automation.OM_Automation.testBase.TestBase">
    <skipped/>
  </testcase> <!-- @BeforeMethod beforeMethod -->
  <testcase name="@BeforeMethod setUp" time="0.0" classname="com.test.automation.OM_Automation.E2E_orders.TC_02_Install_CF_with_100Mbits">
    <skipped/>
  </testcase> <!-- @BeforeMethod setUp -->
  <testcase name="@AfterMethod afterMethod" time="0.0" classname="com.test.automation.OM_Automation.testBase.TestBase">
    <skipped/>
  </testcase> <!-- @AfterMethod afterMethod -->
  <testcase name="@BeforeMethod beforeMethod" time="0.0" classname="com.test.automation.OM_Automation.testBase.TestBase">
    <skipped/>
  </testcase> <!-- @BeforeMethod beforeMethod -->
  <testcase name="@BeforeMethod setUp" time="0.0" classname="com.test.automation.OM_Automation.E2E_orders.TC_03_Install_CF_with_200Mbits">
    <skipped/>
  </testcase> <!-- @BeforeMethod setUp -->
  <testcase name="@AfterMethod afterMethod" time="0.0" classname="com.test.automation.OM_Automation.testBase.TestBase">
    <skipped/>
  </testcase> <!-- @AfterMethod afterMethod -->
  <testcase name="@BeforeMethod beforeMethod" time="0.0" classname="com.test.automation.OM_Automation.testBase.TestBase">
    <skipped/>
  </testcase> <!-- @BeforeMethod beforeMethod -->
  <testcase name="@BeforeMethod setUp" time="0.0" classname="com.test.automation.OM_Automation.E2E_orders.TC_01_Install_CF_with_50Mbits_">
    <skipped/>
  </testcase> <!-- @BeforeMethod setUp -->
  <testcase name="@AfterMethod afterMethod" time="0.0" classname="com.test.automation.OM_Automation.testBase.TestBase">
    <skipped/>
  </testcase> <!-- @AfterMethod afterMethod -->
  <testcase name="@BeforeMethod beforeMethod" time="0.0" classname="com.test.automation.OM_Automation.testBase.TestBase">
    <skipped/>
  </testcase> <!-- @BeforeMethod beforeMethod -->
  <testcase name="@BeforeMethod setUp" time="0.0" classname="com.test.automation.OM_Automation.E2E_orders.TC_02_Install_CF_with_100Mbits">
    <skipped/>
  </testcase> <!-- @BeforeMethod setUp -->
  <testcase name="@AfterMethod afterMethod" time="0.0" classname="com.test.automation.OM_Automation.testBase.TestBase">
    <skipped/>
  </testcase> <!-- @AfterMethod afterMethod -->
  <testcase name="@BeforeMethod beforeMethod" time="0.0" classname="com.test.automation.OM_Automation.testBase.TestBase">
    <skipped/>
  </testcase> <!-- @BeforeMethod beforeMethod -->
  <testcase name="@BeforeMethod setUp" time="0.0" classname="com.test.automation.OM_Automation.E2E_orders.TC_03_Install_CF_with_200Mbits">
    <skipped/>
  </testcase> <!-- @BeforeMethod setUp -->
  <testcase name="@AfterMethod afterMethod" time="0.0" classname="com.test.automation.OM_Automation.testBase.TestBase">
    <skipped/>
  </testcase> <!-- @AfterMethod afterMethod -->
  <testcase name="@BeforeMethod beforeMethod" time="0.0" classname="com.test.automation.OM_Automation.testBase.TestBase">
    <skipped/>
  </testcase> <!-- @BeforeMethod beforeMethod -->
  <testcase name="@BeforeMethod setUp" time="0.0" classname="com.test.automation.OM_Automation.E2E_orders.TC_01_Install_CF_with_50Mbits_">
    <skipped/>
  </testcase> <!-- @BeforeMethod setUp -->
  <testcase name="@AfterMethod afterMethod" time="0.0" classname="com.test.automation.OM_Automation.testBase.TestBase">
    <skipped/>
  </testcase> <!-- @AfterMethod afterMethod -->
  <testcase name="@BeforeMethod beforeMethod" time="0.0" classname="com.test.automation.OM_Automation.testBase.TestBase">
    <skipped/>
  </testcase> <!-- @BeforeMethod beforeMethod -->
  <testcase name="@BeforeMethod setUp" time="0.0" classname="com.test.automation.OM_Automation.E2E_orders.TC_02_Install_CF_with_100Mbits">
    <skipped/>
  </testcase> <!-- @BeforeMethod setUp -->
  <testcase name="@AfterMethod afterMethod" time="0.0" classname="com.test.automation.OM_Automation.testBase.TestBase">
    <skipped/>
  </testcase> <!-- @AfterMethod afterMethod -->
  <testcase name="@BeforeMethod beforeMethod" time="0.0" classname="com.test.automation.OM_Automation.testBase.TestBase">
    <skipped/>
  </testcase> <!-- @BeforeMethod beforeMethod -->
  <testcase name="@BeforeMethod setUp" time="0.0" classname="com.test.automation.OM_Automation.E2E_orders.TC_03_Install_CF_with_200Mbits">
    <skipped/>
  </testcase> <!-- @BeforeMethod setUp -->
  <testcase name="@AfterMethod afterMethod" time="0.0" classname="com.test.automation.OM_Automation.testBase.TestBase">
    <skipped/>
  </testcase> <!-- @AfterMethod afterMethod -->
  <testcase name="@BeforeMethod beforeMethod" time="0.0" classname="com.test.automation.OM_Automation.testBase.TestBase">
    <skipped/>
  </testcase> <!-- @BeforeMethod beforeMethod -->
  <testcase name="@BeforeMethod setUp" time="0.0" classname="com.test.automation.OM_Automation.E2E_orders.TC_01_Install_CF_with_50Mbits_">
    <skipped/>
  </testcase> <!-- @BeforeMethod setUp -->
  <testcase name="@AfterMethod afterMethod" time="0.0" classname="com.test.automation.OM_Automation.testBase.TestBase">
    <skipped/>
  </testcase> <!-- @AfterMethod afterMethod -->
  <testcase name="@AfterClass testEnd" time="0.0" classname="com.test.automation.OM_Automation.E2E_orders.TC_01_Install_CF_with_50Mbits_">
    <skipped/>
  </testcase> <!-- @AfterClass testEnd -->
  <testcase name="@AfterClass endTest" time="0.0" classname="com.test.automation.OM_Automation.testBase.TestBase">
    <skipped/>
  </testcase> <!-- @AfterClass endTest -->
  <testcase name="@BeforeMethod beforeMethod" time="0.0" classname="com.test.automation.OM_Automation.testBase.TestBase">
    <skipped/>
  </testcase> <!-- @BeforeMethod beforeMethod -->
  <testcase name="@BeforeMethod setUp" time="0.0" classname="com.test.automation.OM_Automation.E2E_orders.TC_02_Install_CF_with_100Mbits">
    <skipped/>
  </testcase> <!-- @BeforeMethod setUp -->
  <testcase name="@AfterMethod afterMethod" time="0.0" classname="com.test.automation.OM_Automation.testBase.TestBase">
    <skipped/>
  </testcase> <!-- @AfterMethod afterMethod -->
  <testcase name="@AfterClass testEnd" time="0.0" classname="com.test.automation.OM_Automation.E2E_orders.TC_02_Install_CF_with_100Mbits">
    <skipped/>
  </testcase> <!-- @AfterClass testEnd -->
  <testcase name="@AfterClass endTest" time="0.0" classname="com.test.automation.OM_Automation.testBase.TestBase">
    <skipped/>
  </testcase> <!-- @AfterClass endTest -->
  <testcase name="@BeforeMethod beforeMethod" time="0.0" classname="com.test.automation.OM_Automation.testBase.TestBase">
    <skipped/>
  </testcase> <!-- @BeforeMethod beforeMethod -->
  <testcase name="@BeforeMethod setUp" time="0.0" classname="com.test.automation.OM_Automation.E2E_orders.TC_03_Install_CF_with_200Mbits">
    <skipped/>
  </testcase> <!-- @BeforeMethod setUp -->
  <testcase name="@AfterMethod afterMethod" time="0.0" classname="com.test.automation.OM_Automation.testBase.TestBase">
    <skipped/>
  </testcase> <!-- @AfterMethod afterMethod -->
  <testcase name="@AfterClass testEnd" time="0.0" classname="com.test.automation.OM_Automation.E2E_orders.TC_03_Install_CF_with_200Mbits">
    <skipped/>
  </testcase> <!-- @AfterClass testEnd -->
  <testcase name="@AfterClass endTest" time="0.0" classname="com.test.automation.OM_Automation.testBase.TestBase">
    <skipped/>
  </testcase> <!-- @AfterClass endTest -->
  <testcase name="verifylogin" time="3.343" classname="com.test.automation.OM_Automation.E2E_orders.TC_01_Install_CF_with_50Mbits_"/>
  <testcase name="verifylogin" time="0.0" classname="com.test.automation.OM_Automation.E2E_orders.TC_02_Install_CF_with_100Mbits">
    <skipped/>
  </testcase> <!-- verifylogin -->
  <testcase name="verifylogin" time="0.0" classname="com.test.automation.OM_Automation.E2E_orders.TC_03_Install_CF_with_200Mbits">
    <skipped/>
  </testcase> <!-- verifylogin -->
  <testcase name="NewLeadCreation" time="0.0" classname="com.test.automation.OM_Automation.E2E_orders.TC_01_Install_CF_with_50Mbits_">
    <skipped/>
  </testcase> <!-- NewLeadCreation -->
  <testcase name="NewLeadCreation" time="0.0" classname="com.test.automation.OM_Automation.E2E_orders.TC_02_Install_CF_with_100Mbits">
    <skipped/>
  </testcase> <!-- NewLeadCreation -->
  <testcase name="NewLeadCreation" time="0.0" classname="com.test.automation.OM_Automation.E2E_orders.TC_03_Install_CF_with_200Mbits">
    <skipped/>
  </testcase> <!-- NewLeadCreation -->
  <testcase name="AddressValidation" time="0.0" classname="com.test.automation.OM_Automation.E2E_orders.TC_01_Install_CF_with_50Mbits_">
    <skipped/>
  </testcase> <!-- AddressValidation -->
  <testcase name="AddressValidation" time="0.0" classname="com.test.automation.OM_Automation.E2E_orders.TC_02_Install_CF_with_100Mbits">
    <skipped/>
  </testcase> <!-- AddressValidation -->
  <testcase name="AddressValidation" time="0.0" classname="com.test.automation.OM_Automation.E2E_orders.TC_03_Install_CF_with_200Mbits">
    <skipped/>
  </testcase> <!-- AddressValidation -->
  <testcase name="Opportunityconversion" time="0.0" classname="com.test.automation.OM_Automation.E2E_orders.TC_01_Install_CF_with_50Mbits_">
    <skipped/>
  </testcase> <!-- Opportunityconversion -->
  <testcase name="Opportunityconversion" time="0.0" classname="com.test.automation.OM_Automation.E2E_orders.TC_02_Install_CF_with_100Mbits">
    <skipped/>
  </testcase> <!-- Opportunityconversion -->
  <testcase name="Opportunityconversion" time="0.0" classname="com.test.automation.OM_Automation.E2E_orders.TC_03_Install_CF_with_200Mbits">
    <skipped/>
  </testcase> <!-- Opportunityconversion -->
  <testcase name="CF_ProductBasketAddition" time="0.0" classname="com.test.automation.OM_Automation.E2E_orders.TC_01_Install_CF_with_50Mbits_">
    <skipped/>
  </testcase> <!-- CF_ProductBasketAddition -->
  <testcase name="CF_ProductBasketAddition" time="0.0" classname="com.test.automation.OM_Automation.E2E_orders.TC_02_Install_CF_with_100Mbits">
    <skipped/>
  </testcase> <!-- CF_ProductBasketAddition -->
  <testcase name="CF_ProductBasketAddition" time="0.0" classname="com.test.automation.OM_Automation.E2E_orders.TC_03_Install_CF_with_200Mbits">
    <skipped/>
  </testcase> <!-- CF_ProductBasketAddition -->
  <testcase name="CF_ProductBasketConfiguration_with_50Mbits" time="0.0" classname="com.test.automation.OM_Automation.E2E_orders.TC_01_Install_CF_with_50Mbits_">
    <skipped/>
  </testcase> <!-- CF_ProductBasketConfiguration_with_50Mbits -->
  <testcase name="CF_ProductBasketConfiguration_with_100Mbits" time="0.0" classname="com.test.automation.OM_Automation.E2E_orders.TC_02_Install_CF_with_100Mbits">
    <skipped/>
  </testcase> <!-- CF_ProductBasketConfiguration_with_100Mbits -->
  <testcase name="CF_ProductBasketConfiguration_with_200Mbits" time="0.0" classname="com.test.automation.OM_Automation.E2E_orders.TC_03_Install_CF_with_200Mbits">
    <skipped/>
  </testcase> <!-- CF_ProductBasketConfiguration_with_200Mbits -->
  <testcase name="CF_Installation_Information_Configuration" time="0.0" classname="com.test.automation.OM_Automation.E2E_orders.TC_01_Install_CF_with_50Mbits_">
    <skipped/>
  </testcase> <!-- CF_Installation_Information_Configuration -->
  <testcase name="CF_Installation_Information_Configuration" time="0.0" classname="com.test.automation.OM_Automation.E2E_orders.TC_02_Install_CF_with_100Mbits">
    <skipped/>
  </testcase> <!-- CF_Installation_Information_Configuration -->
  <testcase name="CF_Installation_Information_Configuration" time="0.0" classname="com.test.automation.OM_Automation.E2E_orders.TC_03_Install_CF_with_200Mbits">
    <skipped/>
  </testcase> <!-- CF_Installation_Information_Configuration -->
  <testcase name="CF_Billing_Account_Assignment" time="0.0" classname="com.test.automation.OM_Automation.E2E_orders.TC_01_Install_CF_with_50Mbits_">
    <skipped/>
  </testcase> <!-- CF_Billing_Account_Assignment -->
  <testcase name="CF_Billing_Account_Assignment" time="0.0" classname="com.test.automation.OM_Automation.E2E_orders.TC_02_Install_CF_with_100Mbits">
    <skipped/>
  </testcase> <!-- CF_Billing_Account_Assignment -->
  <testcase name="CF_Billing_Account_Assignment" time="0.0" classname="com.test.automation.OM_Automation.E2E_orders.TC_03_Install_CF_with_200Mbits">
    <skipped/>
  </testcase> <!-- CF_Billing_Account_Assignment -->
  <testcase name="CF_Product_Basket_Upload" time="0.0" classname="com.test.automation.OM_Automation.E2E_orders.TC_01_Install_CF_with_50Mbits_">
    <skipped/>
  </testcase> <!-- CF_Product_Basket_Upload -->
  <testcase name="CF_Product_Basket_Upload" time="0.0" classname="com.test.automation.OM_Automation.E2E_orders.TC_02_Install_CF_with_100Mbits">
    <skipped/>
  </testcase> <!-- CF_Product_Basket_Upload -->
  <testcase name="CF_Product_Basket_Upload" time="0.0" classname="com.test.automation.OM_Automation.E2E_orders.TC_03_Install_CF_with_200Mbits">
    <skipped/>
  </testcase> <!-- CF_Product_Basket_Upload -->
  <testcase name="CF_Validate_Order" time="0.0" classname="com.test.automation.OM_Automation.E2E_orders.TC_01_Install_CF_with_50Mbits_">
    <skipped/>
  </testcase> <!-- CF_Validate_Order -->
  <testcase name="CF_Validate_Order" time="0.0" classname="com.test.automation.OM_Automation.E2E_orders.TC_02_Install_CF_with_100Mbits">
    <skipped/>
  </testcase> <!-- CF_Validate_Order -->
  <testcase name="CF_Validate_Order" time="0.001" classname="com.test.automation.OM_Automation.E2E_orders.TC_03_Install_CF_with_200Mbits">
    <skipped/>
  </testcase> <!-- CF_Validate_Order -->
  <testcase name="CF_SubOrders_Validation_And_Closure" time="0.0" classname="com.test.automation.OM_Automation.E2E_orders.TC_01_Install_CF_with_50Mbits_">
    <skipped/>
  </testcase> <!-- CF_SubOrders_Validation_And_Closure -->
  <testcase name="CF_SubOrders_Validation_And_Closure" time="0.0" classname="com.test.automation.OM_Automation.E2E_orders.TC_02_Install_CF_with_100Mbits">
    <skipped/>
  </testcase> <!-- CF_SubOrders_Validation_And_Closure -->
  <testcase name="CF_SubOrders_Validation_And_Closure" time="0.0" classname="com.test.automation.OM_Automation.E2E_orders.TC_03_Install_CF_with_200Mbits">
    <skipped/>
  </testcase> <!-- CF_SubOrders_Validation_And_Closure -->
</testsuite> <!-- CF orders -->
